0 info it worked if it ends with ok
1 verbose cli [ 'E:\\Program Files\\nodejs\\\\node.exe',
1 verbose cli   'E:\\Program Files\\nodejs\\node_modules\\npm\\bin\\npm-cli.js',
1 verbose cli   'install',
1 verbose cli   'java' ]
2 info using npm@1.4.21
3 info using node@v0.10.30
4 verbose node symlink E:\Program Files\nodejs\\node.exe
5 verbose readDependencies using package.json deps
6 verbose cache add [ 'java', null ]
7 verbose cache add name=undefined spec="java" args=["java",null]
8 verbose parsed url { protocol: null,
8 verbose parsed url   slashes: null,
8 verbose parsed url   auth: null,
8 verbose parsed url   host: null,
8 verbose parsed url   port: null,
8 verbose parsed url   hostname: null,
8 verbose parsed url   hash: null,
8 verbose parsed url   search: null,
8 verbose parsed url   query: null,
8 verbose parsed url   pathname: 'java',
8 verbose parsed url   path: 'java',
8 verbose parsed url   href: 'java' }
9 silly lockFile 23524be9-java java
10 verbose lock java C:\Users\Zen\AppData\Roaming\npm-cache\23524be9-java.lock
11 silly lockFile 23524be9-java java
12 silly lockFile 23524be9-java java
13 verbose addNamed [ 'java', '' ]
14 verbose addNamed [ null, '*' ]
15 silly lockFile 0f6a664b-java java@
16 verbose lock java@ C:\Users\Zen\AppData\Roaming\npm-cache\0f6a664b-java.lock
17 silly addNameRange { name: 'java', range: '*', hasData: false }
18 verbose request where is /java
19 verbose request registry https://registry.npmjs.org/
20 verbose request id 42d40cf34672bcf9
21 verbose url raw /java
22 verbose url resolving [ 'https://registry.npmjs.org/', './java' ]
23 verbose url resolved https://registry.npmjs.org/java
24 verbose request where is https://registry.npmjs.org/java
25 info trying registry request attempt 1 at 09:24:52
26 http GET https://registry.npmjs.org/java
27 http 200 https://registry.npmjs.org/java
28 silly registry.get cb [ 200,
28 silly registry.get   { date: 'Sat, 13 Sep 2014 02:24:51 GMT',
28 silly registry.get     server: 'CouchDB/1.5.0 (Erlang OTP/R16B03)',
28 silly registry.get     etag: '"6O8O3IGCAAB4VLH8AZ2OFVXQV"',
28 silly registry.get     'content-type': 'application/json',
28 silly registry.get     'cache-control': 'max-age=60',
28 silly registry.get     'content-length': '51589',
28 silly registry.get     'accept-ranges': 'bytes',
28 silly registry.get     via: '1.1 varnish',
28 silly registry.get     age: '0',
28 silly registry.get     'x-served-by': 'cache-hk90-HKG',
28 silly registry.get     'x-cache': 'MISS',
28 silly registry.get     'x-cache-hits': '0',
28 silly registry.get     'x-timer': 'S1410575089.960046,VS0,VE1076',
28 silly registry.get     vary: 'Accept',
28 silly registry.get     'keep-alive': 'timeout=10, max=50',
28 silly registry.get     connection: 'Keep-Alive' } ]
29 silly addNameRange number 2 { name: 'java', range: '*', hasData: true }
30 silly addNameRange versions [ 'java',
30 silly addNameRange   [ '0.0.1',
30 silly addNameRange     '0.0.2',
30 silly addNameRange     '0.0.3',
30 silly addNameRange     '0.0.4',
30 silly addNameRange     '0.0.5',
30 silly addNameRange     '0.0.6',
30 silly addNameRange     '0.1.0',
30 silly addNameRange     '0.1.1',
30 silly addNameRange     '0.1.2',
30 silly addNameRange     '0.1.3',
30 silly addNameRange     '0.2.0',
30 silly addNameRange     '0.2.1',
30 silly addNameRange     '0.2.2',
30 silly addNameRange     '0.2.3',
30 silly addNameRange     '0.2.4',
30 silly addNameRange     '0.2.5',
30 silly addNameRange     '0.2.6',
30 silly addNameRange     '0.2.7',
30 silly addNameRange     '0.2.8',
30 silly addNameRange     '0.2.9',
30 silly addNameRange     '0.3.0',
30 silly addNameRange     '0.3.1',
30 silly addNameRange     '0.3.2',
30 silly addNameRange     '0.3.3',
30 silly addNameRange     '0.3.4',
30 silly addNameRange     '0.3.5',
30 silly addNameRange     '0.3.6',
30 silly addNameRange     '0.4.0',
30 silly addNameRange     '0.4.1',
30 silly addNameRange     '0.4.2' ] ]
31 verbose addNamed [ 'java', '0.4.2' ]
32 verbose addNamed [ '0.4.2', '0.4.2' ]
33 silly lockFile 338ac095-java-0-4-2 java@0.4.2
34 verbose lock java@0.4.2 C:\Users\Zen\AppData\Roaming\npm-cache\338ac095-java-0-4-2.lock
35 silly lockFile 51d3c25f-ry-npmjs-org-java-java-0-4-2-tgz https://registry.npmjs.org/java/-/java-0.4.2.tgz
36 verbose lock https://registry.npmjs.org/java/-/java-0.4.2.tgz C:\Users\Zen\AppData\Roaming\npm-cache\51d3c25f-ry-npmjs-org-java-java-0-4-2-tgz.lock
37 verbose addRemoteTarball [ 'https://registry.npmjs.org/java/-/java-0.4.2.tgz',
37 verbose addRemoteTarball   '893e609268d2b7d8ddde3a910f44bfb68b2b4276' ]
38 info retry fetch attempt 1 at 09:24:54
39 verbose fetch to= C:\Users\Zen\AppData\Local\Temp\npm-7908-jviMBL8v\registry.npmjs.org\java\-\java-0.4.2.tgz
40 http GET https://registry.npmjs.org/java/-/java-0.4.2.tgz
41 http 200 https://registry.npmjs.org/java/-/java-0.4.2.tgz
42 silly lockFile 51d3c25f-ry-npmjs-org-java-java-0-4-2-tgz https://registry.npmjs.org/java/-/java-0.4.2.tgz
43 silly lockFile 51d3c25f-ry-npmjs-org-java-java-0-4-2-tgz https://registry.npmjs.org/java/-/java-0.4.2.tgz
44 silly lockFile 338ac095-java-0-4-2 java@0.4.2
45 silly lockFile 338ac095-java-0-4-2 java@0.4.2
46 silly lockFile 0f6a664b-java java@
47 silly lockFile 0f6a664b-java java@
48 silly resolved [ { name: 'java',
48 silly resolved     description: 'Bridge API to connect with existing Java APIs.',
48 silly resolved     author: { name: 'Joe Ferner', email: 'joe@fernsroth.com' },
48 silly resolved     keywords: [ 'java', 'jvm', 'bridge' ],
48 silly resolved     version: '0.4.2',
48 silly resolved     engines: { node: '>=0.8.0' },
48 silly resolved     maintainers: [ [Object] ],
48 silly resolved     bugs: { url: 'https://github.com/joeferner/node-java/issues' },
48 silly resolved     license: 'MIT',
48 silly resolved     repository:
48 silly resolved      { type: 'git',
48 silly resolved        url: 'https://github.com/joeferner/node-java.git' },
48 silly resolved     dependencies: { 'find-java-home': '0.1.1', glob: '~3.2.9', nan: '1.2.0' },
48 silly resolved     devDependencies: { async: '~0.1.22', nodeunit: '0.9.0' },
48 silly resolved     scripts:
48 silly resolved      { test: 'nodeunit test',
48 silly resolved        postinstall: 'node postInstall.js',
48 silly resolved        install: 'node-gyp rebuild' },
48 silly resolved     main: './index.js',
48 silly resolved     gypfile: true,
48 silly resolved     gitHead: '95f30746f2928dc7bf9b03a1594b4a463af25918',
48 silly resolved     homepage: 'https://github.com/joeferner/node-java',
48 silly resolved     _id: 'java@0.4.2',
48 silly resolved     _shasum: '893e609268d2b7d8ddde3a910f44bfb68b2b4276',
48 silly resolved     _from: 'java@',
48 silly resolved     _npmVersion: '1.4.14',
48 silly resolved     _npmUser: { name: 'joeferner', email: 'joe@fernsroth.com' },
48 silly resolved     dist:
48 silly resolved      { shasum: '893e609268d2b7d8ddde3a910f44bfb68b2b4276',
48 silly resolved        tarball: 'http://registry.npmjs.org/java/-/java-0.4.2.tgz' },
48 silly resolved     directories: {},
48 silly resolved     _resolved: 'https://registry.npmjs.org/java/-/java-0.4.2.tgz' } ]
49 info install java@0.4.2 into E:\RedimedProject\Projects\redimedProjStruct
50 info installOne java@0.4.2
51 verbose node_modules\java unbuild
52 info preuninstall java@0.4.2
53 info uninstall java@0.4.2
54 verbose true,E:\RedimedProject\Projects\redimedProjStruct\node_modules,E:\RedimedProject\Projects\redimedProjStruct\node_modules unbuild java@0.4.2
55 info postuninstall java@0.4.2
56 verbose tar unpack C:\Users\Zen\AppData\Roaming\npm-cache\java\0.4.2\package.tgz
57 silly lockFile e642c657-imedProjStruct-node-modules-java tar://E:\RedimedProject\Projects\redimedProjStruct\node_modules\java
58 verbose lock tar://E:\RedimedProject\Projects\redimedProjStruct\node_modules\java C:\Users\Zen\AppData\Roaming\npm-cache\e642c657-imedProjStruct-node-modules-java.lock
59 silly lockFile f0f24487-npm-cache-java-0-4-2-package-tgz tar://C:\Users\Zen\AppData\Roaming\npm-cache\java\0.4.2\package.tgz
60 verbose lock tar://C:\Users\Zen\AppData\Roaming\npm-cache\java\0.4.2\package.tgz C:\Users\Zen\AppData\Roaming\npm-cache\f0f24487-npm-cache-java-0-4-2-package-tgz.lock
61 silly gunzTarPerm modes [ '777', '666' ]
62 silly gunzTarPerm extractEntry package.json
63 silly gunzTarPerm modified mode [ 'package.json', 436, 438 ]
64 silly gunzTarPerm extractEntry .npmignore
65 silly gunzTarPerm modified mode [ '.npmignore', 436, 438 ]
66 silly gunzTarPerm extractEntry README.md
67 silly gunzTarPerm modified mode [ 'README.md', 436, 438 ]
68 silly gunzTarPerm extractEntry LICENSE
69 silly gunzTarPerm modified mode [ 'LICENSE', 436, 438 ]
70 silly gunzTarPerm extractEntry postInstall.js
71 silly gunzTarPerm modified mode [ 'postInstall.js', 436, 438 ]
72 silly gunzTarPerm extractEntry mnm.js
73 silly gunzTarPerm modified mode [ 'mnm.js', 509, 511 ]
74 silly gunzTarPerm extractEntry index.js
75 silly gunzTarPerm modified mode [ 'index.js', 436, 438 ]
76 silly gunzTarPerm extractEntry findJavaHome.js
77 silly gunzTarPerm modified mode [ 'findJavaHome.js', 420, 438 ]
78 silly gunzTarPerm extractEntry testHelpers.js
79 silly gunzTarPerm modified mode [ 'testHelpers.js', 436, 438 ]
80 silly gunzTarPerm extractEntry binding.gyp
81 silly gunzTarPerm modified mode [ 'binding.gyp', 436, 438 ]
82 silly gunzTarPerm extractEntry examples/lucene/example.js
83 silly gunzTarPerm modified mode [ 'examples/lucene/example.js', 509, 511 ]
84 silly gunzTarPerm extractEntry examples/lucene/lucene-core-3.5.0.jar
85 silly gunzTarPerm modified mode [ 'examples/lucene/lucene-core-3.5.0.jar', 436, 438 ]
86 silly gunzTarPerm extractEntry examples/mixJavaAndNode/runMyClass.js
87 silly gunzTarPerm modified mode [ 'examples/mixJavaAndNode/runMyClass.js', 509, 511 ]
88 silly gunzTarPerm extractEntry examples/mixJavaAndNode/src/com/nearinfinity/nodeJava/MyClass.class
89 silly gunzTarPerm modified mode [ 'examples/mixJavaAndNode/src/com/nearinfinity/nodeJava/MyClass.class',
89 silly gunzTarPerm   436,
89 silly gunzTarPerm   438 ]
90 silly gunzTarPerm extractEntry examples/mixJavaAndNode/src/com/nearinfinity/nodeJava/MyClass.java
91 silly gunzTarPerm modified mode [ 'examples/mixJavaAndNode/src/com/nearinfinity/nodeJava/MyClass.java',
91 silly gunzTarPerm   436,
91 silly gunzTarPerm   438 ]
92 silly gunzTarPerm extractEntry .travis.yml
93 silly gunzTarPerm modified mode [ '.travis.yml', 436, 438 ]
94 silly gunzTarPerm extractEntry compile-java-code.sh
95 silly gunzTarPerm modified mode [ 'compile-java-code.sh', 509, 511 ]
96 silly gunzTarPerm extractEntry node-java.cbp
97 silly gunzTarPerm modified mode [ 'node-java.cbp', 436, 438 ]
98 silly gunzTarPerm extractEntry test/utils-types-test.js
99 silly gunzTarPerm modified mode [ 'test/utils-types-test.js', 436, 438 ]
100 silly gunzTarPerm extractEntry test/simple-test.js
101 silly gunzTarPerm modified mode [ 'test/simple-test.js', 436, 438 ]
102 silly gunzTarPerm extractEntry test/javaObject-test.js
103 silly gunzTarPerm modified mode [ 'test/javaObject-test.js', 436, 438 ]
104 silly gunzTarPerm extractEntry test/java-staticField-test.js
105 silly gunzTarPerm modified mode [ 'test/java-staticField-test.js', 436, 438 ]
106 silly gunzTarPerm extractEntry test/java-newInstance-test.js
107 silly gunzTarPerm modified mode [ 'test/java-newInstance-test.js', 436, 438 ]
108 silly gunzTarPerm extractEntry test/java-callStaticMethod-test.js
109 silly gunzTarPerm modified mode [ 'test/java-callStaticMethod-test.js', 436, 438 ]
110 silly gunzTarPerm extractEntry test/java-ambiguousMethod-test.js
111 silly gunzTarPerm modified mode [ 'test/java-ambiguousMethod-test.js', 436, 438 ]
112 silly gunzTarPerm extractEntry test/instanceof-test.js
113 silly gunzTarPerm modified mode [ 'test/instanceof-test.js', 420, 438 ]
114 silly gunzTarPerm extractEntry test/importClass-test.js
115 silly gunzTarPerm modified mode [ 'test/importClass-test.js', 436, 438 ]
116 silly gunzTarPerm extractEntry test/dynamicProxy-test.js
117 silly gunzTarPerm modified mode [ 'test/dynamicProxy-test.js', 436, 438 ]
118 silly gunzTarPerm extractEntry test/awt-test.js
119 silly gunzTarPerm modified mode [ 'test/awt-test.js', 436, 438 ]
120 silly gunzTarPerm extractEntry test/Test$SubClass.class
121 silly gunzTarPerm modified mode [ 'test/Test$SubClass.class', 436, 438 ]
122 silly gunzTarPerm extractEntry test/TestExceptions.java
123 silly gunzTarPerm modified mode [ 'test/TestExceptions.java', 436, 438 ]
124 silly gunzTarPerm extractEntry test/commons-lang3-3.1.jar
125 silly gunzTarPerm modified mode [ 'test/commons-lang3-3.1.jar', 436, 438 ]
126 silly gunzTarPerm extractEntry test/TestExceptions.class
127 silly gunzTarPerm modified mode [ 'test/TestExceptions.class', 420, 438 ]
128 silly gunzTarPerm extractEntry test/Test.java
129 silly gunzTarPerm modified mode [ 'test/Test.java', 436, 438 ]
130 silly gunzTarPerm extractEntry test/Test.class
131 silly gunzTarPerm modified mode [ 'test/Test.class', 436, 438 ]
132 silly gunzTarPerm extractEntry test/Test$SuperClass.class
133 silly gunzTarPerm modified mode [ 'test/Test$SuperClass.class', 436, 438 ]
134 silly gunzTarPerm extractEntry test/RunInterface$Interface1Arg.class
135 silly gunzTarPerm modified mode [ 'test/RunInterface$Interface1Arg.class', 420, 438 ]
136 silly gunzTarPerm extractEntry test/Test$StaticEnum.class
137 silly gunzTarPerm modified mode [ 'test/Test$StaticEnum.class', 436, 438 ]
138 silly gunzTarPerm extractEntry test/RunInterface.java
139 silly gunzTarPerm modified mode [ 'test/RunInterface.java', 436, 438 ]
140 silly gunzTarPerm extractEntry test/RunInterface.class
141 silly gunzTarPerm modified mode [ 'test/RunInterface.class', 420, 438 ]
142 silly gunzTarPerm extractEntry test/nodejs.png
143 silly gunzTarPerm modified mode [ 'test/nodejs.png', 436, 438 ]
144 silly gunzTarPerm extractEntry test/RunInterface$InterfaceWithReturn.class
145 silly gunzTarPerm modified mode [ 'test/RunInterface$InterfaceWithReturn.class', 420, 438 ]
146 silly gunzTarPerm extractEntry test/RunInterface$Interface0Arg.class
147 silly gunzTarPerm modified mode [ 'test/RunInterface$Interface0Arg.class', 420, 438 ]
148 silly gunzTarPerm extractEntry commons-lang3-node-java.jar
149 silly gunzTarPerm modified mode [ 'commons-lang3-node-java.jar', 436, 438 ]
150 silly gunzTarPerm extractEntry jarjar.rule
151 silly gunzTarPerm modified mode [ 'jarjar.rule', 436, 438 ]
152 silly gunzTarPerm extractEntry projectFilesBackup/.idea/libraries/sass_stdlib.xml
153 silly gunzTarPerm modified mode [ 'projectFilesBackup/.idea/libraries/sass_stdlib.xml',
153 silly gunzTarPerm   436,
153 silly gunzTarPerm   438 ]
154 silly gunzTarPerm extractEntry projectFilesBackup1/.idea/libraries/sass_stdlib.xml
155 silly gunzTarPerm modified mode [ 'projectFilesBackup1/.idea/libraries/sass_stdlib.xml',
155 silly gunzTarPerm   436,
155 silly gunzTarPerm   438 ]
156 silly gunzTarPerm extractEntry src/methodCallBaton.cpp
157 silly gunzTarPerm modified mode [ 'src/methodCallBaton.cpp', 436, 438 ]
158 silly gunzTarPerm extractEntry src/java.cpp
159 silly gunzTarPerm modified mode [ 'src/java.cpp', 436, 438 ]
160 silly gunzTarPerm extractEntry src/javaObject.cpp
161 silly gunzTarPerm modified mode [ 'src/javaObject.cpp', 436, 438 ]
162 silly gunzTarPerm extractEntry src/javaObject.h
163 silly gunzTarPerm modified mode [ 'src/javaObject.h', 436, 438 ]
164 silly gunzTarPerm extractEntry src/javaScope.cpp
165 silly gunzTarPerm modified mode [ 'src/javaScope.cpp', 436, 438 ]
166 silly gunzTarPerm extractEntry src/javaScope.h
167 silly gunzTarPerm modified mode [ 'src/javaScope.h', 436, 438 ]
168 silly gunzTarPerm extractEntry src/java.h
169 silly gunzTarPerm modified mode [ 'src/java.h', 436, 438 ]
170 silly gunzTarPerm extractEntry src/methodCallBaton.h
171 silly gunzTarPerm modified mode [ 'src/methodCallBaton.h', 436, 438 ]
172 silly gunzTarPerm extractEntry src/nodeJavaBridge.cpp
173 silly gunzTarPerm modified mode [ 'src/nodeJavaBridge.cpp', 436, 438 ]
174 silly gunzTarPerm extractEntry src/node_NodeDynamicProxyClass.h
175 silly gunzTarPerm modified mode [ 'src/node_NodeDynamicProxyClass.h', 436, 438 ]
176 silly gunzTarPerm extractEntry src/utils.cpp
177 silly gunzTarPerm modified mode [ 'src/utils.cpp', 436, 438 ]
178 silly gunzTarPerm extractEntry src/utils.h
179 silly gunzTarPerm modified mode [ 'src/utils.h', 436, 438 ]
180 silly gunzTarPerm extractEntry src-java/node/CastingUtils.class
181 silly gunzTarPerm modified mode [ 'src-java/node/CastingUtils.class', 436, 438 ]
182 silly gunzTarPerm extractEntry src-java/node/CastingUtils.java
183 silly gunzTarPerm modified mode [ 'src-java/node/CastingUtils.java', 436, 438 ]
184 silly gunzTarPerm extractEntry src-java/node/NodeDynamicProxyClass.class
185 silly gunzTarPerm modified mode [ 'src-java/node/NodeDynamicProxyClass.class', 436, 438 ]
186 silly gunzTarPerm extractEntry src-java/node/NodeDynamicProxyClass.java
187 silly gunzTarPerm modified mode [ 'src-java/node/NodeDynamicProxyClass.java', 436, 438 ]
188 silly gunzTarPerm extractEntry lib/nodeJavaBridge.js
189 silly gunzTarPerm modified mode [ 'lib/nodeJavaBridge.js', 436, 438 ]
190 silly lockFile e642c657-imedProjStruct-node-modules-java tar://E:\RedimedProject\Projects\redimedProjStruct\node_modules\java
191 silly lockFile e642c657-imedProjStruct-node-modules-java tar://E:\RedimedProject\Projects\redimedProjStruct\node_modules\java
192 silly lockFile f0f24487-npm-cache-java-0-4-2-package-tgz tar://C:\Users\Zen\AppData\Roaming\npm-cache\java\0.4.2\package.tgz
193 silly lockFile f0f24487-npm-cache-java-0-4-2-package-tgz tar://C:\Users\Zen\AppData\Roaming\npm-cache\java\0.4.2\package.tgz
194 info preinstall java@0.4.2
195 verbose readDependencies using package.json deps
196 verbose readDependencies using package.json deps
197 verbose cache add [ 'find-java-home@0.1.1', null ]
198 verbose cache add name=undefined spec="find-java-home@0.1.1" args=["find-java-home@0.1.1",null]
199 verbose parsed url { protocol: null,
199 verbose parsed url   slashes: null,
199 verbose parsed url   auth: null,
199 verbose parsed url   host: null,
199 verbose parsed url   port: null,
199 verbose parsed url   hostname: null,
199 verbose parsed url   hash: null,
199 verbose parsed url   search: null,
199 verbose parsed url   query: null,
199 verbose parsed url   pathname: 'find-java-home@0.1.1',
199 verbose parsed url   path: 'find-java-home@0.1.1',
199 verbose parsed url   href: 'find-java-home@0.1.1' }
200 verbose cache add [ 'glob@~3.2.9', null ]
201 verbose cache add name=undefined spec="glob@~3.2.9" args=["glob@~3.2.9",null]
202 verbose parsed url { protocol: null,
202 verbose parsed url   slashes: null,
202 verbose parsed url   auth: null,
202 verbose parsed url   host: null,
202 verbose parsed url   port: null,
202 verbose parsed url   hostname: null,
202 verbose parsed url   hash: null,
202 verbose parsed url   search: null,
202 verbose parsed url   query: null,
202 verbose parsed url   pathname: 'glob@~3.2.9',
202 verbose parsed url   path: 'glob@~3.2.9',
202 verbose parsed url   href: 'glob@~3.2.9' }
203 verbose cache add [ 'nan@1.2.0', null ]
204 verbose cache add name=undefined spec="nan@1.2.0" args=["nan@1.2.0",null]
205 verbose parsed url { protocol: null,
205 verbose parsed url   slashes: null,
205 verbose parsed url   auth: null,
205 verbose parsed url   host: null,
205 verbose parsed url   port: null,
205 verbose parsed url   hostname: null,
205 verbose parsed url   hash: null,
205 verbose parsed url   search: null,
205 verbose parsed url   query: null,
205 verbose parsed url   pathname: 'nan@1.2.0',
205 verbose parsed url   path: 'nan@1.2.0',
205 verbose parsed url   href: 'nan@1.2.0' }
206 verbose cache add name="find-java-home" spec="0.1.1" args=["find-java-home","0.1.1"]
207 verbose parsed url { protocol: null,
207 verbose parsed url   slashes: null,
207 verbose parsed url   auth: null,
207 verbose parsed url   host: null,
207 verbose parsed url   port: null,
207 verbose parsed url   hostname: null,
207 verbose parsed url   hash: null,
207 verbose parsed url   search: null,
207 verbose parsed url   query: null,
207 verbose parsed url   pathname: '0.1.1',
207 verbose parsed url   path: '0.1.1',
207 verbose parsed url   href: '0.1.1' }
208 verbose addNamed [ 'find-java-home', '0.1.1' ]
209 verbose addNamed [ '0.1.1', '0.1.1' ]
210 silly lockFile c6846668-find-java-home-0-1-1 find-java-home@0.1.1
211 verbose lock find-java-home@0.1.1 C:\Users\Zen\AppData\Roaming\npm-cache\c6846668-find-java-home-0-1-1.lock
212 verbose cache add name="glob" spec="~3.2.9" args=["glob","~3.2.9"]
213 verbose parsed url { protocol: null,
213 verbose parsed url   slashes: null,
213 verbose parsed url   auth: null,
213 verbose parsed url   host: null,
213 verbose parsed url   port: null,
213 verbose parsed url   hostname: null,
213 verbose parsed url   hash: null,
213 verbose parsed url   search: null,
213 verbose parsed url   query: null,
213 verbose parsed url   pathname: '~3.2.9',
213 verbose parsed url   path: '~3.2.9',
213 verbose parsed url   href: '~3.2.9' }
214 verbose addNamed [ 'glob', '~3.2.9' ]
215 verbose addNamed [ null, '>=3.2.9-0 <3.3.0-0' ]
216 silly lockFile 200db29c-glob-3-2-9 glob@~3.2.9
217 verbose lock glob@~3.2.9 C:\Users\Zen\AppData\Roaming\npm-cache\200db29c-glob-3-2-9.lock
218 verbose cache add name="nan" spec="1.2.0" args=["nan","1.2.0"]
219 verbose parsed url { protocol: null,
219 verbose parsed url   slashes: null,
219 verbose parsed url   auth: null,
219 verbose parsed url   host: null,
219 verbose parsed url   port: null,
219 verbose parsed url   hostname: null,
219 verbose parsed url   hash: null,
219 verbose parsed url   search: null,
219 verbose parsed url   query: null,
219 verbose parsed url   pathname: '1.2.0',
219 verbose parsed url   path: '1.2.0',
219 verbose parsed url   href: '1.2.0' }
220 verbose addNamed [ 'nan', '1.2.0' ]
221 verbose addNamed [ '1.2.0', '1.2.0' ]
222 silly lockFile 859d0f28-nan-1-2-0 nan@1.2.0
223 verbose lock nan@1.2.0 C:\Users\Zen\AppData\Roaming\npm-cache\859d0f28-nan-1-2-0.lock
224 silly addNameRange { name: 'glob', range: '>=3.2.9-0 <3.3.0-0', hasData: false }
225 verbose request where is /find-java-home
226 verbose request registry https://registry.npmjs.org/
227 verbose url raw /find-java-home
228 verbose url resolving [ 'https://registry.npmjs.org/', './find-java-home' ]
229 verbose url resolved https://registry.npmjs.org/find-java-home
230 verbose request where is https://registry.npmjs.org/find-java-home
231 info trying registry request attempt 1 at 09:25:04
232 http GET https://registry.npmjs.org/find-java-home
233 verbose request where is /glob
234 verbose request registry https://registry.npmjs.org/
235 verbose url raw /glob
236 verbose url resolving [ 'https://registry.npmjs.org/', './glob' ]
237 verbose url resolved https://registry.npmjs.org/glob
238 verbose request where is https://registry.npmjs.org/glob
239 info trying registry request attempt 1 at 09:25:04
240 verbose etag "1WSP1RLX0E4IXUZTYMNGTRIOY"
241 http GET https://registry.npmjs.org/glob
242 verbose request where is /nan
243 verbose request registry https://registry.npmjs.org/
244 verbose url raw /nan
245 verbose url resolving [ 'https://registry.npmjs.org/', './nan' ]
246 verbose url resolved https://registry.npmjs.org/nan
247 verbose request where is https://registry.npmjs.org/nan
248 info trying registry request attempt 1 at 09:25:04
249 verbose etag "EHSGUSL5485V42YB6X3SJ857Q"
250 http GET https://registry.npmjs.org/nan
251 http 200 https://registry.npmjs.org/find-java-home
252 silly registry.get cb [ 200,
252 silly registry.get   { date: 'Sat, 13 Sep 2014 02:25:02 GMT',
252 silly registry.get     server: 'CouchDB/1.5.0 (Erlang OTP/R16B03)',
252 silly registry.get     etag: '"2XINMJL5SOYZZ6XW7KQX6CPYR"',
252 silly registry.get     'content-type': 'application/json',
252 silly registry.get     'cache-control': 'max-age=60',
252 silly registry.get     'content-length': '10668',
252 silly registry.get     'accept-ranges': 'bytes',
252 silly registry.get     via: '1.1 varnish',
252 silly registry.get     age: '0',
252 silly registry.get     'x-served-by': 'cache-hk91-HKG',
252 silly registry.get     'x-cache': 'MISS',
252 silly registry.get     'x-cache-hits': '0',
252 silly registry.get     'x-timer': 'S1410575101.672852,VS0,VE707',
252 silly registry.get     vary: 'Accept',
252 silly registry.get     'keep-alive': 'timeout=10, max=50',
252 silly registry.get     connection: 'Keep-Alive' } ]
253 silly lockFile 1e10c33f-va-home-find-java-home-0-1-1-tgz https://registry.npmjs.org/find-java-home/-/find-java-home-0.1.1.tgz
254 verbose lock https://registry.npmjs.org/find-java-home/-/find-java-home-0.1.1.tgz C:\Users\Zen\AppData\Roaming\npm-cache\1e10c33f-va-home-find-java-home-0-1-1-tgz.lock
255 verbose addRemoteTarball [ 'https://registry.npmjs.org/find-java-home/-/find-java-home-0.1.1.tgz',
255 verbose addRemoteTarball   '208546371ff78761608e18f7bb282718f8f58e39' ]
256 info retry fetch attempt 1 at 09:25:05
257 verbose fetch to= C:\Users\Zen\AppData\Local\Temp\npm-7908-jviMBL8v\registry.npmjs.org\find-java-home\-\find-java-home-0.1.1.tgz
258 http GET https://registry.npmjs.org/find-java-home/-/find-java-home-0.1.1.tgz
259 http 304 https://registry.npmjs.org/nan
260 silly registry.get cb [ 304,
260 silly registry.get   { date: 'Sat, 13 Sep 2014 02:25:01 GMT',
260 silly registry.get     server: 'Apache',
260 silly registry.get     via: '1.1 varnish',
260 silly registry.get     'last-modified': 'Sat, 13 Sep 2014 02:25:02 GMT',
260 silly registry.get     'cache-control': 'max-age=60',
260 silly registry.get     etag: '"EHSGUSL5485V42YB6X3SJ857Q"',
260 silly registry.get     'x-served-by': 'cache-hk90-HKG',
260 silly registry.get     'x-cache': 'HIT',
260 silly registry.get     'x-cache-hits': '1',
260 silly registry.get     'x-timer': 'S1410575101.774898,VS0,VE705',
260 silly registry.get     vary: 'Accept',
260 silly registry.get     'content-length': '0',
260 silly registry.get     'keep-alive': 'timeout=10, max=50',
260 silly registry.get     connection: 'Keep-Alive' } ]
261 verbose etag https://registry.npmjs.org/nan from cache
262 silly lockFile 343fa712-stry-npmjs-org-nan-nan-1-2-0-tgz https://registry.npmjs.org/nan/-/nan-1.2.0.tgz
263 verbose lock https://registry.npmjs.org/nan/-/nan-1.2.0.tgz C:\Users\Zen\AppData\Roaming\npm-cache\343fa712-stry-npmjs-org-nan-nan-1-2-0-tgz.lock
264 verbose addRemoteTarball [ 'https://registry.npmjs.org/nan/-/nan-1.2.0.tgz',
264 verbose addRemoteTarball   '9c4d63ce9e4f8e95de2d574e18f7925554a8a8ef' ]
265 info retry fetch attempt 1 at 09:25:05
266 verbose fetch to= C:\Users\Zen\AppData\Local\Temp\npm-7908-jviMBL8v\registry.npmjs.org\nan\-\nan-1.2.0.tgz
267 http GET https://registry.npmjs.org/nan/-/nan-1.2.0.tgz
268 http 304 https://registry.npmjs.org/glob
269 silly registry.get cb [ 304,
269 silly registry.get   { date: 'Sat, 13 Sep 2014 02:25:01 GMT',
269 silly registry.get     server: 'Apache',
269 silly registry.get     via: '1.1 varnish',
269 silly registry.get     'last-modified': 'Sat, 13 Sep 2014 02:25:02 GMT',
269 silly registry.get     'cache-control': 'max-age=60',
269 silly registry.get     etag: '"1WSP1RLX0E4IXUZTYMNGTRIOY"',
269 silly registry.get     'x-served-by': 'cache-hk92-HKG',
269 silly registry.get     'x-cache': 'HIT',
269 silly registry.get     'x-cache-hits': '1',
269 silly registry.get     'x-timer': 'S1410575101.751153,VS0,VE955',
269 silly registry.get     vary: 'Accept',
269 silly registry.get     'content-length': '0',
269 silly registry.get     'keep-alive': 'timeout=10, max=50',
269 silly registry.get     connection: 'Keep-Alive' } ]
270 verbose etag https://registry.npmjs.org/glob from cache
271 silly addNameRange number 2 { name: 'glob', range: '>=3.2.9-0 <3.3.0-0', hasData: true }
272 silly addNameRange versions [ 'glob',
272 silly addNameRange   [ '1.1.0',
272 silly addNameRange     '2.0.9',
272 silly addNameRange     '2.0.8',
272 silly addNameRange     '2.0.7',
272 silly addNameRange     '2.1.0',
272 silly addNameRange     '3.0.0',
272 silly addNameRange     '3.0.1',
272 silly addNameRange     '3.1.0',
272 silly addNameRange     '3.1.1',
272 silly addNameRange     '3.1.2',
272 silly addNameRange     '3.1.3',
272 silly addNameRange     '3.1.4',
272 silly addNameRange     '3.1.5',
272 silly addNameRange     '3.1.6',
272 silly addNameRange     '3.1.7',
272 silly addNameRange     '3.1.9',
272 silly addNameRange     '3.1.10',
272 silly addNameRange     '3.1.11',
272 silly addNameRange     '3.1.12',
272 silly addNameRange     '3.1.13',
272 silly addNameRange     '3.1.14',
272 silly addNameRange     '3.1.15',
272 silly addNameRange     '3.1.16',
272 silly addNameRange     '3.1.17',
272 silly addNameRange     '3.1.18',
272 silly addNameRange     '3.1.19',
272 silly addNameRange     '3.1.20',
272 silly addNameRange     '3.1.21',
272 silly addNameRange     '3.2.0',
272 silly addNameRange     '3.2.1',
272 silly addNameRange     '3.2.3',
272 silly addNameRange     '3.2.4',
272 silly addNameRange     '3.2.5',
272 silly addNameRange     '3.2.6',
272 silly addNameRange     '3.2.7',
272 silly addNameRange     '3.2.8',
272 silly addNameRange     '3.2.9',
272 silly addNameRange     '3.2.10',
272 silly addNameRange     '3.2.11',
272 silly addNameRange     '4.0.0',
272 silly addNameRange     '4.0.1',
272 silly addNameRange     '4.0.2',
272 silly addNameRange     '4.0.3',
272 silly addNameRange     '4.0.4',
272 silly addNameRange     '4.0.5' ] ]
273 verbose addNamed [ 'glob', '3.2.11' ]
274 verbose addNamed [ '3.2.11', '3.2.11' ]
275 silly lockFile 3fffafa6-glob-3-2-11 glob@3.2.11
276 verbose lock glob@3.2.11 C:\Users\Zen\AppData\Roaming\npm-cache\3fffafa6-glob-3-2-11.lock
277 http 200 https://registry.npmjs.org/nan/-/nan-1.2.0.tgz
278 silly lockFile 3fffafa6-glob-3-2-11 glob@3.2.11
279 silly lockFile 3fffafa6-glob-3-2-11 glob@3.2.11
280 silly lockFile 200db29c-glob-3-2-9 glob@~3.2.9
281 silly lockFile 200db29c-glob-3-2-9 glob@~3.2.9
282 silly lockFile 343fa712-stry-npmjs-org-nan-nan-1-2-0-tgz https://registry.npmjs.org/nan/-/nan-1.2.0.tgz
283 silly lockFile 343fa712-stry-npmjs-org-nan-nan-1-2-0-tgz https://registry.npmjs.org/nan/-/nan-1.2.0.tgz
284 silly lockFile 859d0f28-nan-1-2-0 nan@1.2.0
285 silly lockFile 859d0f28-nan-1-2-0 nan@1.2.0
286 http 200 https://registry.npmjs.org/find-java-home/-/find-java-home-0.1.1.tgz
287 silly lockFile 1e10c33f-va-home-find-java-home-0-1-1-tgz https://registry.npmjs.org/find-java-home/-/find-java-home-0.1.1.tgz
288 silly lockFile 1e10c33f-va-home-find-java-home-0-1-1-tgz https://registry.npmjs.org/find-java-home/-/find-java-home-0.1.1.tgz
289 silly lockFile c6846668-find-java-home-0-1-1 find-java-home@0.1.1
290 silly lockFile c6846668-find-java-home-0-1-1 find-java-home@0.1.1
291 silly resolved [ { author:
291 silly resolved      { name: 'Isaac Z. Schlueter',
291 silly resolved        email: 'i@izs.me',
291 silly resolved        url: 'http://blog.izs.me/' },
291 silly resolved     name: 'glob',
291 silly resolved     description: 'a little globber',
291 silly resolved     version: '3.2.11',
291 silly resolved     repository: { type: 'git', url: 'git://github.com/isaacs/node-glob.git' },
291 silly resolved     main: 'glob.js',
291 silly resolved     engines: { node: '*' },
291 silly resolved     dependencies: { inherits: '2', minimatch: '0.3' },
291 silly resolved     devDependencies: { tap: '~0.4.0', mkdirp: '0', rimraf: '1' },
291 silly resolved     scripts:
291 silly resolved      { test: 'tap test/*.js',
291 silly resolved        'test-regen': 'TEST_REGEN=1 node test/00-setup.js' },
291 silly resolved     license: 'BSD',
291 silly resolved     gitHead: '73f57e99510582b2024b762305970ebcf9b70aa2',
291 silly resolved     bugs: { url: 'https://github.com/isaacs/node-glob/issues' },
291 silly resolved     homepage: 'https://github.com/isaacs/node-glob',
291 silly resolved     _id: 'glob@3.2.11',
291 silly resolved     _shasum: '4a973f635b9190f715d10987d5c00fd2815ebe3d',
291 silly resolved     _from: 'glob@~3.2.9',
291 silly resolved     _npmVersion: '1.4.10',
291 silly resolved     _npmUser: { name: 'isaacs', email: 'i@izs.me' },
291 silly resolved     maintainers: [ [Object] ],
291 silly resolved     dist:
291 silly resolved      { shasum: '4a973f635b9190f715d10987d5c00fd2815ebe3d',
291 silly resolved        tarball: 'http://registry.npmjs.org/glob/-/glob-3.2.11.tgz' },
291 silly resolved     directories: {},
291 silly resolved     _resolved: 'https://registry.npmjs.org/glob/-/glob-3.2.11.tgz',
291 silly resolved     readme: 'ERROR: No README data found!' },
291 silly resolved   { name: 'nan',
291 silly resolved     version: '1.2.0',
291 silly resolved     description: 'Native Abstractions for Node.js: C++ header for Node 0.8->0.12 compatibility',
291 silly resolved     main: 'include_dirs.js',
291 silly resolved     repository: { type: 'git', url: 'git://github.com/rvagg/nan.git' },
291 silly resolved     contributors: [ [Object], [Object], [Object], [Object], [Object], [Object] ],
291 silly resolved     license: 'MIT',
291 silly resolved     bugs: { url: 'https://github.com/rvagg/nan/issues' },
291 silly resolved     homepage: 'https://github.com/rvagg/nan',
291 silly resolved     _id: 'nan@1.2.0',
291 silly resolved     dist:
291 silly resolved      { shasum: '9c4d63ce9e4f8e95de2d574e18f7925554a8a8ef',
291 silly resolved        tarball: 'http://registry.npmjs.org/nan/-/nan-1.2.0.tgz' },
291 silly resolved     _from: 'nan@1.2.0',
291 silly resolved     _npmVersion: '1.4.3',
291 silly resolved     _npmUser: { name: 'rvagg', email: 'rod@vagg.org' },
291 silly resolved     maintainers: [ [Object] ],
291 silly resolved     directories: {},
291 silly resolved     _shasum: '9c4d63ce9e4f8e95de2d574e18f7925554a8a8ef',
291 silly resolved     _resolved: 'https://registry.npmjs.org/nan/-/nan-1.2.0.tgz' },
291 silly resolved   { name: 'find-java-home',
291 silly resolved     version: '0.1.1',
291 silly resolved     description: 'Find JAVA_HOME on any system',
291 silly resolved     main: 'index.js',
291 silly resolved     scripts: { test: 'mocha -r should test.js' },
291 silly resolved     repository:
291 silly resolved      { type: 'git',
291 silly resolved        url: 'https://github.com/jsdevel/node-find-java-home.git' },
291 silly resolved     dependencies: { which: '~1.0.5' },
291 silly resolved     keywords: [ 'JAVA_HOME', 'find', 'java', 'home' ],
291 silly resolved     author: { name: 'Joseph Spencer' },
291 silly resolved     license: 'Apache 2.0',
291 silly resolved     bugs: { url: 'https://github.com/jsdevel/node-find-java-home/issues' },
291 silly resolved     homepage: 'https://github.com/jsdevel/node-find-java-home',
291 silly resolved     devDependencies: { mocha: '~1.18.2', should: '~3.3.0' },
291 silly resolved     _id: 'find-java-home@0.1.1',
291 silly resolved     dist:
291 silly resolved      { shasum: '208546371ff78761608e18f7bb282718f8f58e39',
291 silly resolved        tarball: 'http://registry.npmjs.org/find-java-home/-/find-java-home-0.1.1.tgz' },
291 silly resolved     _from: 'find-java-home@0.1.1',
291 silly resolved     _npmVersion: '1.3.6',
291 silly resolved     _npmUser: { name: 'jsdevel', email: 'js.developer.undefined@gmail.com' },
291 silly resolved     maintainers: [ [Object] ],
291 silly resolved     directories: {},
291 silly resolved     _shasum: '208546371ff78761608e18f7bb282718f8f58e39',
291 silly resolved     _resolved: 'https://registry.npmjs.org/find-java-home/-/find-java-home-0.1.1.tgz' } ]
292 info install glob@3.2.11 into E:\RedimedProject\Projects\redimedProjStruct\node_modules\java
293 info install nan@1.2.0 into E:\RedimedProject\Projects\redimedProjStruct\node_modules\java
294 info install find-java-home@0.1.1 into E:\RedimedProject\Projects\redimedProjStruct\node_modules\java
295 info installOne glob@3.2.11
296 info installOne nan@1.2.0
297 info installOne find-java-home@0.1.1
298 verbose node_modules\java\node_modules\glob unbuild
299 verbose tar unpack C:\Users\Zen\AppData\Roaming\npm-cache\glob\3.2.11\package.tgz
300 silly lockFile a05b174f-e-modules-java-node-modules-glob tar://E:\RedimedProject\Projects\redimedProjStruct\node_modules\java\node_modules\glob
301 verbose lock tar://E:\RedimedProject\Projects\redimedProjStruct\node_modules\java\node_modules\glob C:\Users\Zen\AppData\Roaming\npm-cache\a05b174f-e-modules-java-node-modules-glob.lock
302 silly lockFile 8ef77900-pm-cache-glob-3-2-11-package-tgz tar://C:\Users\Zen\AppData\Roaming\npm-cache\glob\3.2.11\package.tgz
303 verbose lock tar://C:\Users\Zen\AppData\Roaming\npm-cache\glob\3.2.11\package.tgz C:\Users\Zen\AppData\Roaming\npm-cache\8ef77900-pm-cache-glob-3-2-11-package-tgz.lock
304 verbose node_modules\java\node_modules\nan unbuild
305 verbose node_modules\java\node_modules\find-java-home unbuild
306 silly gunzTarPerm modes [ '777', '666' ]
307 verbose tar unpack C:\Users\Zen\AppData\Roaming\npm-cache\nan\1.2.0\package.tgz
308 silly lockFile f645a496-de-modules-java-node-modules-nan tar://E:\RedimedProject\Projects\redimedProjStruct\node_modules\java\node_modules\nan
309 verbose lock tar://E:\RedimedProject\Projects\redimedProjStruct\node_modules\java\node_modules\nan C:\Users\Zen\AppData\Roaming\npm-cache\f645a496-de-modules-java-node-modules-nan.lock
310 silly lockFile d902e60d--npm-cache-nan-1-2-0-package-tgz tar://C:\Users\Zen\AppData\Roaming\npm-cache\nan\1.2.0\package.tgz
311 verbose lock tar://C:\Users\Zen\AppData\Roaming\npm-cache\nan\1.2.0\package.tgz C:\Users\Zen\AppData\Roaming\npm-cache\d902e60d--npm-cache-nan-1-2-0-package-tgz.lock
312 verbose tar unpack C:\Users\Zen\AppData\Roaming\npm-cache\find-java-home\0.1.1\package.tgz
313 silly lockFile 498bfbcb-java-node-modules-find-java-home tar://E:\RedimedProject\Projects\redimedProjStruct\node_modules\java\node_modules\find-java-home
314 verbose lock tar://E:\RedimedProject\Projects\redimedProjStruct\node_modules\java\node_modules\find-java-home C:\Users\Zen\AppData\Roaming\npm-cache\498bfbcb-java-node-modules-find-java-home.lock
315 silly lockFile 85dd3b4e-find-java-home-0-1-1-package-tgz tar://C:\Users\Zen\AppData\Roaming\npm-cache\find-java-home\0.1.1\package.tgz
316 verbose lock tar://C:\Users\Zen\AppData\Roaming\npm-cache\find-java-home\0.1.1\package.tgz C:\Users\Zen\AppData\Roaming\npm-cache\85dd3b4e-find-java-home-0-1-1-package-tgz.lock
317 silly gunzTarPerm modes [ '777', '666' ]
318 silly gunzTarPerm modes [ '777', '666' ]
319 silly gunzTarPerm extractEntry package.json
320 silly gunzTarPerm modified mode [ 'package.json', 420, 438 ]
321 silly gunzTarPerm extractEntry README.md
322 silly gunzTarPerm modified mode [ 'README.md', 420, 438 ]
323 silly gunzTarPerm extractEntry LICENSE
324 silly gunzTarPerm modified mode [ 'LICENSE', 420, 438 ]
325 silly gunzTarPerm extractEntry package.json
326 silly gunzTarPerm modified mode [ 'package.json', 420, 438 ]
327 silly gunzTarPerm extractEntry .npmignore
328 silly gunzTarPerm modified mode [ '.npmignore', 420, 438 ]
329 silly gunzTarPerm extractEntry README.md
330 silly gunzTarPerm modified mode [ 'README.md', 420, 438 ]
331 silly gunzTarPerm extractEntry include_dirs.js
332 silly gunzTarPerm modified mode [ 'include_dirs.js', 420, 438 ]
333 silly gunzTarPerm extractEntry .dntrc
334 silly gunzTarPerm modified mode [ '.dntrc', 420, 438 ]
335 silly gunzTarPerm extractEntry LICENSE
336 silly gunzTarPerm modified mode [ 'LICENSE', 420, 438 ]
337 silly gunzTarPerm extractEntry index.js
338 silly gunzTarPerm modified mode [ 'index.js', 420, 438 ]
339 silly gunzTarPerm extractEntry package.json
340 silly gunzTarPerm modified mode [ 'package.json', 420, 438 ]
341 silly gunzTarPerm extractEntry .npmignore
342 silly gunzTarPerm modified mode [ '.npmignore', 420, 438 ]
343 silly gunzTarPerm extractEntry README.md
344 silly gunzTarPerm modified mode [ 'README.md', 420, 438 ]
345 silly gunzTarPerm extractEntry test.js
346 silly gunzTarPerm modified mode [ 'test.js', 420, 438 ]
347 silly gunzTarPerm extractEntry .travis.yml
348 silly gunzTarPerm modified mode [ '.travis.yml', 420, 438 ]
349 silly gunzTarPerm extractEntry LICENSE
350 silly gunzTarPerm modified mode [ 'LICENSE', 420, 438 ]
351 silly gunzTarPerm extractEntry glob.js
352 silly gunzTarPerm modified mode [ 'glob.js', 420, 438 ]
353 silly gunzTarPerm extractEntry .travis.yml
354 silly gunzTarPerm modified mode [ '.travis.yml', 420, 438 ]
355 silly gunzTarPerm extractEntry examples/g.js
356 silly gunzTarPerm modified mode [ 'examples/g.js', 420, 438 ]
357 silly gunzTarPerm extractEntry examples/usr-local.js
358 silly gunzTarPerm modified mode [ 'examples/usr-local.js', 420, 438 ]
359 silly gunzTarPerm extractEntry test/00-setup.js
360 silly gunzTarPerm modified mode [ 'test/00-setup.js', 420, 438 ]
361 silly gunzTarPerm extractEntry test/cwd-test.js
362 silly gunzTarPerm modified mode [ 'test/cwd-test.js', 420, 438 ]
363 silly lockFile 498bfbcb-java-node-modules-find-java-home tar://E:\RedimedProject\Projects\redimedProjStruct\node_modules\java\node_modules\find-java-home
364 silly lockFile 498bfbcb-java-node-modules-find-java-home tar://E:\RedimedProject\Projects\redimedProjStruct\node_modules\java\node_modules\find-java-home
365 silly lockFile 85dd3b4e-find-java-home-0-1-1-package-tgz tar://C:\Users\Zen\AppData\Roaming\npm-cache\find-java-home\0.1.1\package.tgz
366 silly lockFile 85dd3b4e-find-java-home-0-1-1-package-tgz tar://C:\Users\Zen\AppData\Roaming\npm-cache\find-java-home\0.1.1\package.tgz
367 silly gunzTarPerm extractEntry test/globstar-match.js
368 silly gunzTarPerm modified mode [ 'test/globstar-match.js', 420, 438 ]
369 silly gunzTarPerm extractEntry test/mark.js
370 silly gunzTarPerm modified mode [ 'test/mark.js', 420, 438 ]
371 info preinstall find-java-home@0.1.1
372 silly gunzTarPerm extractEntry test/stat.js
373 silly gunzTarPerm modified mode [ 'test/stat.js', 420, 438 ]
374 silly gunzTarPerm extractEntry test/bash-comparison.js
375 silly gunzTarPerm modified mode [ 'test/bash-comparison.js', 420, 438 ]
376 verbose readDependencies using package.json deps
377 verbose readDependencies using package.json deps
378 silly gunzTarPerm extractEntry test/pause-resume.js
379 silly gunzTarPerm modified mode [ 'test/pause-resume.js', 420, 438 ]
380 silly gunzTarPerm extractEntry test/readme-issue.js
381 silly gunzTarPerm modified mode [ 'test/readme-issue.js', 420, 438 ]
382 silly gunzTarPerm extractEntry test/root-nomount.js
383 silly gunzTarPerm modified mode [ 'test/root-nomount.js', 420, 438 ]
384 silly gunzTarPerm extractEntry test/root.js
385 silly gunzTarPerm modified mode [ 'test/root.js', 420, 438 ]
386 verbose cache add [ 'which@~1.0.5', null ]
387 verbose cache add name=undefined spec="which@~1.0.5" args=["which@~1.0.5",null]
388 verbose parsed url { protocol: null,
388 verbose parsed url   slashes: null,
388 verbose parsed url   auth: null,
388 verbose parsed url   host: null,
388 verbose parsed url   port: null,
388 verbose parsed url   hostname: null,
388 verbose parsed url   hash: null,
388 verbose parsed url   search: null,
388 verbose parsed url   query: null,
388 verbose parsed url   pathname: 'which@~1.0.5',
388 verbose parsed url   path: 'which@~1.0.5',
388 verbose parsed url   href: 'which@~1.0.5' }
389 verbose cache add name="which" spec="~1.0.5" args=["which","~1.0.5"]
390 verbose parsed url { protocol: null,
390 verbose parsed url   slashes: null,
390 verbose parsed url   auth: null,
390 verbose parsed url   host: null,
390 verbose parsed url   port: null,
390 verbose parsed url   hostname: null,
390 verbose parsed url   hash: null,
390 verbose parsed url   search: null,
390 verbose parsed url   query: null,
390 verbose parsed url   pathname: '~1.0.5',
390 verbose parsed url   path: '~1.0.5',
390 verbose parsed url   href: '~1.0.5' }
391 verbose addNamed [ 'which', '~1.0.5' ]
392 verbose addNamed [ null, '>=1.0.5-0 <1.1.0-0' ]
393 silly lockFile d158d65e-which-1-0-5 which@~1.0.5
394 verbose lock which@~1.0.5 C:\Users\Zen\AppData\Roaming\npm-cache\d158d65e-which-1-0-5.lock
395 silly addNameRange { name: 'which', range: '>=1.0.5-0 <1.1.0-0', hasData: false }
396 silly gunzTarPerm extractEntry build/config.gypi
397 silly gunzTarPerm modified mode [ 'build/config.gypi', 420, 438 ]
398 silly gunzTarPerm extractEntry nan.h
399 silly gunzTarPerm modified mode [ 'nan.h', 420, 438 ]
400 verbose request where is /which
401 verbose request registry https://registry.npmjs.org/
402 verbose url raw /which
403 verbose url resolving [ 'https://registry.npmjs.org/', './which' ]
404 verbose url resolved https://registry.npmjs.org/which
405 verbose request where is https://registry.npmjs.org/which
406 info trying registry request attempt 1 at 09:25:06
407 verbose etag "D1CXA5D4Y90FYSCWAVL67QCU8"
408 http GET https://registry.npmjs.org/which
409 silly gunzTarPerm extractEntry test/new-glob-optional-options.js
410 silly gunzTarPerm modified mode [ 'test/new-glob-optional-options.js', 420, 438 ]
411 silly gunzTarPerm extractEntry test/zz-cleanup.js
412 silly gunzTarPerm modified mode [ 'test/zz-cleanup.js', 420, 438 ]
413 silly gunzTarPerm extractEntry test/nocase-nomagic.js
414 silly gunzTarPerm modified mode [ 'test/nocase-nomagic.js', 420, 438 ]
415 silly gunzTarPerm extractEntry test/bash-results.json
416 silly gunzTarPerm modified mode [ 'test/bash-results.json', 420, 438 ]
417 silly lockFile f645a496-de-modules-java-node-modules-nan tar://E:\RedimedProject\Projects\redimedProjStruct\node_modules\java\node_modules\nan
418 silly lockFile f645a496-de-modules-java-node-modules-nan tar://E:\RedimedProject\Projects\redimedProjStruct\node_modules\java\node_modules\nan
419 silly lockFile d902e60d--npm-cache-nan-1-2-0-package-tgz tar://C:\Users\Zen\AppData\Roaming\npm-cache\nan\1.2.0\package.tgz
420 silly lockFile d902e60d--npm-cache-nan-1-2-0-package-tgz tar://C:\Users\Zen\AppData\Roaming\npm-cache\nan\1.2.0\package.tgz
421 info preinstall nan@1.2.0
422 verbose readDependencies using package.json deps
423 verbose readDependencies using package.json deps
424 silly resolved []
425 verbose about to build E:\RedimedProject\Projects\redimedProjStruct\node_modules\java\node_modules\nan
426 info build E:\RedimedProject\Projects\redimedProjStruct\node_modules\java\node_modules\nan
427 verbose linkStuff [ false,
427 verbose linkStuff   false,
427 verbose linkStuff   false,
427 verbose linkStuff   'E:\\RedimedProject\\Projects\\redimedProjStruct\\node_modules\\java\\node_modules' ]
428 info linkStuff nan@1.2.0
429 verbose linkBins nan@1.2.0
430 verbose linkMans nan@1.2.0
431 verbose rebuildBundles nan@1.2.0
432 info install nan@1.2.0
433 info postinstall nan@1.2.0
434 silly lockFile a05b174f-e-modules-java-node-modules-glob tar://E:\RedimedProject\Projects\redimedProjStruct\node_modules\java\node_modules\glob
435 silly lockFile a05b174f-e-modules-java-node-modules-glob tar://E:\RedimedProject\Projects\redimedProjStruct\node_modules\java\node_modules\glob
436 silly lockFile 8ef77900-pm-cache-glob-3-2-11-package-tgz tar://C:\Users\Zen\AppData\Roaming\npm-cache\glob\3.2.11\package.tgz
437 silly lockFile 8ef77900-pm-cache-glob-3-2-11-package-tgz tar://C:\Users\Zen\AppData\Roaming\npm-cache\glob\3.2.11\package.tgz
438 info preinstall glob@3.2.11
439 verbose readDependencies using package.json deps
440 verbose readDependencies using package.json deps
441 verbose cache add [ 'inherits@2', null ]
442 verbose cache add name=undefined spec="inherits@2" args=["inherits@2",null]
443 verbose parsed url { protocol: null,
443 verbose parsed url   slashes: null,
443 verbose parsed url   auth: null,
443 verbose parsed url   host: null,
443 verbose parsed url   port: null,
443 verbose parsed url   hostname: null,
443 verbose parsed url   hash: null,
443 verbose parsed url   search: null,
443 verbose parsed url   query: null,
443 verbose parsed url   pathname: 'inherits@2',
443 verbose parsed url   path: 'inherits@2',
443 verbose parsed url   href: 'inherits@2' }
444 verbose cache add [ 'minimatch@0.3', null ]
445 verbose cache add name=undefined spec="minimatch@0.3" args=["minimatch@0.3",null]
446 verbose parsed url { protocol: null,
446 verbose parsed url   slashes: null,
446 verbose parsed url   auth: null,
446 verbose parsed url   host: null,
446 verbose parsed url   port: null,
446 verbose parsed url   hostname: null,
446 verbose parsed url   hash: null,
446 verbose parsed url   search: null,
446 verbose parsed url   query: null,
446 verbose parsed url   pathname: 'minimatch@0.3',
446 verbose parsed url   path: 'minimatch@0.3',
446 verbose parsed url   href: 'minimatch@0.3' }
447 verbose cache add name="inherits" spec="2" args=["inherits","2"]
448 verbose parsed url { protocol: null,
448 verbose parsed url   slashes: null,
448 verbose parsed url   auth: null,
448 verbose parsed url   host: null,
448 verbose parsed url   port: null,
448 verbose parsed url   hostname: null,
448 verbose parsed url   hash: null,
448 verbose parsed url   search: null,
448 verbose parsed url   query: null,
448 verbose parsed url   pathname: '2',
448 verbose parsed url   path: '2',
448 verbose parsed url   href: '2' }
449 verbose addNamed [ 'inherits', '2' ]
450 verbose addNamed [ null, '>=2.0.0-0 <3.0.0-0' ]
451 silly lockFile 1f7ff4de-inherits-2 inherits@2
452 verbose lock inherits@2 C:\Users\Zen\AppData\Roaming\npm-cache\1f7ff4de-inherits-2.lock
453 verbose cache add name="minimatch" spec="0.3" args=["minimatch","0.3"]
454 verbose parsed url { protocol: null,
454 verbose parsed url   slashes: null,
454 verbose parsed url   auth: null,
454 verbose parsed url   host: null,
454 verbose parsed url   port: null,
454 verbose parsed url   hostname: null,
454 verbose parsed url   hash: null,
454 verbose parsed url   search: null,
454 verbose parsed url   query: null,
454 verbose parsed url   pathname: '0.3',
454 verbose parsed url   path: '0.3',
454 verbose parsed url   href: '0.3' }
455 verbose addNamed [ 'minimatch', '0.3' ]
456 verbose addNamed [ null, '>=0.3.0-0 <0.4.0-0' ]
457 silly lockFile d43e9cee-minimatch-0-3 minimatch@0.3
458 verbose lock minimatch@0.3 C:\Users\Zen\AppData\Roaming\npm-cache\d43e9cee-minimatch-0-3.lock
459 silly addNameRange { name: 'inherits', range: '>=2.0.0-0 <3.0.0-0', hasData: false }
460 silly addNameRange { name: 'minimatch',
460 silly addNameRange   range: '>=0.3.0-0 <0.4.0-0',
460 silly addNameRange   hasData: false }
461 verbose request where is /inherits
462 verbose request registry https://registry.npmjs.org/
463 verbose url raw /inherits
464 verbose url resolving [ 'https://registry.npmjs.org/', './inherits' ]
465 verbose url resolved https://registry.npmjs.org/inherits
466 verbose request where is https://registry.npmjs.org/inherits
467 info trying registry request attempt 1 at 09:25:07
468 verbose etag "7QT3SHOKA6S3CXON3RRL70KOH"
469 http GET https://registry.npmjs.org/inherits
470 verbose request where is /minimatch
471 verbose request registry https://registry.npmjs.org/
472 verbose url raw /minimatch
473 verbose url resolving [ 'https://registry.npmjs.org/', './minimatch' ]
474 verbose url resolved https://registry.npmjs.org/minimatch
475 verbose request where is https://registry.npmjs.org/minimatch
476 info trying registry request attempt 1 at 09:25:07
477 verbose etag "4USV9OF40B0EP7D5MYVL1M20G"
478 http GET https://registry.npmjs.org/minimatch
479 http 304 https://registry.npmjs.org/which
480 silly registry.get cb [ 304,
480 silly registry.get   { date: 'Sat, 13 Sep 2014 02:25:04 GMT',
480 silly registry.get     server: 'Apache',
480 silly registry.get     via: '1.1 varnish',
480 silly registry.get     'last-modified': 'Sat, 13 Sep 2014 02:25:04 GMT',
480 silly registry.get     'cache-control': 'max-age=60',
480 silly registry.get     etag: '"D1CXA5D4Y90FYSCWAVL67QCU8"',
480 silly registry.get     'x-served-by': 'cache-hk92-HKG',
480 silly registry.get     'x-cache': 'HIT',
480 silly registry.get     'x-cache-hits': '1',
480 silly registry.get     'x-timer': 'S1410575104.089348,VS0,VE744',
480 silly registry.get     vary: 'Accept',
480 silly registry.get     'content-length': '0',
480 silly registry.get     'keep-alive': 'timeout=10, max=50',
480 silly registry.get     connection: 'Keep-Alive' } ]
481 verbose etag https://registry.npmjs.org/which from cache
482 silly addNameRange number 2 { name: 'which', range: '>=1.0.5-0 <1.1.0-0', hasData: true }
483 silly addNameRange versions [ 'which', [ '1.0.0', '1.0.1', '1.0.2', '1.0.3', '1.0.5' ] ]
484 verbose addNamed [ 'which', '1.0.5' ]
485 verbose addNamed [ '1.0.5', '1.0.5' ]
486 silly lockFile 4aed4494-which-1-0-5 which@1.0.5
487 verbose lock which@1.0.5 C:\Users\Zen\AppData\Roaming\npm-cache\4aed4494-which-1-0-5.lock
488 silly lockFile 4aed4494-which-1-0-5 which@1.0.5
489 silly lockFile 4aed4494-which-1-0-5 which@1.0.5
490 silly lockFile d158d65e-which-1-0-5 which@~1.0.5
491 silly lockFile d158d65e-which-1-0-5 which@~1.0.5
492 silly resolved [ { author:
492 silly resolved      { name: 'Isaac Z. Schlueter',
492 silly resolved        email: 'i@izs.me',
492 silly resolved        url: 'http://blog.izs.me' },
492 silly resolved     name: 'which',
492 silly resolved     description: 'Like which(1) unix command. Find the first instance of an executable in the PATH.',
492 silly resolved     version: '1.0.5',
492 silly resolved     repository: { type: 'git', url: 'git://github.com/isaacs/node-which.git' },
492 silly resolved     main: 'which.js',
492 silly resolved     bin: { which: './bin/which' },
492 silly resolved     engines: { node: '*' },
492 silly resolved     dependencies: {},
492 silly resolved     devDependencies: {},
492 silly resolved     _npmUser: { name: 'isaacs', email: 'i@izs.me' },
492 silly resolved     _id: 'which@1.0.5',
492 silly resolved     optionalDependencies: {},
492 silly resolved     _engineSupported: true,
492 silly resolved     _npmVersion: '1.1.2',
492 silly resolved     _nodeVersion: 'v0.7.6-pre',
492 silly resolved     _defaultsLoaded: true,
492 silly resolved     dist:
492 silly resolved      { shasum: '5630d6819dda692f1464462e7956cb42c0842739',
492 silly resolved        tarball: 'http://registry.npmjs.org/which/-/which-1.0.5.tgz' },
492 silly resolved     readme: 'The "which" util from npm\'s guts.\n\nFinds the first instance of a specified executable in the PATH\nenvironment variable.  Does not cache the results, so `hash -r` is not\nneeded when the PATH changes.\n',
492 silly resolved     maintainers: [ [Object] ],
492 silly resolved     directories: {},
492 silly resolved     _shasum: '5630d6819dda692f1464462e7956cb42c0842739',
492 silly resolved     _from: 'which@~1.0.5',
492 silly resolved     _resolved: 'https://registry.npmjs.org/which/-/which-1.0.5.tgz',
492 silly resolved     bugs: { url: 'https://github.com/isaacs/node-which/issues' },
492 silly resolved     homepage: 'https://github.com/isaacs/node-which' } ]
493 info install which@1.0.5 into E:\RedimedProject\Projects\redimedProjStruct\node_modules\java\node_modules\find-java-home
494 info installOne which@1.0.5
495 verbose node_modules\java\node_modules\find-java-home\node_modules\which unbuild
496 verbose tar unpack C:\Users\Zen\AppData\Roaming\npm-cache\which\1.0.5\package.tgz
497 silly lockFile 848966d0-ind-java-home-node-modules-which tar://E:\RedimedProject\Projects\redimedProjStruct\node_modules\java\node_modules\find-java-home\node_modules\which
498 verbose lock tar://E:\RedimedProject\Projects\redimedProjStruct\node_modules\java\node_modules\find-java-home\node_modules\which C:\Users\Zen\AppData\Roaming\npm-cache\848966d0-ind-java-home-node-modules-which.lock
499 silly lockFile 2c7b2509-pm-cache-which-1-0-5-package-tgz tar://C:\Users\Zen\AppData\Roaming\npm-cache\which\1.0.5\package.tgz
500 verbose lock tar://C:\Users\Zen\AppData\Roaming\npm-cache\which\1.0.5\package.tgz C:\Users\Zen\AppData\Roaming\npm-cache\2c7b2509-pm-cache-which-1-0-5-package-tgz.lock
501 silly gunzTarPerm modes [ '777', '666' ]
502 silly gunzTarPerm extractEntry bin/
503 silly gunzTarPerm modified mode [ 'bin/', 493, 511 ]
504 silly gunzTarPerm extractEntry bin/which
505 silly gunzTarPerm modified mode [ 'bin/which', 493, 511 ]
506 silly gunzTarPerm extractEntry LICENSE
507 silly gunzTarPerm modified mode [ 'LICENSE', 420, 438 ]
508 silly gunzTarPerm extractEntry package.json
509 silly gunzTarPerm modified mode [ 'package.json', 420, 438 ]
510 silly gunzTarPerm extractEntry README.md
511 silly gunzTarPerm modified mode [ 'README.md', 420, 438 ]
512 silly gunzTarPerm extractEntry which.js
513 silly gunzTarPerm modified mode [ 'which.js', 420, 438 ]
514 silly lockFile 848966d0-ind-java-home-node-modules-which tar://E:\RedimedProject\Projects\redimedProjStruct\node_modules\java\node_modules\find-java-home\node_modules\which
515 silly lockFile 848966d0-ind-java-home-node-modules-which tar://E:\RedimedProject\Projects\redimedProjStruct\node_modules\java\node_modules\find-java-home\node_modules\which
516 silly lockFile 2c7b2509-pm-cache-which-1-0-5-package-tgz tar://C:\Users\Zen\AppData\Roaming\npm-cache\which\1.0.5\package.tgz
517 silly lockFile 2c7b2509-pm-cache-which-1-0-5-package-tgz tar://C:\Users\Zen\AppData\Roaming\npm-cache\which\1.0.5\package.tgz
518 info preinstall which@1.0.5
519 verbose readDependencies using package.json deps
520 verbose readDependencies using package.json deps
521 silly resolved []
522 verbose about to build E:\RedimedProject\Projects\redimedProjStruct\node_modules\java\node_modules\find-java-home\node_modules\which
523 info build E:\RedimedProject\Projects\redimedProjStruct\node_modules\java\node_modules\find-java-home\node_modules\which
524 verbose linkStuff [ false,
524 verbose linkStuff   false,
524 verbose linkStuff   false,
524 verbose linkStuff   'E:\\RedimedProject\\Projects\\redimedProjStruct\\node_modules\\java\\node_modules\\find-java-home\\node_modules' ]
525 info linkStuff which@1.0.5
526 verbose linkBins which@1.0.5
527 verbose link bins [ { which: './bin/which' },
527 verbose link bins   'E:\\RedimedProject\\Projects\\redimedProjStruct\\node_modules\\java\\node_modules\\find-java-home\\node_modules\\.bin',
527 verbose link bins   false ]
528 verbose linkMans which@1.0.5
529 verbose rebuildBundles which@1.0.5
530 info install which@1.0.5
531 info postinstall which@1.0.5
532 verbose about to build E:\RedimedProject\Projects\redimedProjStruct\node_modules\java\node_modules\find-java-home
533 info build E:\RedimedProject\Projects\redimedProjStruct\node_modules\java\node_modules\find-java-home
534 verbose linkStuff [ false,
534 verbose linkStuff   false,
534 verbose linkStuff   false,
534 verbose linkStuff   'E:\\RedimedProject\\Projects\\redimedProjStruct\\node_modules\\java\\node_modules' ]
535 info linkStuff find-java-home@0.1.1
536 verbose linkBins find-java-home@0.1.1
537 verbose linkMans find-java-home@0.1.1
538 verbose rebuildBundles find-java-home@0.1.1
539 verbose rebuildBundles [ '.bin', 'which' ]
540 info install find-java-home@0.1.1
541 info postinstall find-java-home@0.1.1
542 http 304 https://registry.npmjs.org/inherits
543 silly registry.get cb [ 304,
543 silly registry.get   { date: 'Sat, 13 Sep 2014 02:25:04 GMT',
543 silly registry.get     server: 'Apache',
543 silly registry.get     via: '1.1 varnish',
543 silly registry.get     'last-modified': 'Sat, 13 Sep 2014 02:25:05 GMT',
543 silly registry.get     'cache-control': 'max-age=60',
543 silly registry.get     etag: '"7QT3SHOKA6S3CXON3RRL70KOH"',
543 silly registry.get     'x-served-by': 'cache-hk93-HKG',
543 silly registry.get     'x-cache': 'HIT',
543 silly registry.get     'x-cache-hits': '1',
543 silly registry.get     'x-timer': 'S1410575104.292073,VS0,VE934',
543 silly registry.get     vary: 'Accept',
543 silly registry.get     'content-length': '0',
543 silly registry.get     'keep-alive': 'timeout=10, max=50',
543 silly registry.get     connection: 'Keep-Alive' } ]
544 verbose etag https://registry.npmjs.org/inherits from cache
545 silly addNameRange number 2 { name: 'inherits', range: '>=2.0.0-0 <3.0.0-0', hasData: true }
546 silly addNameRange versions [ 'inherits', [ '1.0.0', '2.0.0', '2.0.1' ] ]
547 verbose addNamed [ 'inherits', '2.0.1' ]
548 verbose addNamed [ '2.0.1', '2.0.1' ]
549 silly lockFile 2b2e8f1b-inherits-2-0-1 inherits@2.0.1
550 verbose lock inherits@2.0.1 C:\Users\Zen\AppData\Roaming\npm-cache\2b2e8f1b-inherits-2-0-1.lock
551 http 304 https://registry.npmjs.org/minimatch
552 silly registry.get cb [ 304,
552 silly registry.get   { date: 'Sat, 13 Sep 2014 02:25:04 GMT',
552 silly registry.get     server: 'Apache',
552 silly registry.get     via: '1.1 varnish',
552 silly registry.get     'last-modified': 'Sat, 13 Sep 2014 02:25:05 GMT',
552 silly registry.get     'cache-control': 'max-age=60',
552 silly registry.get     etag: '"4USV9OF40B0EP7D5MYVL1M20G"',
552 silly registry.get     'x-served-by': 'cache-hk90-HKG',
552 silly registry.get     'x-cache': 'HIT',
552 silly registry.get     'x-cache-hits': '1',
552 silly registry.get     'x-timer': 'S1410575104.317222,VS0,VE952',
552 silly registry.get     vary: 'Accept',
552 silly registry.get     'content-length': '0',
552 silly registry.get     'keep-alive': 'timeout=10, max=50',
552 silly registry.get     connection: 'Keep-Alive' } ]
553 verbose etag https://registry.npmjs.org/minimatch from cache
554 silly addNameRange number 2 { name: 'minimatch', range: '>=0.3.0-0 <0.4.0-0', hasData: true }
555 silly addNameRange versions [ 'minimatch',
555 silly addNameRange   [ '0.0.1',
555 silly addNameRange     '0.0.2',
555 silly addNameRange     '0.0.4',
555 silly addNameRange     '0.0.5',
555 silly addNameRange     '0.1.1',
555 silly addNameRange     '0.1.2',
555 silly addNameRange     '0.1.3',
555 silly addNameRange     '0.1.4',
555 silly addNameRange     '0.1.5',
555 silly addNameRange     '0.2.0',
555 silly addNameRange     '0.2.2',
555 silly addNameRange     '0.2.3',
555 silly addNameRange     '0.2.4',
555 silly addNameRange     '0.2.5',
555 silly addNameRange     '0.2.6',
555 silly addNameRange     '0.2.7',
555 silly addNameRange     '0.2.8',
555 silly addNameRange     '0.2.9',
555 silly addNameRange     '0.2.10',
555 silly addNameRange     '0.2.11',
555 silly addNameRange     '0.2.12',
555 silly addNameRange     '0.2.13',
555 silly addNameRange     '0.2.14',
555 silly addNameRange     '0.3.0',
555 silly addNameRange     '0.4.0',
555 silly addNameRange     '1.0.0' ] ]
556 verbose addNamed [ 'minimatch', '0.3.0' ]
557 verbose addNamed [ '0.3.0', '0.3.0' ]
558 silly lockFile fbcfe8c1-minimatch-0-3-0 minimatch@0.3.0
559 verbose lock minimatch@0.3.0 C:\Users\Zen\AppData\Roaming\npm-cache\fbcfe8c1-minimatch-0-3-0.lock
560 silly lockFile 2b2e8f1b-inherits-2-0-1 inherits@2.0.1
561 silly lockFile 2b2e8f1b-inherits-2-0-1 inherits@2.0.1
562 silly lockFile 1f7ff4de-inherits-2 inherits@2
563 silly lockFile 1f7ff4de-inherits-2 inherits@2
564 silly lockFile fbcfe8c1-minimatch-0-3-0 minimatch@0.3.0
565 silly lockFile fbcfe8c1-minimatch-0-3-0 minimatch@0.3.0
566 silly lockFile d43e9cee-minimatch-0-3 minimatch@0.3
567 silly lockFile d43e9cee-minimatch-0-3 minimatch@0.3
568 silly resolved [ { name: 'inherits',
568 silly resolved     description: 'Browser-friendly inheritance fully compatible with standard node.js inherits()',
568 silly resolved     version: '2.0.1',
568 silly resolved     keywords:
568 silly resolved      [ 'inheritance',
568 silly resolved        'class',
568 silly resolved        'klass',
568 silly resolved        'oop',
568 silly resolved        'object-oriented',
568 silly resolved        'inherits',
568 silly resolved        'browser',
568 silly resolved        'browserify' ],
568 silly resolved     main: './inherits.js',
568 silly resolved     browser: './inherits_browser.js',
568 silly resolved     repository: { type: 'git', url: 'git://github.com/isaacs/inherits' },
568 silly resolved     license: 'ISC',
568 silly resolved     scripts: { test: 'node test' },
568 silly resolved     readme: 'Browser-friendly inheritance fully compatible with standard node.js\n[inherits](http://nodejs.org/api/util.html#util_util_inherits_constructor_superconstructor).\n\nThis package exports standard `inherits` from node.js `util` module in\nnode environment, but also provides alternative browser-friendly\nimplementation through [browser\nfield](https://gist.github.com/shtylman/4339901). Alternative\nimplementation is a literal copy of standard one located in standalone\nmodule to avoid requiring of `util`. It also has a shim for old\nbrowsers with no `Object.create` support.\n\nWhile keeping you sure you are using standard `inherits`\nimplementation in node.js environment, it allows bundlers such as\n[browserify](https://github.com/substack/node-browserify) to not\ninclude full `util` package to your client code if all you need is\njust `inherits` function. It worth, because browser shim for `util`\npackage is large and `inherits` is often the single function you need\nfrom it.\n\nIt\'s recommended to use this package instead of\n`require(\'util\').inherits` for any code that has chances to be used\nnot only in node.js but in browser too.\n\n## usage\n\n```js\nvar inherits = require(\'inherits\');\n// then use exactly as the standard one\n```\n\n## note on version ~1.0\n\nVersion ~1.0 had completely different motivation and is not compatible\nneither with 2.0 nor with standard node.js `inherits`.\n\nIf you are using version ~1.0 and planning to switch to ~2.0, be\ncareful:\n\n* new version uses `super_` instead of `super` for referencing\n  superclass\n* new version overwrites current prototype while old one preserves any\n  existing fields on it\n',
568 silly resolved     readmeFilename: 'README.md',
568 silly resolved     bugs: { url: 'https://github.com/isaacs/inherits/issues' },
568 silly resolved     _id: 'inherits@2.0.1',
568 silly resolved     dist:
568 silly resolved      { shasum: 'b17d08d326b4423e568eff719f91b0b1cbdf69f1',
568 silly resolved        tarball: 'http://registry.npmjs.org/inherits/-/inherits-2.0.1.tgz' },
568 silly resolved     _from: 'inherits@2',
568 silly resolved     _npmVersion: '1.3.8',
568 silly resolved     _npmUser: { name: 'isaacs', email: 'i@izs.me' },
568 silly resolved     maintainers: [ [Object] ],
568 silly resolved     directories: {},
568 silly resolved     _shasum: 'b17d08d326b4423e568eff719f91b0b1cbdf69f1',
568 silly resolved     _resolved: 'https://registry.npmjs.org/inherits/-/inherits-2.0.1.tgz',
568 silly resolved     homepage: 'https://github.com/isaacs/inherits' },
568 silly resolved   { author:
568 silly resolved      { name: 'Isaac Z. Schlueter',
568 silly resolved        email: 'i@izs.me',
568 silly resolved        url: 'http://blog.izs.me' },
568 silly resolved     name: 'minimatch',
568 silly resolved     description: 'a glob matcher in javascript',
568 silly resolved     version: '0.3.0',
568 silly resolved     repository: { type: 'git', url: 'git://github.com/isaacs/minimatch.git' },
568 silly resolved     main: 'minimatch.js',
568 silly resolved     scripts: { test: 'tap test/*.js' },
568 silly resolved     engines: { node: '*' },
568 silly resolved     dependencies: { 'lru-cache': '2', sigmund: '~1.0.0' },
568 silly resolved     devDependencies: { tap: '' },
568 silly resolved     license:
568 silly resolved      { type: 'MIT',
568 silly resolved        url: 'http://github.com/isaacs/minimatch/raw/master/LICENSE' },
568 silly resolved     bugs: { url: 'https://github.com/isaacs/minimatch/issues' },
568 silly resolved     homepage: 'https://github.com/isaacs/minimatch',
568 silly resolved     _id: 'minimatch@0.3.0',
568 silly resolved     _shasum: '275d8edaac4f1bb3326472089e7949c8394699dd',
568 silly resolved     _from: 'minimatch@0.3',
568 silly resolved     _npmVersion: '1.4.10',
568 silly resolved     _npmUser: { name: 'isaacs', email: 'i@izs.me' },
568 silly resolved     maintainers: [ [Object] ],
568 silly resolved     dist:
568 silly resolved      { shasum: '275d8edaac4f1bb3326472089e7949c8394699dd',
568 silly resolved        tarball: 'http://registry.npmjs.org/minimatch/-/minimatch-0.3.0.tgz' },
568 silly resolved     directories: {},
568 silly resolved     _resolved: 'https://registry.npmjs.org/minimatch/-/minimatch-0.3.0.tgz',
568 silly resolved     readme: 'ERROR: No README data found!' } ]
569 info install inherits@2.0.1 into E:\RedimedProject\Projects\redimedProjStruct\node_modules\java\node_modules\glob
570 info install minimatch@0.3.0 into E:\RedimedProject\Projects\redimedProjStruct\node_modules\java\node_modules\glob
571 info installOne inherits@2.0.1
572 info installOne minimatch@0.3.0
573 verbose node_modules\java\node_modules\glob\node_modules\inherits unbuild
574 verbose node_modules\java\node_modules\glob\node_modules\minimatch unbuild
575 verbose tar unpack C:\Users\Zen\AppData\Roaming\npm-cache\inherits\2.0.1\package.tgz
576 silly lockFile 18baf9f4-dules-glob-node-modules-inherits tar://E:\RedimedProject\Projects\redimedProjStruct\node_modules\java\node_modules\glob\node_modules\inherits
577 verbose lock tar://E:\RedimedProject\Projects\redimedProjStruct\node_modules\java\node_modules\glob\node_modules\inherits C:\Users\Zen\AppData\Roaming\npm-cache\18baf9f4-dules-glob-node-modules-inherits.lock
578 silly lockFile b230e68b-cache-inherits-2-0-1-package-tgz tar://C:\Users\Zen\AppData\Roaming\npm-cache\inherits\2.0.1\package.tgz
579 verbose lock tar://C:\Users\Zen\AppData\Roaming\npm-cache\inherits\2.0.1\package.tgz C:\Users\Zen\AppData\Roaming\npm-cache\b230e68b-cache-inherits-2-0-1-package-tgz.lock
580 verbose tar unpack C:\Users\Zen\AppData\Roaming\npm-cache\minimatch\0.3.0\package.tgz
581 silly lockFile 323034e1-ules-glob-node-modules-minimatch tar://E:\RedimedProject\Projects\redimedProjStruct\node_modules\java\node_modules\glob\node_modules\minimatch
582 verbose lock tar://E:\RedimedProject\Projects\redimedProjStruct\node_modules\java\node_modules\glob\node_modules\minimatch C:\Users\Zen\AppData\Roaming\npm-cache\323034e1-ules-glob-node-modules-minimatch.lock
583 silly lockFile 33819fa0-ache-minimatch-0-3-0-package-tgz tar://C:\Users\Zen\AppData\Roaming\npm-cache\minimatch\0.3.0\package.tgz
584 verbose lock tar://C:\Users\Zen\AppData\Roaming\npm-cache\minimatch\0.3.0\package.tgz C:\Users\Zen\AppData\Roaming\npm-cache\33819fa0-ache-minimatch-0-3-0-package-tgz.lock
585 silly gunzTarPerm modes [ '777', '666' ]
586 silly gunzTarPerm modes [ '777', '666' ]
587 silly gunzTarPerm extractEntry package.json
588 silly gunzTarPerm modified mode [ 'package.json', 420, 438 ]
589 silly gunzTarPerm extractEntry .npmignore
590 silly gunzTarPerm modified mode [ '.npmignore', 420, 438 ]
591 silly gunzTarPerm extractEntry README.md
592 silly gunzTarPerm modified mode [ 'README.md', 420, 438 ]
593 silly gunzTarPerm extractEntry package.json
594 silly gunzTarPerm modified mode [ 'package.json', 420, 438 ]
595 silly gunzTarPerm extractEntry LICENSE
596 silly gunzTarPerm modified mode [ 'LICENSE', 420, 438 ]
597 silly gunzTarPerm extractEntry minimatch.js
598 silly gunzTarPerm modified mode [ 'minimatch.js', 420, 438 ]
599 silly gunzTarPerm extractEntry README.md
600 silly gunzTarPerm modified mode [ 'README.md', 420, 438 ]
601 silly gunzTarPerm extractEntry LICENSE
602 silly gunzTarPerm modified mode [ 'LICENSE', 420, 438 ]
603 silly gunzTarPerm extractEntry test/basic.js
604 silly gunzTarPerm modified mode [ 'test/basic.js', 420, 438 ]
605 silly gunzTarPerm extractEntry inherits.js
606 silly gunzTarPerm modified mode [ 'inherits.js', 420, 438 ]
607 silly gunzTarPerm extractEntry inherits_browser.js
608 silly gunzTarPerm modified mode [ 'inherits_browser.js', 420, 438 ]
609 silly gunzTarPerm extractEntry test.js
610 silly gunzTarPerm modified mode [ 'test.js', 420, 438 ]
611 silly gunzTarPerm extractEntry test/brace-expand.js
612 silly gunzTarPerm modified mode [ 'test/brace-expand.js', 420, 438 ]
613 silly gunzTarPerm extractEntry test/caching.js
614 silly gunzTarPerm modified mode [ 'test/caching.js', 420, 438 ]
615 silly gunzTarPerm extractEntry test/defaults.js
616 silly gunzTarPerm modified mode [ 'test/defaults.js', 420, 438 ]
617 silly gunzTarPerm extractEntry test/extglob-ending-with-state-char.js
618 silly gunzTarPerm modified mode [ 'test/extglob-ending-with-state-char.js', 420, 438 ]
619 silly lockFile 18baf9f4-dules-glob-node-modules-inherits tar://E:\RedimedProject\Projects\redimedProjStruct\node_modules\java\node_modules\glob\node_modules\inherits
620 silly lockFile 18baf9f4-dules-glob-node-modules-inherits tar://E:\RedimedProject\Projects\redimedProjStruct\node_modules\java\node_modules\glob\node_modules\inherits
621 silly lockFile b230e68b-cache-inherits-2-0-1-package-tgz tar://C:\Users\Zen\AppData\Roaming\npm-cache\inherits\2.0.1\package.tgz
622 silly lockFile b230e68b-cache-inherits-2-0-1-package-tgz tar://C:\Users\Zen\AppData\Roaming\npm-cache\inherits\2.0.1\package.tgz
623 info preinstall inherits@2.0.1
624 verbose readDependencies using package.json deps
625 verbose readDependencies using package.json deps
626 silly resolved []
627 verbose about to build E:\RedimedProject\Projects\redimedProjStruct\node_modules\java\node_modules\glob\node_modules\inherits
628 info build E:\RedimedProject\Projects\redimedProjStruct\node_modules\java\node_modules\glob\node_modules\inherits
629 verbose linkStuff [ false,
629 verbose linkStuff   false,
629 verbose linkStuff   false,
629 verbose linkStuff   'E:\\RedimedProject\\Projects\\redimedProjStruct\\node_modules\\java\\node_modules\\glob\\node_modules' ]
630 info linkStuff inherits@2.0.1
631 verbose linkBins inherits@2.0.1
632 verbose linkMans inherits@2.0.1
633 verbose rebuildBundles inherits@2.0.1
634 info install inherits@2.0.1
635 info postinstall inherits@2.0.1
636 silly lockFile 323034e1-ules-glob-node-modules-minimatch tar://E:\RedimedProject\Projects\redimedProjStruct\node_modules\java\node_modules\glob\node_modules\minimatch
637 silly lockFile 323034e1-ules-glob-node-modules-minimatch tar://E:\RedimedProject\Projects\redimedProjStruct\node_modules\java\node_modules\glob\node_modules\minimatch
638 silly lockFile 33819fa0-ache-minimatch-0-3-0-package-tgz tar://C:\Users\Zen\AppData\Roaming\npm-cache\minimatch\0.3.0\package.tgz
639 silly lockFile 33819fa0-ache-minimatch-0-3-0-package-tgz tar://C:\Users\Zen\AppData\Roaming\npm-cache\minimatch\0.3.0\package.tgz
640 info preinstall minimatch@0.3.0
641 verbose readDependencies using package.json deps
642 verbose readDependencies using package.json deps
643 verbose cache add [ 'lru-cache@2', null ]
644 verbose cache add name=undefined spec="lru-cache@2" args=["lru-cache@2",null]
645 verbose parsed url { protocol: null,
645 verbose parsed url   slashes: null,
645 verbose parsed url   auth: null,
645 verbose parsed url   host: null,
645 verbose parsed url   port: null,
645 verbose parsed url   hostname: null,
645 verbose parsed url   hash: null,
645 verbose parsed url   search: null,
645 verbose parsed url   query: null,
645 verbose parsed url   pathname: 'lru-cache@2',
645 verbose parsed url   path: 'lru-cache@2',
645 verbose parsed url   href: 'lru-cache@2' }
646 verbose cache add [ 'sigmund@~1.0.0', null ]
647 verbose cache add name=undefined spec="sigmund@~1.0.0" args=["sigmund@~1.0.0",null]
648 verbose parsed url { protocol: null,
648 verbose parsed url   slashes: null,
648 verbose parsed url   auth: null,
648 verbose parsed url   host: null,
648 verbose parsed url   port: null,
648 verbose parsed url   hostname: null,
648 verbose parsed url   hash: null,
648 verbose parsed url   search: null,
648 verbose parsed url   query: null,
648 verbose parsed url   pathname: 'sigmund@~1.0.0',
648 verbose parsed url   path: 'sigmund@~1.0.0',
648 verbose parsed url   href: 'sigmund@~1.0.0' }
649 verbose cache add name="lru-cache" spec="2" args=["lru-cache","2"]
650 verbose parsed url { protocol: null,
650 verbose parsed url   slashes: null,
650 verbose parsed url   auth: null,
650 verbose parsed url   host: null,
650 verbose parsed url   port: null,
650 verbose parsed url   hostname: null,
650 verbose parsed url   hash: null,
650 verbose parsed url   search: null,
650 verbose parsed url   query: null,
650 verbose parsed url   pathname: '2',
650 verbose parsed url   path: '2',
650 verbose parsed url   href: '2' }
651 verbose addNamed [ 'lru-cache', '2' ]
652 verbose addNamed [ null, '>=2.0.0-0 <3.0.0-0' ]
653 silly lockFile b4f9d1ff-lru-cache-2 lru-cache@2
654 verbose lock lru-cache@2 C:\Users\Zen\AppData\Roaming\npm-cache\b4f9d1ff-lru-cache-2.lock
655 verbose cache add name="sigmund" spec="~1.0.0" args=["sigmund","~1.0.0"]
656 verbose parsed url { protocol: null,
656 verbose parsed url   slashes: null,
656 verbose parsed url   auth: null,
656 verbose parsed url   host: null,
656 verbose parsed url   port: null,
656 verbose parsed url   hostname: null,
656 verbose parsed url   hash: null,
656 verbose parsed url   search: null,
656 verbose parsed url   query: null,
656 verbose parsed url   pathname: '~1.0.0',
656 verbose parsed url   path: '~1.0.0',
656 verbose parsed url   href: '~1.0.0' }
657 verbose addNamed [ 'sigmund', '~1.0.0' ]
658 verbose addNamed [ null, '>=1.0.0-0 <1.1.0-0' ]
659 silly lockFile 584a4a05-sigmund-1-0-0 sigmund@~1.0.0
660 verbose lock sigmund@~1.0.0 C:\Users\Zen\AppData\Roaming\npm-cache\584a4a05-sigmund-1-0-0.lock
661 silly addNameRange { name: 'lru-cache',
661 silly addNameRange   range: '>=2.0.0-0 <3.0.0-0',
661 silly addNameRange   hasData: false }
662 silly addNameRange { name: 'sigmund', range: '>=1.0.0-0 <1.1.0-0', hasData: false }
663 verbose request where is /lru-cache
664 verbose request registry https://registry.npmjs.org/
665 verbose url raw /lru-cache
666 verbose url resolving [ 'https://registry.npmjs.org/', './lru-cache' ]
667 verbose url resolved https://registry.npmjs.org/lru-cache
668 verbose request where is https://registry.npmjs.org/lru-cache
669 info trying registry request attempt 1 at 09:25:08
670 verbose etag "CUSXX673ACE6W0TNEBFVRH668"
671 http GET https://registry.npmjs.org/lru-cache
672 verbose request where is /sigmund
673 verbose request registry https://registry.npmjs.org/
674 verbose url raw /sigmund
675 verbose url resolving [ 'https://registry.npmjs.org/', './sigmund' ]
676 verbose url resolved https://registry.npmjs.org/sigmund
677 verbose request where is https://registry.npmjs.org/sigmund
678 info trying registry request attempt 1 at 09:25:08
679 verbose etag "5HMQWJYZXXX9JW8JIAUMO8QB2"
680 http GET https://registry.npmjs.org/sigmund
681 http 304 https://registry.npmjs.org/lru-cache
682 silly registry.get cb [ 304,
682 silly registry.get   { date: 'Sat, 13 Sep 2014 02:25:06 GMT',
682 silly registry.get     server: 'Apache',
682 silly registry.get     via: '1.1 varnish',
682 silly registry.get     'last-modified': 'Sat, 13 Sep 2014 02:25:06 GMT',
682 silly registry.get     'cache-control': 'max-age=60',
682 silly registry.get     etag: '"CUSXX673ACE6W0TNEBFVRH668"',
682 silly registry.get     'x-served-by': 'cache-hk92-HKG',
682 silly registry.get     'x-cache': 'HIT',
682 silly registry.get     'x-cache-hits': '1',
682 silly registry.get     'x-timer': 'S1410575106.043299,VS0,VE933',
682 silly registry.get     vary: 'Accept',
682 silly registry.get     'content-length': '0',
682 silly registry.get     'keep-alive': 'timeout=10, max=50',
682 silly registry.get     connection: 'Keep-Alive' } ]
683 verbose etag https://registry.npmjs.org/lru-cache from cache
684 silly addNameRange number 2 { name: 'lru-cache', range: '>=2.0.0-0 <3.0.0-0', hasData: true }
685 silly addNameRange versions [ 'lru-cache',
685 silly addNameRange   [ '1.0.1',
685 silly addNameRange     '1.0.2',
685 silly addNameRange     '1.0.3',
685 silly addNameRange     '1.0.4',
685 silly addNameRange     '1.0.5',
685 silly addNameRange     '1.0.6',
685 silly addNameRange     '1.1.0',
685 silly addNameRange     '1.1.1',
685 silly addNameRange     '2.0.0',
685 silly addNameRange     '2.0.1',
685 silly addNameRange     '2.0.2',
685 silly addNameRange     '2.0.3',
685 silly addNameRange     '2.0.4',
685 silly addNameRange     '2.1.0',
685 silly addNameRange     '2.2.0',
685 silly addNameRange     '2.2.1',
685 silly addNameRange     '2.2.2',
685 silly addNameRange     '2.2.4',
685 silly addNameRange     '2.3.0',
685 silly addNameRange     '2.3.1',
685 silly addNameRange     '2.5.0' ] ]
686 verbose addNamed [ 'lru-cache', '2.5.0' ]
687 verbose addNamed [ '2.5.0', '2.5.0' ]
688 silly lockFile 30aa630e-lru-cache-2-5-0 lru-cache@2.5.0
689 verbose lock lru-cache@2.5.0 C:\Users\Zen\AppData\Roaming\npm-cache\30aa630e-lru-cache-2-5-0.lock
690 http 304 https://registry.npmjs.org/sigmund
691 silly registry.get cb [ 304,
691 silly registry.get   { date: 'Sat, 13 Sep 2014 02:25:06 GMT',
691 silly registry.get     server: 'Apache',
691 silly registry.get     via: '1.1 varnish',
691 silly registry.get     'last-modified': 'Sat, 13 Sep 2014 02:25:07 GMT',
691 silly registry.get     'cache-control': 'max-age=60',
691 silly registry.get     etag: '"5HMQWJYZXXX9JW8JIAUMO8QB2"',
691 silly registry.get     'x-served-by': 'cache-hk90-HKG',
691 silly registry.get     'x-cache': 'HIT',
691 silly registry.get     'x-cache-hits': '1',
691 silly registry.get     'x-timer': 'S1410575106.090300,VS0,VE939',
691 silly registry.get     vary: 'Accept',
691 silly registry.get     'content-length': '0',
691 silly registry.get     'keep-alive': 'timeout=10, max=50',
691 silly registry.get     connection: 'Keep-Alive' } ]
692 verbose etag https://registry.npmjs.org/sigmund from cache
693 silly addNameRange number 2 { name: 'sigmund', range: '>=1.0.0-0 <1.1.0-0', hasData: true }
694 silly addNameRange versions [ 'sigmund', [ '1.0.0' ] ]
695 verbose addNamed [ 'sigmund', '1.0.0' ]
696 verbose addNamed [ '1.0.0', '1.0.0' ]
697 silly lockFile 7b2d1244-sigmund-1-0-0 sigmund@1.0.0
698 verbose lock sigmund@1.0.0 C:\Users\Zen\AppData\Roaming\npm-cache\7b2d1244-sigmund-1-0-0.lock
699 silly lockFile 30aa630e-lru-cache-2-5-0 lru-cache@2.5.0
700 silly lockFile 30aa630e-lru-cache-2-5-0 lru-cache@2.5.0
701 silly lockFile b4f9d1ff-lru-cache-2 lru-cache@2
702 silly lockFile b4f9d1ff-lru-cache-2 lru-cache@2
703 silly lockFile 7b2d1244-sigmund-1-0-0 sigmund@1.0.0
704 silly lockFile 7b2d1244-sigmund-1-0-0 sigmund@1.0.0
705 silly lockFile 584a4a05-sigmund-1-0-0 sigmund@~1.0.0
706 silly lockFile 584a4a05-sigmund-1-0-0 sigmund@~1.0.0
707 silly resolved [ { name: 'lru-cache',
707 silly resolved     description: 'A cache object that deletes the least-recently-used items.',
707 silly resolved     version: '2.5.0',
707 silly resolved     author: { name: 'Isaac Z. Schlueter', email: 'i@izs.me' },
707 silly resolved     scripts: { test: 'tap test --gc' },
707 silly resolved     main: 'lib/lru-cache.js',
707 silly resolved     repository:
707 silly resolved      { type: 'git',
707 silly resolved        url: 'git://github.com/isaacs/node-lru-cache.git' },
707 silly resolved     devDependencies: { tap: '', weak: '' },
707 silly resolved     license:
707 silly resolved      { type: 'MIT',
707 silly resolved        url: 'http://github.com/isaacs/node-lru-cache/raw/master/LICENSE' },
707 silly resolved     bugs: { url: 'https://github.com/isaacs/node-lru-cache/issues' },
707 silly resolved     homepage: 'https://github.com/isaacs/node-lru-cache',
707 silly resolved     _id: 'lru-cache@2.5.0',
707 silly resolved     dist:
707 silly resolved      { shasum: 'd82388ae9c960becbea0c73bb9eb79b6c6ce9aeb',
707 silly resolved        tarball: 'http://registry.npmjs.org/lru-cache/-/lru-cache-2.5.0.tgz' },
707 silly resolved     _from: 'lru-cache@2',
707 silly resolved     _npmVersion: '1.3.15',
707 silly resolved     _npmUser: { name: 'isaacs', email: 'i@izs.me' },
707 silly resolved     maintainers: [ [Object] ],
707 silly resolved     directories: {},
707 silly resolved     _shasum: 'd82388ae9c960becbea0c73bb9eb79b6c6ce9aeb',
707 silly resolved     _resolved: 'https://registry.npmjs.org/lru-cache/-/lru-cache-2.5.0.tgz',
707 silly resolved     readme: 'ERROR: No README data found!' },
707 silly resolved   { name: 'sigmund',
707 silly resolved     version: '1.0.0',
707 silly resolved     description: 'Quick and dirty signatures for Objects.',
707 silly resolved     main: 'sigmund.js',
707 silly resolved     directories: { test: 'test' },
707 silly resolved     dependencies: {},
707 silly resolved     devDependencies: { tap: '~0.3.0' },
707 silly resolved     scripts: { test: 'tap test/*.js', bench: 'node bench.js' },
707 silly resolved     repository: { type: 'git', url: 'git://github.com/isaacs/sigmund' },
707 silly resolved     keywords: [ 'object', 'signature', 'key', 'data', 'psychoanalysis' ],
707 silly resolved     author:
707 silly resolved      { name: 'Isaac Z. Schlueter',
707 silly resolved        email: 'i@izs.me',
707 silly resolved        url: 'http://blog.izs.me/' },
707 silly resolved     license: 'BSD',
707 silly resolved     readme: '# sigmund\n\nQuick and dirty signatures for Objects.\n\nThis is like a much faster `deepEquals` comparison, which returns a\nstring key suitable for caches and the like.\n\n## Usage\n\n```javascript\nfunction doSomething (someObj) {\n  var key = sigmund(someObj, maxDepth) // max depth defaults to 10\n  var cached = cache.get(key)\n  if (cached) return cached)\n\n  var result = expensiveCalculation(someObj)\n  cache.set(key, result)\n  return result\n}\n```\n\nThe resulting key will be as unique and reproducible as calling\n`JSON.stringify` or `util.inspect` on the object, but is much faster.\nIn order to achieve this speed, some differences are glossed over.\nFor example, the object `{0:\'foo\'}` will be treated identically to the\narray `[\'foo\']`.\n\nAlso, just as there is no way to summon the soul from the scribblings\nof a cocain-addled psychoanalyst, there is no way to revive the object\nfrom the signature string that sigmund gives you.  In fact, it\'s\nbarely even readable.\n\nAs with `sys.inspect` and `JSON.stringify`, larger objects will\nproduce larger signature strings.\n\nBecause sigmund is a bit less strict than the more thorough\nalternatives, the strings will be shorter, and also there is a\nslightly higher chance for collisions.  For example, these objects\nhave the same signature:\n\n    var obj1 = {a:\'b\',c:/def/,g:[\'h\',\'i\',{j:\'\',k:\'l\'}]}\n    var obj2 = {a:\'b\',c:\'/def/\',g:[\'h\',\'i\',\'{jkl\']}\n\nLike a good Freudian, sigmund is most effective when you already have\nsome understanding of what you\'re looking for.  It can help you help\nyourself, but you must be willing to do some work as well.\n\nCycles are handled, and cyclical objects are silently omitted (though\nthe key is included in the signature output.)\n\nThe second argument is the maximum depth, which defaults to 10,\nbecause that is the maximum object traversal depth covered by most\ninsurance carriers.\n',
707 silly resolved     _id: 'sigmund@1.0.0',
707 silly resolved     dist:
707 silly resolved      { shasum: '66a2b3a749ae8b5fb89efd4fcc01dc94fbe02296',
707 silly resolved        tarball: 'http://registry.npmjs.org/sigmund/-/sigmund-1.0.0.tgz' },
707 silly resolved     _npmVersion: '1.1.48',
707 silly resolved     _npmUser: { name: 'isaacs', email: 'i@izs.me' },
707 silly resolved     maintainers: [ [Object] ],
707 silly resolved     _shasum: '66a2b3a749ae8b5fb89efd4fcc01dc94fbe02296',
707 silly resolved     _from: 'sigmund@~1.0.0',
707 silly resolved     _resolved: 'https://registry.npmjs.org/sigmund/-/sigmund-1.0.0.tgz',
707 silly resolved     bugs: { url: 'https://github.com/isaacs/sigmund/issues' },
707 silly resolved     homepage: 'https://github.com/isaacs/sigmund' } ]
708 info install lru-cache@2.5.0 into E:\RedimedProject\Projects\redimedProjStruct\node_modules\java\node_modules\glob\node_modules\minimatch
709 info install sigmund@1.0.0 into E:\RedimedProject\Projects\redimedProjStruct\node_modules\java\node_modules\glob\node_modules\minimatch
710 info installOne lru-cache@2.5.0
711 info installOne sigmund@1.0.0
712 verbose node_modules\java\node_modules\glob\node_modules\minimatch\node_modules\lru-cache unbuild
713 verbose node_modules\java\node_modules\glob\node_modules\minimatch\node_modules\sigmund unbuild
714 verbose tar unpack C:\Users\Zen\AppData\Roaming\npm-cache\lru-cache\2.5.0\package.tgz
715 silly lockFile cdde5390-minimatch-node-modules-lru-cache tar://E:\RedimedProject\Projects\redimedProjStruct\node_modules\java\node_modules\glob\node_modules\minimatch\node_modules\lru-cache
716 verbose lock tar://E:\RedimedProject\Projects\redimedProjStruct\node_modules\java\node_modules\glob\node_modules\minimatch\node_modules\lru-cache C:\Users\Zen\AppData\Roaming\npm-cache\cdde5390-minimatch-node-modules-lru-cache.lock
717 silly lockFile 45cace13-ache-lru-cache-2-5-0-package-tgz tar://C:\Users\Zen\AppData\Roaming\npm-cache\lru-cache\2.5.0\package.tgz
718 verbose lock tar://C:\Users\Zen\AppData\Roaming\npm-cache\lru-cache\2.5.0\package.tgz C:\Users\Zen\AppData\Roaming\npm-cache\45cace13-ache-lru-cache-2-5-0-package-tgz.lock
719 verbose tar unpack C:\Users\Zen\AppData\Roaming\npm-cache\sigmund\1.0.0\package.tgz
720 silly lockFile eddfaa6d-s-minimatch-node-modules-sigmund tar://E:\RedimedProject\Projects\redimedProjStruct\node_modules\java\node_modules\glob\node_modules\minimatch\node_modules\sigmund
721 verbose lock tar://E:\RedimedProject\Projects\redimedProjStruct\node_modules\java\node_modules\glob\node_modules\minimatch\node_modules\sigmund C:\Users\Zen\AppData\Roaming\npm-cache\eddfaa6d-s-minimatch-node-modules-sigmund.lock
722 silly lockFile 55d79c51--cache-sigmund-1-0-0-package-tgz tar://C:\Users\Zen\AppData\Roaming\npm-cache\sigmund\1.0.0\package.tgz
723 verbose lock tar://C:\Users\Zen\AppData\Roaming\npm-cache\sigmund\1.0.0\package.tgz C:\Users\Zen\AppData\Roaming\npm-cache\55d79c51--cache-sigmund-1-0-0-package-tgz.lock
724 silly gunzTarPerm modes [ '777', '666' ]
725 silly gunzTarPerm modes [ '777', '666' ]
726 silly gunzTarPerm extractEntry package.json
727 silly gunzTarPerm modified mode [ 'package.json', 420, 438 ]
728 silly gunzTarPerm extractEntry .npmignore
729 silly gunzTarPerm modified mode [ '.npmignore', 420, 438 ]
730 silly gunzTarPerm extractEntry README.md
731 silly gunzTarPerm modified mode [ 'README.md', 420, 438 ]
732 silly gunzTarPerm extractEntry package.json
733 silly gunzTarPerm modified mode [ 'package.json', 420, 438 ]
734 silly gunzTarPerm extractEntry README.md
735 silly gunzTarPerm modified mode [ 'README.md', 420, 438 ]
736 silly gunzTarPerm extractEntry LICENSE
737 silly gunzTarPerm modified mode [ 'LICENSE', 420, 438 ]
738 silly gunzTarPerm extractEntry LICENSE
739 silly gunzTarPerm modified mode [ 'LICENSE', 420, 438 ]
740 silly gunzTarPerm extractEntry CONTRIBUTORS
741 silly gunzTarPerm modified mode [ 'CONTRIBUTORS', 420, 438 ]
742 silly gunzTarPerm extractEntry bench.js
743 silly gunzTarPerm modified mode [ 'bench.js', 420, 438 ]
744 silly gunzTarPerm extractEntry sigmund.js
745 silly gunzTarPerm modified mode [ 'sigmund.js', 420, 438 ]
746 silly gunzTarPerm extractEntry lib/lru-cache.js
747 silly gunzTarPerm modified mode [ 'lib/lru-cache.js', 420, 438 ]
748 silly gunzTarPerm extractEntry test/basic.js
749 silly gunzTarPerm modified mode [ 'test/basic.js', 420, 438 ]
750 silly gunzTarPerm extractEntry test/foreach.js
751 silly gunzTarPerm modified mode [ 'test/foreach.js', 420, 438 ]
752 silly gunzTarPerm extractEntry test/memory-leak.js
753 silly gunzTarPerm modified mode [ 'test/memory-leak.js', 420, 438 ]
754 silly gunzTarPerm extractEntry test/basic.js
755 silly gunzTarPerm modified mode [ 'test/basic.js', 420, 438 ]
756 silly lockFile eddfaa6d-s-minimatch-node-modules-sigmund tar://E:\RedimedProject\Projects\redimedProjStruct\node_modules\java\node_modules\glob\node_modules\minimatch\node_modules\sigmund
757 silly lockFile eddfaa6d-s-minimatch-node-modules-sigmund tar://E:\RedimedProject\Projects\redimedProjStruct\node_modules\java\node_modules\glob\node_modules\minimatch\node_modules\sigmund
758 silly lockFile 55d79c51--cache-sigmund-1-0-0-package-tgz tar://C:\Users\Zen\AppData\Roaming\npm-cache\sigmund\1.0.0\package.tgz
759 silly lockFile 55d79c51--cache-sigmund-1-0-0-package-tgz tar://C:\Users\Zen\AppData\Roaming\npm-cache\sigmund\1.0.0\package.tgz
760 info preinstall sigmund@1.0.0
761 verbose readDependencies using package.json deps
762 verbose readDependencies using package.json deps
763 silly resolved []
764 verbose about to build E:\RedimedProject\Projects\redimedProjStruct\node_modules\java\node_modules\glob\node_modules\minimatch\node_modules\sigmund
765 info build E:\RedimedProject\Projects\redimedProjStruct\node_modules\java\node_modules\glob\node_modules\minimatch\node_modules\sigmund
766 verbose linkStuff [ false,
766 verbose linkStuff   false,
766 verbose linkStuff   false,
766 verbose linkStuff   'E:\\RedimedProject\\Projects\\redimedProjStruct\\node_modules\\java\\node_modules\\glob\\node_modules\\minimatch\\node_modules' ]
767 info linkStuff sigmund@1.0.0
768 verbose linkBins sigmund@1.0.0
769 verbose linkMans sigmund@1.0.0
770 verbose rebuildBundles sigmund@1.0.0
771 info install sigmund@1.0.0
772 info postinstall sigmund@1.0.0
773 silly lockFile cdde5390-minimatch-node-modules-lru-cache tar://E:\RedimedProject\Projects\redimedProjStruct\node_modules\java\node_modules\glob\node_modules\minimatch\node_modules\lru-cache
774 silly lockFile cdde5390-minimatch-node-modules-lru-cache tar://E:\RedimedProject\Projects\redimedProjStruct\node_modules\java\node_modules\glob\node_modules\minimatch\node_modules\lru-cache
775 silly lockFile 45cace13-ache-lru-cache-2-5-0-package-tgz tar://C:\Users\Zen\AppData\Roaming\npm-cache\lru-cache\2.5.0\package.tgz
776 silly lockFile 45cace13-ache-lru-cache-2-5-0-package-tgz tar://C:\Users\Zen\AppData\Roaming\npm-cache\lru-cache\2.5.0\package.tgz
777 info preinstall lru-cache@2.5.0
778 verbose readDependencies using package.json deps
779 verbose readDependencies using package.json deps
780 silly resolved []
781 verbose about to build E:\RedimedProject\Projects\redimedProjStruct\node_modules\java\node_modules\glob\node_modules\minimatch\node_modules\lru-cache
782 info build E:\RedimedProject\Projects\redimedProjStruct\node_modules\java\node_modules\glob\node_modules\minimatch\node_modules\lru-cache
783 verbose linkStuff [ false,
783 verbose linkStuff   false,
783 verbose linkStuff   false,
783 verbose linkStuff   'E:\\RedimedProject\\Projects\\redimedProjStruct\\node_modules\\java\\node_modules\\glob\\node_modules\\minimatch\\node_modules' ]
784 info linkStuff lru-cache@2.5.0
785 verbose linkBins lru-cache@2.5.0
786 verbose linkMans lru-cache@2.5.0
787 verbose rebuildBundles lru-cache@2.5.0
788 info install lru-cache@2.5.0
789 info postinstall lru-cache@2.5.0
790 verbose about to build E:\RedimedProject\Projects\redimedProjStruct\node_modules\java\node_modules\glob\node_modules\minimatch
791 info build E:\RedimedProject\Projects\redimedProjStruct\node_modules\java\node_modules\glob\node_modules\minimatch
792 verbose linkStuff [ false,
792 verbose linkStuff   false,
792 verbose linkStuff   false,
792 verbose linkStuff   'E:\\RedimedProject\\Projects\\redimedProjStruct\\node_modules\\java\\node_modules\\glob\\node_modules' ]
793 info linkStuff minimatch@0.3.0
794 verbose linkBins minimatch@0.3.0
795 verbose linkMans minimatch@0.3.0
796 verbose rebuildBundles minimatch@0.3.0
797 verbose rebuildBundles [ 'lru-cache', 'sigmund' ]
798 info install minimatch@0.3.0
799 info postinstall minimatch@0.3.0
800 verbose about to build E:\RedimedProject\Projects\redimedProjStruct\node_modules\java\node_modules\glob
801 info build E:\RedimedProject\Projects\redimedProjStruct\node_modules\java\node_modules\glob
802 verbose linkStuff [ false,
802 verbose linkStuff   false,
802 verbose linkStuff   false,
802 verbose linkStuff   'E:\\RedimedProject\\Projects\\redimedProjStruct\\node_modules\\java\\node_modules' ]
803 info linkStuff glob@3.2.11
804 verbose linkBins glob@3.2.11
805 verbose linkMans glob@3.2.11
806 verbose rebuildBundles glob@3.2.11
807 verbose rebuildBundles [ 'inherits', 'minimatch' ]
808 info install glob@3.2.11
809 info postinstall glob@3.2.11
810 verbose about to build E:\RedimedProject\Projects\redimedProjStruct\node_modules\java
811 info build E:\RedimedProject\Projects\redimedProjStruct\node_modules\java
812 verbose linkStuff [ false,
812 verbose linkStuff   false,
812 verbose linkStuff   false,
812 verbose linkStuff   'E:\\RedimedProject\\Projects\\redimedProjStruct\\node_modules' ]
813 info linkStuff java@0.4.2
814 verbose linkBins java@0.4.2
815 verbose linkMans java@0.4.2
816 verbose rebuildBundles java@0.4.2
817 verbose rebuildBundles [ 'find-java-home', 'glob', 'nan' ]
818 info install java@0.4.2
819 verbose unsafe-perm in lifecycle true
820 info java@0.4.2 Failed to exec install script
821 verbose node_modules\java unbuild
822 info preuninstall java@0.4.2
823 info uninstall java@0.4.2
824 verbose true,E:\RedimedProject\Projects\redimedProjStruct\node_modules,E:\RedimedProject\Projects\redimedProjStruct\node_modules unbuild java@0.4.2
825 info postuninstall java@0.4.2
826 error java@0.4.2 install: `node-gyp rebuild`
826 error Exit status 1
827 error Failed at the java@0.4.2 install script.
827 error This is most likely a problem with the java package,
827 error not with npm itself.
827 error Tell the author that this fails on your system:
827 error     node-gyp rebuild
827 error You can get their info via:
827 error     npm owner ls java
827 error There is likely additional logging output above.
828 error System Windows_NT 6.2.9200
829 error command "E:\\Program Files\\nodejs\\\\node.exe" "E:\\Program Files\\nodejs\\node_modules\\npm\\bin\\npm-cli.js" "install" "java"
830 error cwd E:\RedimedProject\Projects\redimedProjStruct
831 error node -v v0.10.30
832 error npm -v 1.4.21
833 error code ELIFECYCLE
834 verbose exit [ 1, true ]
