Exec SQL (Sat Nov 22 2014 14:31:24 GMT+0700 (SE Asia Standard Time)): UPDATE cln_insurers SET suburb = 'ZZZZ' WHERE id = 1
Exec SQL (Sat Nov 22 2014 14:31:25 GMT+0700 (SE Asia Standard Time)): INSERT INTO cln_insurers(id, insurer_name) VALUES (5, 'CAI NAY  NE')
Exec SQL (Sat Nov 22 2014 14:42:51 GMT+0700 (SE Asia Standard Time)): SELECT id, Company_name, Industry, Addr, State, Country FROM companies LIMIT 10
Exec SQL (Sat Nov 22 2014 14:42:51 GMT+0700 (SE Asia Standard Time)): SELECT COUNT(1) AS "count" FROM companies
Exec SQL (Sat Nov 22 2014 14:42:55 GMT+0700 (SE Asia Standard Time)): SELECT id, Company_name, Industry, Addr, State, Country FROM companies LIMIT 10
Exec SQL (Sat Nov 22 2014 14:42:55 GMT+0700 (SE Asia Standard Time)): SELECT COUNT(1) AS "count" FROM companies
Exec SQL (Sat Nov 22 2014 15:30:49 GMT+0700 (SE Asia Standard Time)): SELECT * FROM doctors WHERE (user_id = 29)
Exec SQL (Sat Nov 22 2014 15:30:49 GMT+0700 (SE Asia Standard Time)): SELECT p.Patient_id, p.Title, p.First_name, p.Sur_name, p.Middle_name, p.Post_code, p.Address1 FROM cln_patients p  INNER JOIN cln_appointment_calendar cac ON cac.Patient_id=p.Patient_id AND DOCTOR_ID=17  ORDER BY p.Creation_date DESC  LIMIT 10 OFFSET 0
Exec SQL (Sat Nov 22 2014 15:30:49 GMT+0700 (SE Asia Standard Time)): SELECT COUNT(p.Patient_id) AS count  FROM cln_patients p  INNER JOIN cln_appointment_calendar cac ON cac.Patient_id=p.Patient_id AND DOCTOR_ID=17 
Exec SQL (Sat Nov 22 2014 15:30:50 GMT+0700 (SE Asia Standard Time)): SELECT CAL_ID, Site_name, APP_TYPE, FROM_TIME, TO_TIME, NOTES FROM redimedsites INNER JOIN (SELECT CAL_ID, SITE_ID, APP_TYPE, DATE_FORMAT(FROM_TIME,'%d/%m/%Y %h:%i') AS "FROM_TIME", DATE_FORMAT(TO_TIME,'%d/%m/%Y %h:%i') AS "TO_TIME", NOTES FROM cln_appointment_calendar WHERE (patient_id = '399') AND (doctor_id = '17')) `appt` ON (redimedsites.id = appt.SITE_ID)
Exec SQL (Sat Nov 22 2014 15:30:50 GMT+0700 (SE Asia Standard Time)): SELECT * FROM cln_patients WHERE (Patient_id = '399')
Exec SQL (Sat Nov 22 2014 15:30:52 GMT+0700 (SE Asia Standard Time)): SELECT * FROM cln_patients WHERE (Patient_id = '399')
Exec SQL (Sat Nov 22 2014 15:30:52 GMT+0700 (SE Asia Standard Time)): SELECT DATE_FORMAT(FROM_TIME,'%d/%m/%Y %h:%i') AS "FROM_TIME", DATE_FORMAT(TO_TIME,'%d/%m/%Y %h:%i') AS "TO_TIME", (SELECT CLINICAL_DEPT_NAME FROM cln_clinical_depts WHERE (CLINICAL_DEPT_ID = appt.CLINICAL_DEPT_ID)) AS "CLINICAL_DEPT_NAME", (SELECT Site_name FROM redimedsites WHERE (id = appt.SITE_ID)) AS "SITE_NAME", CAL_ID, PHONE, APP_TYPE, STATUS, ACC_TYPE, NOTES FROM cln_appointment_calendar `appt` WHERE (CAL_ID = '2446')
Exec SQL (Sat Nov 22 2014 15:30:52 GMT+0700 (SE Asia Standard Time)): SELECT inv_items.ITEM_ID AS "ITEM_ID", inv_items.isenable AS "ISENABLE", ITEM_NAME, AMA_CODE, AMA_DESC, ITEM_CODE, item_headers.POPULAR_HEADER_ID, POPULAR_NAME FROM cln_popular_item_headers `item_headers` INNER JOIN (SELECT POPULAR_HEADER_ID FROM cln_dept_item_lists WHERE (CLINICAL_DEPT_ID = '1')) `dept_item` ON (item_headers.POPULAR_HEADER_ID = dept_item.POPULAR_HEADER_ID) INNER JOIN cln_popular_item_lines ON (cln_popular_item_lines.POPULAR_HEADER_ID = item_headers.POPULAR_HEADER_ID) INNER JOIN (SELECT ITEM_ID, ITEM_CODE, ITEM_NAME, AMA_CODE, AMA_DESC, isenable FROM inv_items WHERE (isenable = 1)) `inv_items` ON (cln_popular_item_lines.ITEM_ID = inv_items.ITEM_ID) WHERE (item_headers.isenable = 1)
Exec SQL (Sat Nov 22 2014 15:30:52 GMT+0700 (SE Asia Standard Time)): SELECT appt_item_id, ITEM_ID, ITEM_NAME, ITEM_CODE, QUANTITY FROM inv_items INNER JOIN cln_appt_items `appt_items` ON (appt_items.CLN_ITEM_ID = inv_items.ITEM_ID) WHERE (cal_id = 2446)
Exec SQL (Sat Nov 22 2014 15:30:57 GMT+0700 (SE Asia Standard Time)): SELECT * FROM doctors WHERE (user_id = 29)
Exec SQL (Sat Nov 22 2014 15:30:57 GMT+0700 (SE Asia Standard Time)): SELECT p.Patient_id, p.Title, p.First_name, p.Sur_name, p.Middle_name, p.Post_code, p.Address1 FROM cln_patients p  INNER JOIN cln_appointment_calendar cac ON cac.Patient_id=p.Patient_id AND DOCTOR_ID=17  ORDER BY p.Creation_date DESC  LIMIT 10 OFFSET 0
Exec SQL (Sat Nov 22 2014 15:30:57 GMT+0700 (SE Asia Standard Time)): SELECT COUNT(p.Patient_id) AS count  FROM cln_patients p  INNER JOIN cln_appointment_calendar cac ON cac.Patient_id=p.Patient_id AND DOCTOR_ID=17 
Exec SQL (Sat Nov 22 2014 15:31:10 GMT+0700 (SE Asia Standard Time)): SELECT * FROM doctors WHERE (user_id = 29)
Exec SQL (Sat Nov 22 2014 15:31:10 GMT+0700 (SE Asia Standard Time)): SELECT p.Patient_id, p.Title, p.First_name, p.Sur_name, p.Middle_name, p.Post_code, p.Address1 FROM cln_patients p  INNER JOIN cln_appointment_calendar cac ON cac.Patient_id=p.Patient_id AND DOCTOR_ID=17  ORDER BY p.Creation_date DESC  LIMIT 10 OFFSET 0
Exec SQL (Sat Nov 22 2014 15:31:10 GMT+0700 (SE Asia Standard Time)): SELECT COUNT(p.Patient_id) AS count  FROM cln_patients p  INNER JOIN cln_appointment_calendar cac ON cac.Patient_id=p.Patient_id AND DOCTOR_ID=17 
Exec SQL (Sat Nov 22 2014 15:31:12 GMT+0700 (SE Asia Standard Time)): SELECT * FROM doctors WHERE (user_id = 29)
Exec SQL (Sat Nov 22 2014 15:31:12 GMT+0700 (SE Asia Standard Time)): SELECT p.Patient_id, p.Title, p.First_name, p.Sur_name, p.Middle_name, p.Post_code, p.Address1 FROM cln_patients p  INNER JOIN cln_appointment_calendar cac ON cac.Patient_id=p.Patient_id AND DOCTOR_ID=17  ORDER BY p.Creation_date DESC  LIMIT 10 OFFSET 0
Exec SQL (Sat Nov 22 2014 15:31:12 GMT+0700 (SE Asia Standard Time)): SELECT COUNT(p.Patient_id) AS count  FROM cln_patients p  INNER JOIN cln_appointment_calendar cac ON cac.Patient_id=p.Patient_id AND DOCTOR_ID=17 
Exec SQL (Sat Nov 22 2014 15:31:14 GMT+0700 (SE Asia Standard Time)): SELECT * FROM doctors WHERE (user_id = 29)
Exec SQL (Sat Nov 22 2014 15:31:14 GMT+0700 (SE Asia Standard Time)): SELECT p.Patient_id, p.Title, p.First_name, p.Sur_name, p.Middle_name, p.Post_code, p.Address1 FROM cln_patients p  INNER JOIN cln_appointment_calendar cac ON cac.Patient_id=p.Patient_id AND DOCTOR_ID=17  ORDER BY p.Creation_date DESC  LIMIT 10 OFFSET 0
Exec SQL (Sat Nov 22 2014 15:31:14 GMT+0700 (SE Asia Standard Time)): SELECT COUNT(p.Patient_id) AS count  FROM cln_patients p  INNER JOIN cln_appointment_calendar cac ON cac.Patient_id=p.Patient_id AND DOCTOR_ID=17 
Exec SQL (Sat Nov 22 2014 15:31:15 GMT+0700 (SE Asia Standard Time)): SELECT CAL_ID, Site_name, APP_TYPE, FROM_TIME, TO_TIME, NOTES FROM redimedsites INNER JOIN (SELECT CAL_ID, SITE_ID, APP_TYPE, DATE_FORMAT(FROM_TIME,'%d/%m/%Y %h:%i') AS "FROM_TIME", DATE_FORMAT(TO_TIME,'%d/%m/%Y %h:%i') AS "TO_TIME", NOTES FROM cln_appointment_calendar WHERE (patient_id = '399') AND (doctor_id = '17')) `appt` ON (redimedsites.id = appt.SITE_ID)
Exec SQL (Sat Nov 22 2014 15:31:15 GMT+0700 (SE Asia Standard Time)): SELECT * FROM cln_patients WHERE (Patient_id = '399')
Exec SQL (Sat Nov 22 2014 15:31:17 GMT+0700 (SE Asia Standard Time)): SELECT * FROM cln_patients WHERE (Patient_id = '399')
Exec SQL (Sat Nov 22 2014 15:31:17 GMT+0700 (SE Asia Standard Time)): SELECT DATE_FORMAT(FROM_TIME,'%d/%m/%Y %h:%i') AS "FROM_TIME", DATE_FORMAT(TO_TIME,'%d/%m/%Y %h:%i') AS "TO_TIME", (SELECT CLINICAL_DEPT_NAME FROM cln_clinical_depts WHERE (CLINICAL_DEPT_ID = appt.CLINICAL_DEPT_ID)) AS "CLINICAL_DEPT_NAME", (SELECT Site_name FROM redimedsites WHERE (id = appt.SITE_ID)) AS "SITE_NAME", CAL_ID, PHONE, APP_TYPE, STATUS, ACC_TYPE, NOTES FROM cln_appointment_calendar `appt` WHERE (CAL_ID = '2446')
Exec SQL (Sat Nov 22 2014 15:31:17 GMT+0700 (SE Asia Standard Time)): SELECT inv_items.ITEM_ID AS "ITEM_ID", inv_items.isenable AS "ISENABLE", ITEM_NAME, AMA_CODE, AMA_DESC, ITEM_CODE, item_headers.POPULAR_HEADER_ID, POPULAR_NAME FROM cln_popular_item_headers `item_headers` INNER JOIN (SELECT POPULAR_HEADER_ID FROM cln_dept_item_lists WHERE (CLINICAL_DEPT_ID = '1')) `dept_item` ON (item_headers.POPULAR_HEADER_ID = dept_item.POPULAR_HEADER_ID) INNER JOIN cln_popular_item_lines ON (cln_popular_item_lines.POPULAR_HEADER_ID = item_headers.POPULAR_HEADER_ID) INNER JOIN (SELECT ITEM_ID, ITEM_CODE, ITEM_NAME, AMA_CODE, AMA_DESC, isenable FROM inv_items WHERE (isenable = 1)) `inv_items` ON (cln_popular_item_lines.ITEM_ID = inv_items.ITEM_ID) WHERE (item_headers.isenable = 1)
Exec SQL (Sat Nov 22 2014 15:31:17 GMT+0700 (SE Asia Standard Time)): SELECT appt_item_id, ITEM_ID, ITEM_NAME, ITEM_CODE, QUANTITY FROM inv_items INNER JOIN cln_appt_items `appt_items` ON (appt_items.CLN_ITEM_ID = inv_items.ITEM_ID) WHERE (cal_id = 2446)
Exec SQL (Sat Nov 22 2014 15:31:49 GMT+0700 (SE Asia Standard Time)): SELECT * FROM doctors WHERE (user_id = 29)
Exec SQL (Sat Nov 22 2014 15:31:49 GMT+0700 (SE Asia Standard Time)): SELECT p.Patient_id, p.Title, p.First_name, p.Sur_name, p.Middle_name, p.Post_code, p.Address1 FROM cln_patients p  INNER JOIN cln_appointment_calendar cac ON cac.Patient_id=p.Patient_id AND DOCTOR_ID=17  ORDER BY p.Creation_date DESC  LIMIT 10 OFFSET 0
Exec SQL (Sat Nov 22 2014 15:31:49 GMT+0700 (SE Asia Standard Time)): SELECT COUNT(p.Patient_id) AS count  FROM cln_patients p  INNER JOIN cln_appointment_calendar cac ON cac.Patient_id=p.Patient_id AND DOCTOR_ID=17 
Exec SQL (Sat Nov 22 2014 15:31:50 GMT+0700 (SE Asia Standard Time)): SELECT CAL_ID, Site_name, APP_TYPE, FROM_TIME, TO_TIME, NOTES FROM redimedsites INNER JOIN (SELECT CAL_ID, SITE_ID, APP_TYPE, DATE_FORMAT(FROM_TIME,'%d/%m/%Y %h:%i') AS "FROM_TIME", DATE_FORMAT(TO_TIME,'%d/%m/%Y %h:%i') AS "TO_TIME", NOTES FROM cln_appointment_calendar WHERE (patient_id = '400') AND (doctor_id = '17')) `appt` ON (redimedsites.id = appt.SITE_ID)
Exec SQL (Sat Nov 22 2014 15:31:50 GMT+0700 (SE Asia Standard Time)): SELECT * FROM cln_patients WHERE (Patient_id = '400')
Exec SQL (Sat Nov 22 2014 15:31:58 GMT+0700 (SE Asia Standard Time)): SELECT * FROM doctors WHERE (user_id = 29)
Exec SQL (Sat Nov 22 2014 15:31:58 GMT+0700 (SE Asia Standard Time)): SELECT p.Patient_id, p.Title, p.First_name, p.Sur_name, p.Middle_name, p.Post_code, p.Address1 FROM cln_patients p  INNER JOIN cln_appointment_calendar cac ON cac.Patient_id=p.Patient_id AND DOCTOR_ID=17  ORDER BY p.Creation_date DESC  LIMIT 10 OFFSET 0
Exec SQL (Sat Nov 22 2014 15:31:58 GMT+0700 (SE Asia Standard Time)): SELECT COUNT(p.Patient_id) AS count  FROM cln_patients p  INNER JOIN cln_appointment_calendar cac ON cac.Patient_id=p.Patient_id AND DOCTOR_ID=17 
Exec SQL (Sat Nov 22 2014 15:32:00 GMT+0700 (SE Asia Standard Time)): SELECT * FROM doctors WHERE (user_id = 29)
Exec SQL (Sat Nov 22 2014 15:32:00 GMT+0700 (SE Asia Standard Time)): SELECT p.Patient_id, p.Title, p.First_name, p.Sur_name, p.Middle_name, p.Post_code, p.Address1 FROM cln_patients p  INNER JOIN cln_appointment_calendar cac ON cac.Patient_id=p.Patient_id AND DOCTOR_ID=17  ORDER BY p.Creation_date DESC  LIMIT 10 OFFSET 0
Exec SQL (Sat Nov 22 2014 15:32:00 GMT+0700 (SE Asia Standard Time)): SELECT COUNT(p.Patient_id) AS count  FROM cln_patients p  INNER JOIN cln_appointment_calendar cac ON cac.Patient_id=p.Patient_id AND DOCTOR_ID=17 
Exec SQL (Sat Nov 22 2014 15:32:01 GMT+0700 (SE Asia Standard Time)): SELECT * FROM cln_patients WHERE (Patient_id = '399')
Exec SQL (Sat Nov 22 2014 15:32:01 GMT+0700 (SE Asia Standard Time)): SELECT CAL_ID, Site_name, APP_TYPE, FROM_TIME, TO_TIME, NOTES FROM redimedsites INNER JOIN (SELECT CAL_ID, SITE_ID, APP_TYPE, DATE_FORMAT(FROM_TIME,'%d/%m/%Y %h:%i') AS "FROM_TIME", DATE_FORMAT(TO_TIME,'%d/%m/%Y %h:%i') AS "TO_TIME", NOTES FROM cln_appointment_calendar WHERE (patient_id = '399') AND (doctor_id = '17')) `appt` ON (redimedsites.id = appt.SITE_ID)
Exec SQL (Sat Nov 22 2014 15:32:02 GMT+0700 (SE Asia Standard Time)): SELECT * FROM cln_patients WHERE (Patient_id = '399')
Exec SQL (Sat Nov 22 2014 15:32:02 GMT+0700 (SE Asia Standard Time)): SELECT DATE_FORMAT(FROM_TIME,'%d/%m/%Y %h:%i') AS "FROM_TIME", DATE_FORMAT(TO_TIME,'%d/%m/%Y %h:%i') AS "TO_TIME", (SELECT CLINICAL_DEPT_NAME FROM cln_clinical_depts WHERE (CLINICAL_DEPT_ID = appt.CLINICAL_DEPT_ID)) AS "CLINICAL_DEPT_NAME", (SELECT Site_name FROM redimedsites WHERE (id = appt.SITE_ID)) AS "SITE_NAME", CAL_ID, PHONE, APP_TYPE, STATUS, ACC_TYPE, NOTES FROM cln_appointment_calendar `appt` WHERE (CAL_ID = '2446')
Exec SQL (Sat Nov 22 2014 15:32:02 GMT+0700 (SE Asia Standard Time)): SELECT inv_items.ITEM_ID AS "ITEM_ID", inv_items.isenable AS "ISENABLE", ITEM_NAME, AMA_CODE, AMA_DESC, ITEM_CODE, item_headers.POPULAR_HEADER_ID, POPULAR_NAME FROM cln_popular_item_headers `item_headers` INNER JOIN (SELECT POPULAR_HEADER_ID FROM cln_dept_item_lists WHERE (CLINICAL_DEPT_ID = '1')) `dept_item` ON (item_headers.POPULAR_HEADER_ID = dept_item.POPULAR_HEADER_ID) INNER JOIN cln_popular_item_lines ON (cln_popular_item_lines.POPULAR_HEADER_ID = item_headers.POPULAR_HEADER_ID) INNER JOIN (SELECT ITEM_ID, ITEM_CODE, ITEM_NAME, AMA_CODE, AMA_DESC, isenable FROM inv_items WHERE (isenable = 1)) `inv_items` ON (cln_popular_item_lines.ITEM_ID = inv_items.ITEM_ID) WHERE (item_headers.isenable = 1)
Exec SQL (Sat Nov 22 2014 15:32:02 GMT+0700 (SE Asia Standard Time)): SELECT appt_item_id, ITEM_ID, ITEM_NAME, ITEM_CODE, QUANTITY FROM inv_items INNER JOIN cln_appt_items `appt_items` ON (appt_items.CLN_ITEM_ID = inv_items.ITEM_ID) WHERE (cal_id = 2446)
Exec SQL (Sat Nov 22 2014 15:32:29 GMT+0700 (SE Asia Standard Time)): SELECT * FROM cln_patients WHERE (Patient_id = '399')
Exec SQL (Sat Nov 22 2014 15:32:29 GMT+0700 (SE Asia Standard Time)): SELECT DATE_FORMAT(FROM_TIME,'%d/%m/%Y %h:%i') AS "FROM_TIME", DATE_FORMAT(TO_TIME,'%d/%m/%Y %h:%i') AS "TO_TIME", (SELECT CLINICAL_DEPT_NAME FROM cln_clinical_depts WHERE (CLINICAL_DEPT_ID = appt.CLINICAL_DEPT_ID)) AS "CLINICAL_DEPT_NAME", (SELECT Site_name FROM redimedsites WHERE (id = appt.SITE_ID)) AS "SITE_NAME", CAL_ID, PHONE, APP_TYPE, STATUS, ACC_TYPE, NOTES FROM cln_appointment_calendar `appt` WHERE (CAL_ID = '2446')
Exec SQL (Sat Nov 22 2014 15:32:29 GMT+0700 (SE Asia Standard Time)): SELECT inv_items.ITEM_ID AS "ITEM_ID", inv_items.isenable AS "ISENABLE", ITEM_NAME, AMA_CODE, AMA_DESC, ITEM_CODE, item_headers.POPULAR_HEADER_ID, POPULAR_NAME FROM cln_popular_item_headers `item_headers` INNER JOIN (SELECT POPULAR_HEADER_ID FROM cln_dept_item_lists WHERE (CLINICAL_DEPT_ID = '1')) `dept_item` ON (item_headers.POPULAR_HEADER_ID = dept_item.POPULAR_HEADER_ID) INNER JOIN cln_popular_item_lines ON (cln_popular_item_lines.POPULAR_HEADER_ID = item_headers.POPULAR_HEADER_ID) INNER JOIN (SELECT ITEM_ID, ITEM_CODE, ITEM_NAME, AMA_CODE, AMA_DESC, isenable FROM inv_items WHERE (isenable = 1)) `inv_items` ON (cln_popular_item_lines.ITEM_ID = inv_items.ITEM_ID) WHERE (item_headers.isenable = 1)
Exec SQL (Sat Nov 22 2014 15:32:29 GMT+0700 (SE Asia Standard Time)): SELECT appt_item_id, ITEM_ID, ITEM_NAME, ITEM_CODE, QUANTITY FROM inv_items INNER JOIN cln_appt_items `appt_items` ON (appt_items.CLN_ITEM_ID = inv_items.ITEM_ID) WHERE (cal_id = 2446)
Exec SQL (Sat Nov 22 2014 15:32:39 GMT+0700 (SE Asia Standard Time)): SELECT * FROM doctors WHERE (user_id = 29)
Exec SQL (Sat Nov 22 2014 15:32:39 GMT+0700 (SE Asia Standard Time)): SELECT p.Patient_id, p.Title, p.First_name, p.Sur_name, p.Middle_name, p.Post_code, p.Address1 FROM cln_patients p  INNER JOIN cln_appointment_calendar cac ON cac.Patient_id=p.Patient_id AND DOCTOR_ID=17  ORDER BY p.Creation_date DESC  LIMIT 10 OFFSET 0
Exec SQL (Sat Nov 22 2014 15:32:39 GMT+0700 (SE Asia Standard Time)): SELECT COUNT(p.Patient_id) AS count  FROM cln_patients p  INNER JOIN cln_appointment_calendar cac ON cac.Patient_id=p.Patient_id AND DOCTOR_ID=17 
Exec SQL (Sat Nov 22 2014 15:32:53 GMT+0700 (SE Asia Standard Time)): SELECT * FROM doctors WHERE (user_id = 29)
Exec SQL (Sat Nov 22 2014 15:32:53 GMT+0700 (SE Asia Standard Time)): SELECT p.Patient_id, p.Title, p.First_name, p.Sur_name, p.Middle_name, p.Post_code, p.Address1 FROM cln_patients p  INNER JOIN cln_appointment_calendar cac ON cac.Patient_id=p.Patient_id AND DOCTOR_ID=17  ORDER BY p.Creation_date DESC  LIMIT 5 OFFSET 0
Exec SQL (Sat Nov 22 2014 15:32:53 GMT+0700 (SE Asia Standard Time)): SELECT COUNT(p.Patient_id) AS count  FROM cln_patients p  INNER JOIN cln_appointment_calendar cac ON cac.Patient_id=p.Patient_id AND DOCTOR_ID=17 
Exec SQL (Sat Nov 22 2014 15:32:54 GMT+0700 (SE Asia Standard Time)): SELECT * FROM doctors WHERE (user_id = 29)
Exec SQL (Sat Nov 22 2014 15:32:54 GMT+0700 (SE Asia Standard Time)): SELECT p.Patient_id, p.Title, p.First_name, p.Sur_name, p.Middle_name, p.Post_code, p.Address1 FROM cln_patients p  INNER JOIN cln_appointment_calendar cac ON cac.Patient_id=p.Patient_id AND DOCTOR_ID=17  ORDER BY p.Creation_date DESC  LIMIT 50 OFFSET 0
Exec SQL (Sat Nov 22 2014 15:32:54 GMT+0700 (SE Asia Standard Time)): SELECT COUNT(p.Patient_id) AS count  FROM cln_patients p  INNER JOIN cln_appointment_calendar cac ON cac.Patient_id=p.Patient_id AND DOCTOR_ID=17 
Exec SQL (Sat Nov 22 2014 15:32:55 GMT+0700 (SE Asia Standard Time)): SELECT * FROM doctors WHERE (user_id = 29)
Exec SQL (Sat Nov 22 2014 15:32:55 GMT+0700 (SE Asia Standard Time)): SELECT p.Patient_id, p.Title, p.First_name, p.Sur_name, p.Middle_name, p.Post_code, p.Address1 FROM cln_patients p  INNER JOIN cln_appointment_calendar cac ON cac.Patient_id=p.Patient_id AND DOCTOR_ID=17  ORDER BY p.Creation_date DESC  LIMIT 10 OFFSET 0
Exec SQL (Sat Nov 22 2014 15:32:55 GMT+0700 (SE Asia Standard Time)): SELECT COUNT(p.Patient_id) AS count  FROM cln_patients p  INNER JOIN cln_appointment_calendar cac ON cac.Patient_id=p.Patient_id AND DOCTOR_ID=17 
Exec SQL (Sat Nov 22 2014 15:32:56 GMT+0700 (SE Asia Standard Time)): SELECT * FROM doctors WHERE (user_id = 29)
Exec SQL (Sat Nov 22 2014 15:32:56 GMT+0700 (SE Asia Standard Time)): SELECT p.Patient_id, p.Title, p.First_name, p.Sur_name, p.Middle_name, p.Post_code, p.Address1 FROM cln_patients p  INNER JOIN cln_appointment_calendar cac ON cac.Patient_id=p.Patient_id AND DOCTOR_ID=17  ORDER BY p.Creation_date DESC  LIMIT 10 OFFSET 0
Exec SQL (Sat Nov 22 2014 15:32:56 GMT+0700 (SE Asia Standard Time)): SELECT COUNT(p.Patient_id) AS count  FROM cln_patients p  INNER JOIN cln_appointment_calendar cac ON cac.Patient_id=p.Patient_id AND DOCTOR_ID=17 
Exec SQL (Sat Nov 22 2014 15:32:56 GMT+0700 (SE Asia Standard Time)): SELECT * FROM doctors WHERE (user_id = 29)
Exec SQL (Sat Nov 22 2014 15:32:56 GMT+0700 (SE Asia Standard Time)): SELECT p.Patient_id, p.Title, p.First_name, p.Sur_name, p.Middle_name, p.Post_code, p.Address1 FROM cln_patients p  INNER JOIN cln_appointment_calendar cac ON cac.Patient_id=p.Patient_id AND DOCTOR_ID=17  ORDER BY p.Creation_date DESC  LIMIT 10 OFFSET 0
Exec SQL (Sat Nov 22 2014 15:32:56 GMT+0700 (SE Asia Standard Time)): SELECT COUNT(p.Patient_id) AS count  FROM cln_patients p  INNER JOIN cln_appointment_calendar cac ON cac.Patient_id=p.Patient_id AND DOCTOR_ID=17 
Exec SQL (Sat Nov 22 2014 15:32:58 GMT+0700 (SE Asia Standard Time)): SELECT * FROM cln_patients WHERE (Patient_id = '400')
Exec SQL (Sat Nov 22 2014 15:32:58 GMT+0700 (SE Asia Standard Time)): SELECT CAL_ID, Site_name, APP_TYPE, FROM_TIME, TO_TIME, NOTES FROM redimedsites INNER JOIN (SELECT CAL_ID, SITE_ID, APP_TYPE, DATE_FORMAT(FROM_TIME,'%d/%m/%Y %h:%i') AS "FROM_TIME", DATE_FORMAT(TO_TIME,'%d/%m/%Y %h:%i') AS "TO_TIME", NOTES FROM cln_appointment_calendar WHERE (patient_id = '400') AND (doctor_id = '17')) `appt` ON (redimedsites.id = appt.SITE_ID)
Exec SQL (Sat Nov 22 2014 15:32:59 GMT+0700 (SE Asia Standard Time)): SELECT * FROM doctors WHERE (user_id = 29)
Exec SQL (Sat Nov 22 2014 15:32:59 GMT+0700 (SE Asia Standard Time)): SELECT p.Patient_id, p.Title, p.First_name, p.Sur_name, p.Middle_name, p.Post_code, p.Address1 FROM cln_patients p  INNER JOIN cln_appointment_calendar cac ON cac.Patient_id=p.Patient_id AND DOCTOR_ID=17  ORDER BY p.Creation_date DESC  LIMIT 10 OFFSET 0
Exec SQL (Sat Nov 22 2014 15:32:59 GMT+0700 (SE Asia Standard Time)): SELECT COUNT(p.Patient_id) AS count  FROM cln_patients p  INNER JOIN cln_appointment_calendar cac ON cac.Patient_id=p.Patient_id AND DOCTOR_ID=17 
Exec SQL (Sat Nov 22 2014 15:34:51 GMT+0700 (SE Asia Standard Time)): SELECT id, Company_name, Industry, Addr, State, Country FROM companies LIMIT 4
Exec SQL (Sat Nov 22 2014 15:34:51 GMT+0700 (SE Asia Standard Time)): SELECT COUNT(1) AS "count" FROM companies
Exec SQL (Sat Nov 22 2014 15:39:14 GMT+0700 (SE Asia Standard Time)): SELECT * FROM doctors WHERE (user_id = 29)
Exec SQL (Sat Nov 22 2014 15:39:14 GMT+0700 (SE Asia Standard Time)): SELECT p.Patient_id, p.Title, p.First_name, p.Sur_name, p.Middle_name, p.Post_code, p.Address1 FROM cln_patients p  INNER JOIN cln_appointment_calendar cac ON cac.Patient_id=p.Patient_id AND DOCTOR_ID=17  ORDER BY p.Creation_date DESC  LIMIT 10 OFFSET 0
Exec SQL (Sat Nov 22 2014 15:39:14 GMT+0700 (SE Asia Standard Time)): SELECT COUNT(p.Patient_id) AS count  FROM cln_patients p  INNER JOIN cln_appointment_calendar cac ON cac.Patient_id=p.Patient_id AND DOCTOR_ID=17 
Exec SQL (Sat Nov 22 2014 15:39:15 GMT+0700 (SE Asia Standard Time)): SELECT * FROM doctors WHERE (user_id = 29)
Exec SQL (Sat Nov 22 2014 15:39:15 GMT+0700 (SE Asia Standard Time)): SELECT p.Patient_id, p.Title, p.First_name, p.Sur_name, p.Middle_name, p.Post_code, p.Address1 FROM cln_patients p  INNER JOIN cln_appointment_calendar cac ON cac.Patient_id=p.Patient_id AND DOCTOR_ID=17  ORDER BY p.Creation_date DESC  LIMIT 10 OFFSET 0
Exec SQL (Sat Nov 22 2014 15:39:15 GMT+0700 (SE Asia Standard Time)): SELECT COUNT(p.Patient_id) AS count  FROM cln_patients p  INNER JOIN cln_appointment_calendar cac ON cac.Patient_id=p.Patient_id AND DOCTOR_ID=17 
Exec SQL (Sat Nov 22 2014 15:39:20 GMT+0700 (SE Asia Standard Time)): SELECT CAL_ID, Site_name, APP_TYPE, FROM_TIME, TO_TIME, NOTES FROM redimedsites INNER JOIN (SELECT CAL_ID, SITE_ID, APP_TYPE, DATE_FORMAT(FROM_TIME,'%d/%m/%Y %h:%i') AS "FROM_TIME", DATE_FORMAT(TO_TIME,'%d/%m/%Y %h:%i') AS "TO_TIME", NOTES FROM cln_appointment_calendar WHERE (patient_id = '399') AND (doctor_id = '17')) `appt` ON (redimedsites.id = appt.SITE_ID)
Exec SQL (Sat Nov 22 2014 15:39:20 GMT+0700 (SE Asia Standard Time)): SELECT * FROM cln_patients WHERE (Patient_id = '399')
Exec SQL (Sat Nov 22 2014 15:39:21 GMT+0700 (SE Asia Standard Time)): SELECT * FROM doctors WHERE (user_id = 29)
Exec SQL (Sat Nov 22 2014 15:39:22 GMT+0700 (SE Asia Standard Time)): SELECT p.Patient_id, p.Title, p.First_name, p.Sur_name, p.Middle_name, p.Post_code, p.Address1 FROM cln_patients p  INNER JOIN cln_appointment_calendar cac ON cac.Patient_id=p.Patient_id AND DOCTOR_ID=17  ORDER BY p.Creation_date DESC  LIMIT 10 OFFSET 0
Exec SQL (Sat Nov 22 2014 15:39:22 GMT+0700 (SE Asia Standard Time)): SELECT COUNT(p.Patient_id) AS count  FROM cln_patients p  INNER JOIN cln_appointment_calendar cac ON cac.Patient_id=p.Patient_id AND DOCTOR_ID=17 
Exec SQL (Sat Nov 22 2014 15:39:52 GMT+0700 (SE Asia Standard Time)): SELECT * FROM doctors WHERE (user_id = 29)
Exec SQL (Sat Nov 22 2014 15:39:52 GMT+0700 (SE Asia Standard Time)): SELECT p.Patient_id, p.Title, p.First_name, p.Sur_name, p.Middle_name, p.Post_code, p.Address1 FROM cln_patients p  INNER JOIN cln_appointment_calendar cac ON cac.Patient_id=p.Patient_id AND DOCTOR_ID=17  ORDER BY p.Creation_date DESC  LIMIT 10 OFFSET 0
Exec SQL (Sat Nov 22 2014 15:39:52 GMT+0700 (SE Asia Standard Time)): SELECT COUNT(p.Patient_id) AS count  FROM cln_patients p  INNER JOIN cln_appointment_calendar cac ON cac.Patient_id=p.Patient_id AND DOCTOR_ID=17 
Exec SQL (Sat Nov 22 2014 16:30:08 GMT+0700 (SE Asia Standard Time)): SELECT * FROM doctors WHERE (user_id = 10)
Exec SQL (Sat Nov 22 2014 16:30:09 GMT+0700 (SE Asia Standard Time)): SELECT p.Patient_id, p.Title, p.First_name, p.Sur_name, p.Middle_name, p.Post_code, p.Address1 FROM cln_patients p  INNER JOIN cln_appointment_calendar cac ON cac.Patient_id=p.Patient_id AND DOCTOR_ID=1  ORDER BY p.Creation_date DESC  LIMIT 10 OFFSET 0
Exec SQL (Sat Nov 22 2014 16:30:09 GMT+0700 (SE Asia Standard Time)): SELECT COUNT(p.Patient_id) AS count  FROM cln_patients p  INNER JOIN cln_appointment_calendar cac ON cac.Patient_id=p.Patient_id AND DOCTOR_ID=1 
Exec SQL (Sat Nov 22 2014 16:30:11 GMT+0700 (SE Asia Standard Time)): SELECT CAL_ID, Site_name, APP_TYPE, FROM_TIME, TO_TIME, NOTES FROM redimedsites INNER JOIN (SELECT CAL_ID, SITE_ID, APP_TYPE, DATE_FORMAT(FROM_TIME,'%d/%m/%Y %h:%i') AS "FROM_TIME", DATE_FORMAT(TO_TIME,'%d/%m/%Y %h:%i') AS "TO_TIME", NOTES FROM cln_appointment_calendar WHERE (patient_id = '116') AND (doctor_id = '1')) `appt` ON (redimedsites.id = appt.SITE_ID)
Exec SQL (Sat Nov 22 2014 16:30:11 GMT+0700 (SE Asia Standard Time)): SELECT * FROM cln_patients WHERE (Patient_id = '116')
Exec SQL (Sat Nov 22 2014 16:30:13 GMT+0700 (SE Asia Standard Time)): SELECT DATE_FORMAT(FROM_TIME,'%d/%m/%Y %h:%i') AS "FROM_TIME", DATE_FORMAT(TO_TIME,'%d/%m/%Y %h:%i') AS "TO_TIME", (SELECT CLINICAL_DEPT_NAME FROM cln_clinical_depts WHERE (CLINICAL_DEPT_ID = appt.CLINICAL_DEPT_ID)) AS "CLINICAL_DEPT_NAME", (SELECT Site_name FROM redimedsites WHERE (id = appt.SITE_ID)) AS "SITE_NAME", CAL_ID, PHONE, APP_TYPE, STATUS, ACC_TYPE, NOTES FROM cln_appointment_calendar `appt` WHERE (CAL_ID = '15733')
Exec SQL (Sat Nov 22 2014 16:30:13 GMT+0700 (SE Asia Standard Time)): SELECT * FROM cln_patients WHERE (Patient_id = '116')
Exec SQL (Sat Nov 22 2014 16:30:13 GMT+0700 (SE Asia Standard Time)): SELECT inv_items.ITEM_ID AS "ITEM_ID", inv_items.isenable AS "ISENABLE", ITEM_NAME, AMA_CODE, AMA_DESC, ITEM_CODE, item_headers.POPULAR_HEADER_ID, POPULAR_NAME FROM cln_popular_item_headers `item_headers` INNER JOIN (SELECT POPULAR_HEADER_ID FROM cln_dept_item_lists WHERE (CLINICAL_DEPT_ID = '2')) `dept_item` ON (item_headers.POPULAR_HEADER_ID = dept_item.POPULAR_HEADER_ID) INNER JOIN cln_popular_item_lines ON (cln_popular_item_lines.POPULAR_HEADER_ID = item_headers.POPULAR_HEADER_ID) INNER JOIN (SELECT ITEM_ID, ITEM_CODE, ITEM_NAME, AMA_CODE, AMA_DESC, isenable FROM inv_items WHERE (isenable = 1)) `inv_items` ON (cln_popular_item_lines.ITEM_ID = inv_items.ITEM_ID) WHERE (item_headers.isenable = 1)
Exec SQL (Sat Nov 22 2014 16:30:13 GMT+0700 (SE Asia Standard Time)): SELECT appt_item_id, ITEM_ID, ITEM_NAME, ITEM_CODE, QUANTITY FROM inv_items INNER JOIN cln_appt_items `appt_items` ON (appt_items.CLN_ITEM_ID = inv_items.ITEM_ID) WHERE (cal_id = 15733)
Exec SQL (Sat Nov 22 2014 16:37:34 GMT+0700 (SE Asia Standard Time)): SELECT * FROM doctors WHERE (user_id = 10)
Exec SQL (Sat Nov 22 2014 16:37:35 GMT+0700 (SE Asia Standard Time)): SELECT p.Patient_id, p.Title, p.First_name, p.Sur_name, p.Middle_name, p.Post_code, p.Address1 FROM cln_patients p  INNER JOIN cln_appointment_calendar cac ON cac.Patient_id=p.Patient_id AND DOCTOR_ID=1  ORDER BY p.Creation_date DESC  LIMIT 10 OFFSET 0
Exec SQL (Sat Nov 22 2014 16:37:35 GMT+0700 (SE Asia Standard Time)): SELECT COUNT(p.Patient_id) AS count  FROM cln_patients p  INNER JOIN cln_appointment_calendar cac ON cac.Patient_id=p.Patient_id AND DOCTOR_ID=1 
Exec SQL (Sat Nov 22 2014 16:37:45 GMT+0700 (SE Asia Standard Time)): SELECT CAL_ID, Site_name, APP_TYPE, FROM_TIME, TO_TIME, NOTES FROM redimedsites INNER JOIN (SELECT CAL_ID, SITE_ID, APP_TYPE, DATE_FORMAT(FROM_TIME,'%d/%m/%Y %h:%i') AS "FROM_TIME", DATE_FORMAT(TO_TIME,'%d/%m/%Y %h:%i') AS "TO_TIME", NOTES FROM cln_appointment_calendar WHERE (patient_id = '355') AND (doctor_id = '1')) `appt` ON (redimedsites.id = appt.SITE_ID)
Exec SQL (Sat Nov 22 2014 16:37:45 GMT+0700 (SE Asia Standard Time)): SELECT * FROM cln_patients WHERE (Patient_id = '355')
Exec SQL (Sat Nov 22 2014 16:37:46 GMT+0700 (SE Asia Standard Time)): SELECT * FROM cln_patients WHERE (Patient_id = '355')
Exec SQL (Sat Nov 22 2014 16:37:47 GMT+0700 (SE Asia Standard Time)): SELECT DATE_FORMAT(FROM_TIME,'%d/%m/%Y %h:%i') AS "FROM_TIME", DATE_FORMAT(TO_TIME,'%d/%m/%Y %h:%i') AS "TO_TIME", (SELECT CLINICAL_DEPT_NAME FROM cln_clinical_depts WHERE (CLINICAL_DEPT_ID = appt.CLINICAL_DEPT_ID)) AS "CLINICAL_DEPT_NAME", (SELECT Site_name FROM redimedsites WHERE (id = appt.SITE_ID)) AS "SITE_NAME", CAL_ID, PHONE, APP_TYPE, STATUS, ACC_TYPE, NOTES FROM cln_appointment_calendar `appt` WHERE (CAL_ID = '19864')
Exec SQL (Sat Nov 22 2014 16:37:47 GMT+0700 (SE Asia Standard Time)): SELECT inv_items.ITEM_ID AS "ITEM_ID", inv_items.isenable AS "ISENABLE", ITEM_NAME, AMA_CODE, AMA_DESC, ITEM_CODE, item_headers.POPULAR_HEADER_ID, POPULAR_NAME FROM cln_popular_item_headers `item_headers` INNER JOIN (SELECT POPULAR_HEADER_ID FROM cln_dept_item_lists WHERE (CLINICAL_DEPT_ID = '2')) `dept_item` ON (item_headers.POPULAR_HEADER_ID = dept_item.POPULAR_HEADER_ID) INNER JOIN cln_popular_item_lines ON (cln_popular_item_lines.POPULAR_HEADER_ID = item_headers.POPULAR_HEADER_ID) INNER JOIN (SELECT ITEM_ID, ITEM_CODE, ITEM_NAME, AMA_CODE, AMA_DESC, isenable FROM inv_items WHERE (isenable = 1)) `inv_items` ON (cln_popular_item_lines.ITEM_ID = inv_items.ITEM_ID) WHERE (item_headers.isenable = 1)
Exec SQL (Sat Nov 22 2014 16:37:47 GMT+0700 (SE Asia Standard Time)): SELECT appt_item_id, ITEM_ID, ITEM_NAME, ITEM_CODE, QUANTITY FROM inv_items INNER JOIN cln_appt_items `appt_items` ON (appt_items.CLN_ITEM_ID = inv_items.ITEM_ID) WHERE (cal_id = 19864)
Exec SQL (Sat Nov 22 2014 16:46:39 GMT+0700 (SE Asia Standard Time)): SELECT * FROM doctors WHERE (user_id = 10)
Exec SQL (Sat Nov 22 2014 16:46:39 GMT+0700 (SE Asia Standard Time)): SELECT p.Patient_id, p.Title, p.First_name, p.Sur_name, p.Middle_name, p.Post_code, p.Address1 FROM cln_patients p  INNER JOIN cln_appointment_calendar cac ON cac.Patient_id=p.Patient_id AND DOCTOR_ID=1  ORDER BY p.Creation_date DESC  LIMIT 10 OFFSET 0
Exec SQL (Sat Nov 22 2014 16:46:39 GMT+0700 (SE Asia Standard Time)): SELECT COUNT(p.Patient_id) AS count  FROM cln_patients p  INNER JOIN cln_appointment_calendar cac ON cac.Patient_id=p.Patient_id AND DOCTOR_ID=1 
Exec SQL (Sat Nov 22 2014 16:46:41 GMT+0700 (SE Asia Standard Time)): SELECT CAL_ID, Site_name, APP_TYPE, FROM_TIME, TO_TIME, NOTES FROM redimedsites INNER JOIN (SELECT CAL_ID, SITE_ID, APP_TYPE, DATE_FORMAT(FROM_TIME,'%d/%m/%Y %h:%i') AS "FROM_TIME", DATE_FORMAT(TO_TIME,'%d/%m/%Y %h:%i') AS "TO_TIME", NOTES FROM cln_appointment_calendar WHERE (patient_id = '355') AND (doctor_id = '1')) `appt` ON (redimedsites.id = appt.SITE_ID)
Exec SQL (Sat Nov 22 2014 16:46:41 GMT+0700 (SE Asia Standard Time)): SELECT * FROM cln_patients WHERE (Patient_id = '355')
Exec SQL (Sat Nov 22 2014 16:46:43 GMT+0700 (SE Asia Standard Time)): SELECT * FROM cln_patients WHERE (Patient_id = '355')
Exec SQL (Sat Nov 22 2014 16:46:43 GMT+0700 (SE Asia Standard Time)): SELECT DATE_FORMAT(FROM_TIME,'%d/%m/%Y %h:%i') AS "FROM_TIME", DATE_FORMAT(TO_TIME,'%d/%m/%Y %h:%i') AS "TO_TIME", (SELECT CLINICAL_DEPT_NAME FROM cln_clinical_depts WHERE (CLINICAL_DEPT_ID = appt.CLINICAL_DEPT_ID)) AS "CLINICAL_DEPT_NAME", (SELECT Site_name FROM redimedsites WHERE (id = appt.SITE_ID)) AS "SITE_NAME", CAL_ID, PHONE, APP_TYPE, STATUS, ACC_TYPE, NOTES FROM cln_appointment_calendar `appt` WHERE (CAL_ID = '19864')
Exec SQL (Sat Nov 22 2014 16:46:43 GMT+0700 (SE Asia Standard Time)): SELECT inv_items.ITEM_ID AS "ITEM_ID", inv_items.isenable AS "ISENABLE", ITEM_NAME, AMA_CODE, AMA_DESC, ITEM_CODE, item_headers.POPULAR_HEADER_ID, POPULAR_NAME FROM cln_popular_item_headers `item_headers` INNER JOIN (SELECT POPULAR_HEADER_ID FROM cln_dept_item_lists WHERE (CLINICAL_DEPT_ID = '2')) `dept_item` ON (item_headers.POPULAR_HEADER_ID = dept_item.POPULAR_HEADER_ID) INNER JOIN cln_popular_item_lines ON (cln_popular_item_lines.POPULAR_HEADER_ID = item_headers.POPULAR_HEADER_ID) INNER JOIN (SELECT ITEM_ID, ITEM_CODE, ITEM_NAME, AMA_CODE, AMA_DESC, isenable FROM inv_items WHERE (isenable = 1)) `inv_items` ON (cln_popular_item_lines.ITEM_ID = inv_items.ITEM_ID) WHERE (item_headers.isenable = 1)
Exec SQL (Sat Nov 22 2014 16:46:43 GMT+0700 (SE Asia Standard Time)): SELECT appt_item_id, ITEM_ID, ITEM_NAME, ITEM_CODE, QUANTITY FROM inv_items INNER JOIN cln_appt_items `appt_items` ON (appt_items.CLN_ITEM_ID = inv_items.ITEM_ID) WHERE (cal_id = 19864)
Exec SQL (Sat Nov 22 2014 16:47:13 GMT+0700 (SE Asia Standard Time)): SELECT * FROM cln_patients WHERE (Patient_id = '355')
Exec SQL (Sat Nov 22 2014 16:47:13 GMT+0700 (SE Asia Standard Time)): SELECT DATE_FORMAT(FROM_TIME,'%d/%m/%Y %h:%i') AS "FROM_TIME", DATE_FORMAT(TO_TIME,'%d/%m/%Y %h:%i') AS "TO_TIME", (SELECT CLINICAL_DEPT_NAME FROM cln_clinical_depts WHERE (CLINICAL_DEPT_ID = appt.CLINICAL_DEPT_ID)) AS "CLINICAL_DEPT_NAME", (SELECT Site_name FROM redimedsites WHERE (id = appt.SITE_ID)) AS "SITE_NAME", CAL_ID, PHONE, APP_TYPE, STATUS, ACC_TYPE, NOTES FROM cln_appointment_calendar `appt` WHERE (CAL_ID = '19864')
Exec SQL (Sat Nov 22 2014 16:47:13 GMT+0700 (SE Asia Standard Time)): SELECT inv_items.ITEM_ID AS "ITEM_ID", inv_items.isenable AS "ISENABLE", ITEM_NAME, AMA_CODE, AMA_DESC, ITEM_CODE, item_headers.POPULAR_HEADER_ID, POPULAR_NAME FROM cln_popular_item_headers `item_headers` INNER JOIN (SELECT POPULAR_HEADER_ID FROM cln_dept_item_lists WHERE (CLINICAL_DEPT_ID = '2')) `dept_item` ON (item_headers.POPULAR_HEADER_ID = dept_item.POPULAR_HEADER_ID) INNER JOIN cln_popular_item_lines ON (cln_popular_item_lines.POPULAR_HEADER_ID = item_headers.POPULAR_HEADER_ID) INNER JOIN (SELECT ITEM_ID, ITEM_CODE, ITEM_NAME, AMA_CODE, AMA_DESC, isenable FROM inv_items WHERE (isenable = 1)) `inv_items` ON (cln_popular_item_lines.ITEM_ID = inv_items.ITEM_ID) WHERE (item_headers.isenable = 1)
Exec SQL (Sat Nov 22 2014 16:47:14 GMT+0700 (SE Asia Standard Time)): SELECT appt_item_id, ITEM_ID, ITEM_NAME, ITEM_CODE, QUANTITY FROM inv_items INNER JOIN cln_appt_items `appt_items` ON (appt_items.CLN_ITEM_ID = inv_items.ITEM_ID) WHERE (cal_id = 19864)
Exec SQL (Sat Nov 22 2014 16:47:15 GMT+0700 (SE Asia Standard Time)): SELECT CAL_ID, Site_name, APP_TYPE, FROM_TIME, TO_TIME, NOTES FROM redimedsites INNER JOIN (SELECT CAL_ID, SITE_ID, APP_TYPE, DATE_FORMAT(FROM_TIME,'%d/%m/%Y %h:%i') AS "FROM_TIME", DATE_FORMAT(TO_TIME,'%d/%m/%Y %h:%i') AS "TO_TIME", NOTES FROM cln_appointment_calendar WHERE (patient_id = '355') AND (doctor_id = '1')) `appt` ON (redimedsites.id = appt.SITE_ID)
Exec SQL (Sat Nov 22 2014 16:47:15 GMT+0700 (SE Asia Standard Time)): SELECT * FROM cln_patients WHERE (Patient_id = '355')
Exec SQL (Sat Nov 22 2014 16:47:16 GMT+0700 (SE Asia Standard Time)): SELECT * FROM cln_patients WHERE (Patient_id = '355')
Exec SQL (Sat Nov 22 2014 16:47:16 GMT+0700 (SE Asia Standard Time)): SELECT DATE_FORMAT(FROM_TIME,'%d/%m/%Y %h:%i') AS "FROM_TIME", DATE_FORMAT(TO_TIME,'%d/%m/%Y %h:%i') AS "TO_TIME", (SELECT CLINICAL_DEPT_NAME FROM cln_clinical_depts WHERE (CLINICAL_DEPT_ID = appt.CLINICAL_DEPT_ID)) AS "CLINICAL_DEPT_NAME", (SELECT Site_name FROM redimedsites WHERE (id = appt.SITE_ID)) AS "SITE_NAME", CAL_ID, PHONE, APP_TYPE, STATUS, ACC_TYPE, NOTES FROM cln_appointment_calendar `appt` WHERE (CAL_ID = '19864')
Exec SQL (Sat Nov 22 2014 16:47:16 GMT+0700 (SE Asia Standard Time)): SELECT inv_items.ITEM_ID AS "ITEM_ID", inv_items.isenable AS "ISENABLE", ITEM_NAME, AMA_CODE, AMA_DESC, ITEM_CODE, item_headers.POPULAR_HEADER_ID, POPULAR_NAME FROM cln_popular_item_headers `item_headers` INNER JOIN (SELECT POPULAR_HEADER_ID FROM cln_dept_item_lists WHERE (CLINICAL_DEPT_ID = '2')) `dept_item` ON (item_headers.POPULAR_HEADER_ID = dept_item.POPULAR_HEADER_ID) INNER JOIN cln_popular_item_lines ON (cln_popular_item_lines.POPULAR_HEADER_ID = item_headers.POPULAR_HEADER_ID) INNER JOIN (SELECT ITEM_ID, ITEM_CODE, ITEM_NAME, AMA_CODE, AMA_DESC, isenable FROM inv_items WHERE (isenable = 1)) `inv_items` ON (cln_popular_item_lines.ITEM_ID = inv_items.ITEM_ID) WHERE (item_headers.isenable = 1)
Exec SQL (Sat Nov 22 2014 16:47:16 GMT+0700 (SE Asia Standard Time)): SELECT appt_item_id, ITEM_ID, ITEM_NAME, ITEM_CODE, QUANTITY FROM inv_items INNER JOIN cln_appt_items `appt_items` ON (appt_items.CLN_ITEM_ID = inv_items.ITEM_ID) WHERE (cal_id = 19864)
Exec SQL (Sat Nov 22 2014 16:47:31 GMT+0700 (SE Asia Standard Time)): SELECT * FROM cln_patients WHERE (Patient_id = '355')
Exec SQL (Sat Nov 22 2014 16:47:31 GMT+0700 (SE Asia Standard Time)): SELECT DATE_FORMAT(FROM_TIME,'%d/%m/%Y %h:%i') AS "FROM_TIME", DATE_FORMAT(TO_TIME,'%d/%m/%Y %h:%i') AS "TO_TIME", (SELECT CLINICAL_DEPT_NAME FROM cln_clinical_depts WHERE (CLINICAL_DEPT_ID = appt.CLINICAL_DEPT_ID)) AS "CLINICAL_DEPT_NAME", (SELECT Site_name FROM redimedsites WHERE (id = appt.SITE_ID)) AS "SITE_NAME", CAL_ID, PHONE, APP_TYPE, STATUS, ACC_TYPE, NOTES FROM cln_appointment_calendar `appt` WHERE (CAL_ID = '19864')
Exec SQL (Sat Nov 22 2014 16:47:31 GMT+0700 (SE Asia Standard Time)): SELECT inv_items.ITEM_ID AS "ITEM_ID", inv_items.isenable AS "ISENABLE", ITEM_NAME, AMA_CODE, AMA_DESC, ITEM_CODE, item_headers.POPULAR_HEADER_ID, POPULAR_NAME FROM cln_popular_item_headers `item_headers` INNER JOIN (SELECT POPULAR_HEADER_ID FROM cln_dept_item_lists WHERE (CLINICAL_DEPT_ID = '2')) `dept_item` ON (item_headers.POPULAR_HEADER_ID = dept_item.POPULAR_HEADER_ID) INNER JOIN cln_popular_item_lines ON (cln_popular_item_lines.POPULAR_HEADER_ID = item_headers.POPULAR_HEADER_ID) INNER JOIN (SELECT ITEM_ID, ITEM_CODE, ITEM_NAME, AMA_CODE, AMA_DESC, isenable FROM inv_items WHERE (isenable = 1)) `inv_items` ON (cln_popular_item_lines.ITEM_ID = inv_items.ITEM_ID) WHERE (item_headers.isenable = 1)
Exec SQL (Sat Nov 22 2014 16:47:32 GMT+0700 (SE Asia Standard Time)): SELECT appt_item_id, ITEM_ID, ITEM_NAME, ITEM_CODE, QUANTITY FROM inv_items INNER JOIN cln_appt_items `appt_items` ON (appt_items.CLN_ITEM_ID = inv_items.ITEM_ID) WHERE (cal_id = 19864)
Exec SQL (Sat Nov 22 2014 16:53:12 GMT+0700 (SE Asia Standard Time)): SELECT * FROM cln_patients WHERE (Patient_id = '355')
Exec SQL (Sat Nov 22 2014 16:53:12 GMT+0700 (SE Asia Standard Time)): SELECT DATE_FORMAT(FROM_TIME,'%d/%m/%Y %h:%i') AS "FROM_TIME", DATE_FORMAT(TO_TIME,'%d/%m/%Y %h:%i') AS "TO_TIME", (SELECT CLINICAL_DEPT_NAME FROM cln_clinical_depts WHERE (CLINICAL_DEPT_ID = appt.CLINICAL_DEPT_ID)) AS "CLINICAL_DEPT_NAME", (SELECT Site_name FROM redimedsites WHERE (id = appt.SITE_ID)) AS "SITE_NAME", CAL_ID, PHONE, APP_TYPE, STATUS, ACC_TYPE, NOTES FROM cln_appointment_calendar `appt` WHERE (CAL_ID = '19864')
Exec SQL (Sat Nov 22 2014 16:53:12 GMT+0700 (SE Asia Standard Time)): SELECT inv_items.ITEM_ID AS "ITEM_ID", inv_items.isenable AS "ISENABLE", ITEM_NAME, AMA_CODE, AMA_DESC, ITEM_CODE, item_headers.POPULAR_HEADER_ID, POPULAR_NAME FROM cln_popular_item_headers `item_headers` INNER JOIN (SELECT POPULAR_HEADER_ID FROM cln_dept_item_lists WHERE (CLINICAL_DEPT_ID = '2')) `dept_item` ON (item_headers.POPULAR_HEADER_ID = dept_item.POPULAR_HEADER_ID) INNER JOIN cln_popular_item_lines ON (cln_popular_item_lines.POPULAR_HEADER_ID = item_headers.POPULAR_HEADER_ID) INNER JOIN (SELECT ITEM_ID, ITEM_CODE, ITEM_NAME, AMA_CODE, AMA_DESC, isenable FROM inv_items WHERE (isenable = 1)) `inv_items` ON (cln_popular_item_lines.ITEM_ID = inv_items.ITEM_ID) WHERE (item_headers.isenable = 1)
Exec SQL (Sat Nov 22 2014 16:53:13 GMT+0700 (SE Asia Standard Time)): SELECT appt_item_id, ITEM_ID, ITEM_NAME, ITEM_CODE, QUANTITY FROM inv_items INNER JOIN cln_appt_items `appt_items` ON (appt_items.CLN_ITEM_ID = inv_items.ITEM_ID) WHERE (cal_id = 19864)
Exec SQL (Sat Nov 22 2014 16:53:19 GMT+0700 (SE Asia Standard Time)): SELECT * FROM cln_patients WHERE (Patient_id = '355')
Exec SQL (Sat Nov 22 2014 16:53:19 GMT+0700 (SE Asia Standard Time)): SELECT inv_items.ITEM_ID AS "ITEM_ID", inv_items.isenable AS "ISENABLE", ITEM_NAME, AMA_CODE, AMA_DESC, ITEM_CODE, item_headers.POPULAR_HEADER_ID, POPULAR_NAME FROM cln_popular_item_headers `item_headers` INNER JOIN (SELECT POPULAR_HEADER_ID FROM cln_dept_item_lists WHERE (CLINICAL_DEPT_ID = '2')) `dept_item` ON (item_headers.POPULAR_HEADER_ID = dept_item.POPULAR_HEADER_ID) INNER JOIN cln_popular_item_lines ON (cln_popular_item_lines.POPULAR_HEADER_ID = item_headers.POPULAR_HEADER_ID) INNER JOIN (SELECT ITEM_ID, ITEM_CODE, ITEM_NAME, AMA_CODE, AMA_DESC, isenable FROM inv_items WHERE (isenable = 1)) `inv_items` ON (cln_popular_item_lines.ITEM_ID = inv_items.ITEM_ID) WHERE (item_headers.isenable = 1)
Exec SQL (Sat Nov 22 2014 16:53:19 GMT+0700 (SE Asia Standard Time)): SELECT DATE_FORMAT(FROM_TIME,'%d/%m/%Y %h:%i') AS "FROM_TIME", DATE_FORMAT(TO_TIME,'%d/%m/%Y %h:%i') AS "TO_TIME", (SELECT CLINICAL_DEPT_NAME FROM cln_clinical_depts WHERE (CLINICAL_DEPT_ID = appt.CLINICAL_DEPT_ID)) AS "CLINICAL_DEPT_NAME", (SELECT Site_name FROM redimedsites WHERE (id = appt.SITE_ID)) AS "SITE_NAME", CAL_ID, PHONE, APP_TYPE, STATUS, ACC_TYPE, NOTES FROM cln_appointment_calendar `appt` WHERE (CAL_ID = '19864')
Exec SQL (Sat Nov 22 2014 16:53:20 GMT+0700 (SE Asia Standard Time)): SELECT appt_item_id, ITEM_ID, ITEM_NAME, ITEM_CODE, QUANTITY FROM inv_items INNER JOIN cln_appt_items `appt_items` ON (appt_items.CLN_ITEM_ID = inv_items.ITEM_ID) WHERE (cal_id = 19864)
Exec SQL (Sat Nov 22 2014 16:57:21 GMT+0700 (SE Asia Standard Time)): SELECT * FROM doctors WHERE (user_id = 10)
Exec SQL (Sat Nov 22 2014 16:57:21 GMT+0700 (SE Asia Standard Time)): SELECT p.Patient_id, p.Title, p.First_name, p.Sur_name, p.Middle_name, p.Post_code, p.Address1 FROM cln_patients p  INNER JOIN cln_appointment_calendar cac ON cac.Patient_id=p.Patient_id AND DOCTOR_ID=1  ORDER BY p.Creation_date DESC  LIMIT 10 OFFSET 0
Exec SQL (Sat Nov 22 2014 16:57:21 GMT+0700 (SE Asia Standard Time)): SELECT COUNT(p.Patient_id) AS count  FROM cln_patients p  INNER JOIN cln_appointment_calendar cac ON cac.Patient_id=p.Patient_id AND DOCTOR_ID=1 
Exec SQL (Sat Nov 22 2014 16:57:23 GMT+0700 (SE Asia Standard Time)): SELECT CAL_ID, Site_name, APP_TYPE, FROM_TIME, TO_TIME, NOTES FROM redimedsites INNER JOIN (SELECT CAL_ID, SITE_ID, APP_TYPE, DATE_FORMAT(FROM_TIME,'%d/%m/%Y %h:%i') AS "FROM_TIME", DATE_FORMAT(TO_TIME,'%d/%m/%Y %h:%i') AS "TO_TIME", NOTES FROM cln_appointment_calendar WHERE (patient_id = '355') AND (doctor_id = '1')) `appt` ON (redimedsites.id = appt.SITE_ID)
Exec SQL (Sat Nov 22 2014 16:57:23 GMT+0700 (SE Asia Standard Time)): SELECT * FROM cln_patients WHERE (Patient_id = '355')
Exec SQL (Sat Nov 22 2014 16:57:24 GMT+0700 (SE Asia Standard Time)): SELECT * FROM cln_patients WHERE (Patient_id = '355')
Exec SQL (Sat Nov 22 2014 16:57:24 GMT+0700 (SE Asia Standard Time)): SELECT DATE_FORMAT(FROM_TIME,'%d/%m/%Y %h:%i') AS "FROM_TIME", DATE_FORMAT(TO_TIME,'%d/%m/%Y %h:%i') AS "TO_TIME", (SELECT CLINICAL_DEPT_NAME FROM cln_clinical_depts WHERE (CLINICAL_DEPT_ID = appt.CLINICAL_DEPT_ID)) AS "CLINICAL_DEPT_NAME", (SELECT Site_name FROM redimedsites WHERE (id = appt.SITE_ID)) AS "SITE_NAME", CAL_ID, PHONE, APP_TYPE, STATUS, ACC_TYPE, NOTES FROM cln_appointment_calendar `appt` WHERE (CAL_ID = '19864')
Exec SQL (Sat Nov 22 2014 16:57:24 GMT+0700 (SE Asia Standard Time)): SELECT inv_items.ITEM_ID AS "ITEM_ID", inv_items.isenable AS "ISENABLE", ITEM_NAME, AMA_CODE, AMA_DESC, ITEM_CODE, item_headers.POPULAR_HEADER_ID, POPULAR_NAME FROM cln_popular_item_headers `item_headers` INNER JOIN (SELECT POPULAR_HEADER_ID FROM cln_dept_item_lists WHERE (CLINICAL_DEPT_ID = '2')) `dept_item` ON (item_headers.POPULAR_HEADER_ID = dept_item.POPULAR_HEADER_ID) INNER JOIN cln_popular_item_lines ON (cln_popular_item_lines.POPULAR_HEADER_ID = item_headers.POPULAR_HEADER_ID) INNER JOIN (SELECT ITEM_ID, ITEM_CODE, ITEM_NAME, AMA_CODE, AMA_DESC, isenable FROM inv_items WHERE (isenable = 1)) `inv_items` ON (cln_popular_item_lines.ITEM_ID = inv_items.ITEM_ID) WHERE (item_headers.isenable = 1)
Exec SQL (Sat Nov 22 2014 16:57:25 GMT+0700 (SE Asia Standard Time)): SELECT appt_item_id, ITEM_ID, ITEM_NAME, ITEM_CODE, QUANTITY FROM inv_items INNER JOIN cln_appt_items `appt_items` ON (appt_items.CLN_ITEM_ID = inv_items.ITEM_ID) WHERE (cal_id = 19864)
Exec SQL (Sat Nov 22 2014 16:57:59 GMT+0700 (SE Asia Standard Time)): SELECT * FROM cln_patients WHERE (Patient_id = '355')
Exec SQL (Sat Nov 22 2014 16:57:59 GMT+0700 (SE Asia Standard Time)): SELECT DATE_FORMAT(FROM_TIME,'%d/%m/%Y %h:%i') AS "FROM_TIME", DATE_FORMAT(TO_TIME,'%d/%m/%Y %h:%i') AS "TO_TIME", (SELECT CLINICAL_DEPT_NAME FROM cln_clinical_depts WHERE (CLINICAL_DEPT_ID = appt.CLINICAL_DEPT_ID)) AS "CLINICAL_DEPT_NAME", (SELECT Site_name FROM redimedsites WHERE (id = appt.SITE_ID)) AS "SITE_NAME", CAL_ID, PHONE, APP_TYPE, STATUS, ACC_TYPE, NOTES FROM cln_appointment_calendar `appt` WHERE (CAL_ID = '19864')
Exec SQL (Sat Nov 22 2014 16:57:59 GMT+0700 (SE Asia Standard Time)): SELECT inv_items.ITEM_ID AS "ITEM_ID", inv_items.isenable AS "ISENABLE", ITEM_NAME, AMA_CODE, AMA_DESC, ITEM_CODE, item_headers.POPULAR_HEADER_ID, POPULAR_NAME FROM cln_popular_item_headers `item_headers` INNER JOIN (SELECT POPULAR_HEADER_ID FROM cln_dept_item_lists WHERE (CLINICAL_DEPT_ID = '2')) `dept_item` ON (item_headers.POPULAR_HEADER_ID = dept_item.POPULAR_HEADER_ID) INNER JOIN cln_popular_item_lines ON (cln_popular_item_lines.POPULAR_HEADER_ID = item_headers.POPULAR_HEADER_ID) INNER JOIN (SELECT ITEM_ID, ITEM_CODE, ITEM_NAME, AMA_CODE, AMA_DESC, isenable FROM inv_items WHERE (isenable = 1)) `inv_items` ON (cln_popular_item_lines.ITEM_ID = inv_items.ITEM_ID) WHERE (item_headers.isenable = 1)
Exec SQL (Sat Nov 22 2014 16:58:00 GMT+0700 (SE Asia Standard Time)): SELECT appt_item_id, ITEM_ID, ITEM_NAME, ITEM_CODE, QUANTITY FROM inv_items INNER JOIN cln_appt_items `appt_items` ON (appt_items.CLN_ITEM_ID = inv_items.ITEM_ID) WHERE (cal_id = 19864)
Exec SQL (Sat Nov 22 2014 16:59:21 GMT+0700 (SE Asia Standard Time)): SELECT * FROM cln_patients WHERE (Patient_id = '355')
Exec SQL (Sat Nov 22 2014 16:59:21 GMT+0700 (SE Asia Standard Time)): SELECT inv_items.ITEM_ID AS "ITEM_ID", inv_items.isenable AS "ISENABLE", ITEM_NAME, AMA_CODE, AMA_DESC, ITEM_CODE, item_headers.POPULAR_HEADER_ID, POPULAR_NAME FROM cln_popular_item_headers `item_headers` INNER JOIN (SELECT POPULAR_HEADER_ID FROM cln_dept_item_lists WHERE (CLINICAL_DEPT_ID = '2')) `dept_item` ON (item_headers.POPULAR_HEADER_ID = dept_item.POPULAR_HEADER_ID) INNER JOIN cln_popular_item_lines ON (cln_popular_item_lines.POPULAR_HEADER_ID = item_headers.POPULAR_HEADER_ID) INNER JOIN (SELECT ITEM_ID, ITEM_CODE, ITEM_NAME, AMA_CODE, AMA_DESC, isenable FROM inv_items WHERE (isenable = 1)) `inv_items` ON (cln_popular_item_lines.ITEM_ID = inv_items.ITEM_ID) WHERE (item_headers.isenable = 1)
Exec SQL (Sat Nov 22 2014 16:59:21 GMT+0700 (SE Asia Standard Time)): SELECT DATE_FORMAT(FROM_TIME,'%d/%m/%Y %h:%i') AS "FROM_TIME", DATE_FORMAT(TO_TIME,'%d/%m/%Y %h:%i') AS "TO_TIME", (SELECT CLINICAL_DEPT_NAME FROM cln_clinical_depts WHERE (CLINICAL_DEPT_ID = appt.CLINICAL_DEPT_ID)) AS "CLINICAL_DEPT_NAME", (SELECT Site_name FROM redimedsites WHERE (id = appt.SITE_ID)) AS "SITE_NAME", CAL_ID, PHONE, APP_TYPE, STATUS, ACC_TYPE, NOTES FROM cln_appointment_calendar `appt` WHERE (CAL_ID = '19864')
Exec SQL (Sat Nov 22 2014 16:59:22 GMT+0700 (SE Asia Standard Time)): SELECT appt_item_id, ITEM_ID, ITEM_NAME, ITEM_CODE, QUANTITY FROM inv_items INNER JOIN cln_appt_items `appt_items` ON (appt_items.CLN_ITEM_ID = inv_items.ITEM_ID) WHERE (cal_id = 19864)
Exec SQL (Sat Nov 22 2014 17:00:00 GMT+0700 (SE Asia Standard Time)): SELECT * FROM cln_patients WHERE (Patient_id = '355')
Exec SQL (Sat Nov 22 2014 17:00:00 GMT+0700 (SE Asia Standard Time)): SELECT DATE_FORMAT(FROM_TIME,'%d/%m/%Y %h:%i') AS "FROM_TIME", DATE_FORMAT(TO_TIME,'%d/%m/%Y %h:%i') AS "TO_TIME", (SELECT CLINICAL_DEPT_NAME FROM cln_clinical_depts WHERE (CLINICAL_DEPT_ID = appt.CLINICAL_DEPT_ID)) AS "CLINICAL_DEPT_NAME", (SELECT Site_name FROM redimedsites WHERE (id = appt.SITE_ID)) AS "SITE_NAME", CAL_ID, PHONE, APP_TYPE, STATUS, ACC_TYPE, NOTES FROM cln_appointment_calendar `appt` WHERE (CAL_ID = '19864')
Exec SQL (Sat Nov 22 2014 17:00:00 GMT+0700 (SE Asia Standard Time)): SELECT inv_items.ITEM_ID AS "ITEM_ID", inv_items.isenable AS "ISENABLE", ITEM_NAME, AMA_CODE, AMA_DESC, ITEM_CODE, item_headers.POPULAR_HEADER_ID, POPULAR_NAME FROM cln_popular_item_headers `item_headers` INNER JOIN (SELECT POPULAR_HEADER_ID FROM cln_dept_item_lists WHERE (CLINICAL_DEPT_ID = '2')) `dept_item` ON (item_headers.POPULAR_HEADER_ID = dept_item.POPULAR_HEADER_ID) INNER JOIN cln_popular_item_lines ON (cln_popular_item_lines.POPULAR_HEADER_ID = item_headers.POPULAR_HEADER_ID) INNER JOIN (SELECT ITEM_ID, ITEM_CODE, ITEM_NAME, AMA_CODE, AMA_DESC, isenable FROM inv_items WHERE (isenable = 1)) `inv_items` ON (cln_popular_item_lines.ITEM_ID = inv_items.ITEM_ID) WHERE (item_headers.isenable = 1)
Exec SQL (Sat Nov 22 2014 17:00:01 GMT+0700 (SE Asia Standard Time)): SELECT appt_item_id, ITEM_ID, ITEM_NAME, ITEM_CODE, QUANTITY FROM inv_items INNER JOIN cln_appt_items `appt_items` ON (appt_items.CLN_ITEM_ID = inv_items.ITEM_ID) WHERE (cal_id = 19864)
Exec SQL (Sat Nov 22 2014 17:00:18 GMT+0700 (SE Asia Standard Time)): SELECT * FROM cln_patients WHERE (Patient_id = '355')
Exec SQL (Sat Nov 22 2014 17:00:18 GMT+0700 (SE Asia Standard Time)): SELECT DATE_FORMAT(FROM_TIME,'%d/%m/%Y %h:%i') AS "FROM_TIME", DATE_FORMAT(TO_TIME,'%d/%m/%Y %h:%i') AS "TO_TIME", (SELECT CLINICAL_DEPT_NAME FROM cln_clinical_depts WHERE (CLINICAL_DEPT_ID = appt.CLINICAL_DEPT_ID)) AS "CLINICAL_DEPT_NAME", (SELECT Site_name FROM redimedsites WHERE (id = appt.SITE_ID)) AS "SITE_NAME", CAL_ID, PHONE, APP_TYPE, STATUS, ACC_TYPE, NOTES FROM cln_appointment_calendar `appt` WHERE (CAL_ID = '19864')
Exec SQL (Sat Nov 22 2014 17:00:18 GMT+0700 (SE Asia Standard Time)): SELECT inv_items.ITEM_ID AS "ITEM_ID", inv_items.isenable AS "ISENABLE", ITEM_NAME, AMA_CODE, AMA_DESC, ITEM_CODE, item_headers.POPULAR_HEADER_ID, POPULAR_NAME FROM cln_popular_item_headers `item_headers` INNER JOIN (SELECT POPULAR_HEADER_ID FROM cln_dept_item_lists WHERE (CLINICAL_DEPT_ID = '2')) `dept_item` ON (item_headers.POPULAR_HEADER_ID = dept_item.POPULAR_HEADER_ID) INNER JOIN cln_popular_item_lines ON (cln_popular_item_lines.POPULAR_HEADER_ID = item_headers.POPULAR_HEADER_ID) INNER JOIN (SELECT ITEM_ID, ITEM_CODE, ITEM_NAME, AMA_CODE, AMA_DESC, isenable FROM inv_items WHERE (isenable = 1)) `inv_items` ON (cln_popular_item_lines.ITEM_ID = inv_items.ITEM_ID) WHERE (item_headers.isenable = 1)
Exec SQL (Sat Nov 22 2014 17:00:19 GMT+0700 (SE Asia Standard Time)): SELECT appt_item_id, ITEM_ID, ITEM_NAME, ITEM_CODE, QUANTITY FROM inv_items INNER JOIN cln_appt_items `appt_items` ON (appt_items.CLN_ITEM_ID = inv_items.ITEM_ID) WHERE (cal_id = 19864)
Exec SQL (Sat Nov 22 2014 17:00:39 GMT+0700 (SE Asia Standard Time)): SELECT * FROM cln_patients WHERE (Patient_id = '355')
Exec SQL (Sat Nov 22 2014 17:00:39 GMT+0700 (SE Asia Standard Time)): SELECT DATE_FORMAT(FROM_TIME,'%d/%m/%Y %h:%i') AS "FROM_TIME", DATE_FORMAT(TO_TIME,'%d/%m/%Y %h:%i') AS "TO_TIME", (SELECT CLINICAL_DEPT_NAME FROM cln_clinical_depts WHERE (CLINICAL_DEPT_ID = appt.CLINICAL_DEPT_ID)) AS "CLINICAL_DEPT_NAME", (SELECT Site_name FROM redimedsites WHERE (id = appt.SITE_ID)) AS "SITE_NAME", CAL_ID, PHONE, APP_TYPE, STATUS, ACC_TYPE, NOTES FROM cln_appointment_calendar `appt` WHERE (CAL_ID = '19864')
Exec SQL (Sat Nov 22 2014 17:00:39 GMT+0700 (SE Asia Standard Time)): SELECT inv_items.ITEM_ID AS "ITEM_ID", inv_items.isenable AS "ISENABLE", ITEM_NAME, AMA_CODE, AMA_DESC, ITEM_CODE, item_headers.POPULAR_HEADER_ID, POPULAR_NAME FROM cln_popular_item_headers `item_headers` INNER JOIN (SELECT POPULAR_HEADER_ID FROM cln_dept_item_lists WHERE (CLINICAL_DEPT_ID = '2')) `dept_item` ON (item_headers.POPULAR_HEADER_ID = dept_item.POPULAR_HEADER_ID) INNER JOIN cln_popular_item_lines ON (cln_popular_item_lines.POPULAR_HEADER_ID = item_headers.POPULAR_HEADER_ID) INNER JOIN (SELECT ITEM_ID, ITEM_CODE, ITEM_NAME, AMA_CODE, AMA_DESC, isenable FROM inv_items WHERE (isenable = 1)) `inv_items` ON (cln_popular_item_lines.ITEM_ID = inv_items.ITEM_ID) WHERE (item_headers.isenable = 1)
Exec SQL (Sat Nov 22 2014 17:00:40 GMT+0700 (SE Asia Standard Time)): SELECT appt_item_id, ITEM_ID, ITEM_NAME, ITEM_CODE, QUANTITY FROM inv_items INNER JOIN cln_appt_items `appt_items` ON (appt_items.CLN_ITEM_ID = inv_items.ITEM_ID) WHERE (cal_id = 19864)
Exec SQL (Sat Nov 22 2014 17:01:04 GMT+0700 (SE Asia Standard Time)): SELECT * FROM cln_patients WHERE (Patient_id = '355')
Exec SQL (Sat Nov 22 2014 17:01:04 GMT+0700 (SE Asia Standard Time)): SELECT inv_items.ITEM_ID AS "ITEM_ID", inv_items.isenable AS "ISENABLE", ITEM_NAME, AMA_CODE, AMA_DESC, ITEM_CODE, item_headers.POPULAR_HEADER_ID, POPULAR_NAME FROM cln_popular_item_headers `item_headers` INNER JOIN (SELECT POPULAR_HEADER_ID FROM cln_dept_item_lists WHERE (CLINICAL_DEPT_ID = '2')) `dept_item` ON (item_headers.POPULAR_HEADER_ID = dept_item.POPULAR_HEADER_ID) INNER JOIN cln_popular_item_lines ON (cln_popular_item_lines.POPULAR_HEADER_ID = item_headers.POPULAR_HEADER_ID) INNER JOIN (SELECT ITEM_ID, ITEM_CODE, ITEM_NAME, AMA_CODE, AMA_DESC, isenable FROM inv_items WHERE (isenable = 1)) `inv_items` ON (cln_popular_item_lines.ITEM_ID = inv_items.ITEM_ID) WHERE (item_headers.isenable = 1)
Exec SQL (Sat Nov 22 2014 17:01:04 GMT+0700 (SE Asia Standard Time)): SELECT DATE_FORMAT(FROM_TIME,'%d/%m/%Y %h:%i') AS "FROM_TIME", DATE_FORMAT(TO_TIME,'%d/%m/%Y %h:%i') AS "TO_TIME", (SELECT CLINICAL_DEPT_NAME FROM cln_clinical_depts WHERE (CLINICAL_DEPT_ID = appt.CLINICAL_DEPT_ID)) AS "CLINICAL_DEPT_NAME", (SELECT Site_name FROM redimedsites WHERE (id = appt.SITE_ID)) AS "SITE_NAME", CAL_ID, PHONE, APP_TYPE, STATUS, ACC_TYPE, NOTES FROM cln_appointment_calendar `appt` WHERE (CAL_ID = '19864')
Exec SQL (Sat Nov 22 2014 17:01:05 GMT+0700 (SE Asia Standard Time)): SELECT appt_item_id, ITEM_ID, ITEM_NAME, ITEM_CODE, QUANTITY FROM inv_items INNER JOIN cln_appt_items `appt_items` ON (appt_items.CLN_ITEM_ID = inv_items.ITEM_ID) WHERE (cal_id = 19864)
Exec SQL (Sat Nov 22 2014 17:01:17 GMT+0700 (SE Asia Standard Time)): SELECT * FROM cln_patients WHERE (Patient_id = '355')
Exec SQL (Sat Nov 22 2014 17:01:17 GMT+0700 (SE Asia Standard Time)): SELECT DATE_FORMAT(FROM_TIME,'%d/%m/%Y %h:%i') AS "FROM_TIME", DATE_FORMAT(TO_TIME,'%d/%m/%Y %h:%i') AS "TO_TIME", (SELECT CLINICAL_DEPT_NAME FROM cln_clinical_depts WHERE (CLINICAL_DEPT_ID = appt.CLINICAL_DEPT_ID)) AS "CLINICAL_DEPT_NAME", (SELECT Site_name FROM redimedsites WHERE (id = appt.SITE_ID)) AS "SITE_NAME", CAL_ID, PHONE, APP_TYPE, STATUS, ACC_TYPE, NOTES FROM cln_appointment_calendar `appt` WHERE (CAL_ID = '19864')
Exec SQL (Sat Nov 22 2014 17:01:17 GMT+0700 (SE Asia Standard Time)): SELECT inv_items.ITEM_ID AS "ITEM_ID", inv_items.isenable AS "ISENABLE", ITEM_NAME, AMA_CODE, AMA_DESC, ITEM_CODE, item_headers.POPULAR_HEADER_ID, POPULAR_NAME FROM cln_popular_item_headers `item_headers` INNER JOIN (SELECT POPULAR_HEADER_ID FROM cln_dept_item_lists WHERE (CLINICAL_DEPT_ID = '2')) `dept_item` ON (item_headers.POPULAR_HEADER_ID = dept_item.POPULAR_HEADER_ID) INNER JOIN cln_popular_item_lines ON (cln_popular_item_lines.POPULAR_HEADER_ID = item_headers.POPULAR_HEADER_ID) INNER JOIN (SELECT ITEM_ID, ITEM_CODE, ITEM_NAME, AMA_CODE, AMA_DESC, isenable FROM inv_items WHERE (isenable = 1)) `inv_items` ON (cln_popular_item_lines.ITEM_ID = inv_items.ITEM_ID) WHERE (item_headers.isenable = 1)
Exec SQL (Sat Nov 22 2014 17:01:18 GMT+0700 (SE Asia Standard Time)): SELECT appt_item_id, ITEM_ID, ITEM_NAME, ITEM_CODE, QUANTITY FROM inv_items INNER JOIN cln_appt_items `appt_items` ON (appt_items.CLN_ITEM_ID = inv_items.ITEM_ID) WHERE (cal_id = 19864)
