Exec SQL (Mon Nov 24 2014 07:41:57 GMT+0700 (SE Asia Standard Time)): SELECT * FROM doctors WHERE (user_id = 29)
Exec SQL (Mon Nov 24 2014 07:42:09 GMT+0700 (SE Asia Standard Time)): SELECT * FROM doctors WHERE (user_id = 29)
Exec SQL (Mon Nov 24 2014 07:42:09 GMT+0700 (SE Asia Standard Time)): SELECT p.Patient_id, p.Title, p.First_name, p.Sur_name, p.Middle_name, p.Post_code, p.Address1 FROM cln_patients p  INNER JOIN cln_appointment_calendar cac ON cac.Patient_id=p.Patient_id AND DOCTOR_ID=11  ORDER BY p.Creation_date DESC  LIMIT 10 OFFSET 0
Exec SQL (Mon Nov 24 2014 07:42:09 GMT+0700 (SE Asia Standard Time)): SELECT COUNT(p.Patient_id) AS count  FROM cln_patients p  INNER JOIN cln_appointment_calendar cac ON cac.Patient_id=p.Patient_id AND DOCTOR_ID=11 
Exec SQL (Mon Nov 24 2014 07:42:14 GMT+0700 (SE Asia Standard Time)): SELECT CAL_ID, Site_name, APP_TYPE, FROM_TIME, TO_TIME, NOTES FROM redimedsites INNER JOIN (SELECT CAL_ID, SITE_ID, APP_TYPE, DATE_FORMAT(FROM_TIME,'%d/%m/%Y %h:%i') AS "FROM_TIME", DATE_FORMAT(TO_TIME,'%d/%m/%Y %h:%i') AS "TO_TIME", NOTES FROM cln_appointment_calendar WHERE (patient_id = '203') AND (doctor_id = '11')) `appt` ON (redimedsites.id = appt.SITE_ID)
Exec SQL (Mon Nov 24 2014 07:42:14 GMT+0700 (SE Asia Standard Time)): SELECT * FROM cln_patients WHERE (Patient_id = '203')
Exec SQL (Mon Nov 24 2014 07:42:16 GMT+0700 (SE Asia Standard Time)): SELECT * FROM cln_patients WHERE (Patient_id = '203')
Exec SQL (Mon Nov 24 2014 07:42:16 GMT+0700 (SE Asia Standard Time)): SELECT DATE_FORMAT(FROM_TIME,'%d/%m/%Y %h:%i') AS "FROM_TIME", DATE_FORMAT(TO_TIME,'%d/%m/%Y %h:%i') AS "TO_TIME", (SELECT CLINICAL_DEPT_NAME FROM cln_clinical_depts WHERE (CLINICAL_DEPT_ID = appt.CLINICAL_DEPT_ID)) AS "CLINICAL_DEPT_NAME", (SELECT Site_name FROM redimedsites WHERE (id = appt.SITE_ID)) AS "SITE_NAME", CAL_ID, PHONE, APP_TYPE, STATUS, ACC_TYPE, NOTES FROM cln_appointment_calendar `appt` WHERE (CAL_ID = '16163')
Exec SQL (Mon Nov 24 2014 07:42:16 GMT+0700 (SE Asia Standard Time)): SELECT inv_items.ITEM_ID AS "ITEM_ID", inv_items.isenable AS "ISENABLE", ITEM_NAME, AMA_CODE, AMA_DESC, ITEM_CODE, item_headers.POPULAR_HEADER_ID, POPULAR_NAME FROM cln_popular_item_headers `item_headers` INNER JOIN (SELECT POPULAR_HEADER_ID FROM cln_dept_item_lists WHERE (CLINICAL_DEPT_ID = '1')) `dept_item` ON (item_headers.POPULAR_HEADER_ID = dept_item.POPULAR_HEADER_ID) INNER JOIN cln_popular_item_lines ON (cln_popular_item_lines.POPULAR_HEADER_ID = item_headers.POPULAR_HEADER_ID) INNER JOIN (SELECT ITEM_ID, ITEM_CODE, ITEM_NAME, AMA_CODE, AMA_DESC, isenable FROM inv_items WHERE (isenable = 1)) `inv_items` ON (cln_popular_item_lines.ITEM_ID = inv_items.ITEM_ID) WHERE (item_headers.isenable = 1)
Exec SQL (Mon Nov 24 2014 07:42:17 GMT+0700 (SE Asia Standard Time)): SELECT appt_item_id, ITEM_ID, ITEM_NAME, ITEM_CODE, QUANTITY FROM inv_items INNER JOIN cln_appt_items `appt_items` ON (appt_items.CLN_ITEM_ID = inv_items.ITEM_ID) WHERE (cal_id = 16163)
Exec SQL (Mon Nov 24 2014 07:45:49 GMT+0700 (SE Asia Standard Time)): SELECT * FROM cln_patients WHERE (Patient_id = '203')
Exec SQL (Mon Nov 24 2014 07:45:49 GMT+0700 (SE Asia Standard Time)): SELECT DATE_FORMAT(FROM_TIME,'%d/%m/%Y %h:%i') AS "FROM_TIME", DATE_FORMAT(TO_TIME,'%d/%m/%Y %h:%i') AS "TO_TIME", (SELECT CLINICAL_DEPT_NAME FROM cln_clinical_depts WHERE (CLINICAL_DEPT_ID = appt.CLINICAL_DEPT_ID)) AS "CLINICAL_DEPT_NAME", (SELECT Site_name FROM redimedsites WHERE (id = appt.SITE_ID)) AS "SITE_NAME", CAL_ID, PHONE, APP_TYPE, STATUS, ACC_TYPE, NOTES FROM cln_appointment_calendar `appt` WHERE (CAL_ID = '16163')
Exec SQL (Mon Nov 24 2014 07:45:49 GMT+0700 (SE Asia Standard Time)): SELECT inv_items.ITEM_ID AS "ITEM_ID", inv_items.isenable AS "ISENABLE", ITEM_NAME, AMA_CODE, AMA_DESC, ITEM_CODE, item_headers.POPULAR_HEADER_ID, POPULAR_NAME FROM cln_popular_item_headers `item_headers` INNER JOIN (SELECT POPULAR_HEADER_ID FROM cln_dept_item_lists WHERE (CLINICAL_DEPT_ID = '1')) `dept_item` ON (item_headers.POPULAR_HEADER_ID = dept_item.POPULAR_HEADER_ID) INNER JOIN cln_popular_item_lines ON (cln_popular_item_lines.POPULAR_HEADER_ID = item_headers.POPULAR_HEADER_ID) INNER JOIN (SELECT ITEM_ID, ITEM_CODE, ITEM_NAME, AMA_CODE, AMA_DESC, isenable FROM inv_items WHERE (isenable = 1)) `inv_items` ON (cln_popular_item_lines.ITEM_ID = inv_items.ITEM_ID) WHERE (item_headers.isenable = 1)
Exec SQL (Mon Nov 24 2014 07:45:50 GMT+0700 (SE Asia Standard Time)): SELECT appt_item_id, ITEM_ID, ITEM_NAME, ITEM_CODE, QUANTITY FROM inv_items INNER JOIN cln_appt_items `appt_items` ON (appt_items.CLN_ITEM_ID = inv_items.ITEM_ID) WHERE (cal_id = 16163)
Exec SQL (Mon Nov 24 2014 08:06:57 GMT+0700 (SE Asia Standard Time)): SELECT * FROM cln_patients WHERE (Patient_id = '203')
Exec SQL (Mon Nov 24 2014 08:06:57 GMT+0700 (SE Asia Standard Time)): SELECT DATE_FORMAT(FROM_TIME,'%d/%m/%Y %h:%i') AS "FROM_TIME", DATE_FORMAT(TO_TIME,'%d/%m/%Y %h:%i') AS "TO_TIME", (SELECT CLINICAL_DEPT_NAME FROM cln_clinical_depts WHERE (CLINICAL_DEPT_ID = appt.CLINICAL_DEPT_ID)) AS "CLINICAL_DEPT_NAME", (SELECT Site_name FROM redimedsites WHERE (id = appt.SITE_ID)) AS "SITE_NAME", CAL_ID, PHONE, APP_TYPE, STATUS, ACC_TYPE, NOTES FROM cln_appointment_calendar `appt` WHERE (CAL_ID = '16163')
Exec SQL (Mon Nov 24 2014 08:06:57 GMT+0700 (SE Asia Standard Time)): SELECT inv_items.ITEM_ID AS "ITEM_ID", inv_items.isenable AS "ISENABLE", ITEM_NAME, AMA_CODE, AMA_DESC, ITEM_CODE, item_headers.POPULAR_HEADER_ID, POPULAR_NAME FROM cln_popular_item_headers `item_headers` INNER JOIN (SELECT POPULAR_HEADER_ID FROM cln_dept_item_lists WHERE (CLINICAL_DEPT_ID = '1')) `dept_item` ON (item_headers.POPULAR_HEADER_ID = dept_item.POPULAR_HEADER_ID) INNER JOIN cln_popular_item_lines ON (cln_popular_item_lines.POPULAR_HEADER_ID = item_headers.POPULAR_HEADER_ID) INNER JOIN (SELECT ITEM_ID, ITEM_CODE, ITEM_NAME, AMA_CODE, AMA_DESC, isenable FROM inv_items WHERE (isenable = 1)) `inv_items` ON (cln_popular_item_lines.ITEM_ID = inv_items.ITEM_ID) WHERE (item_headers.isenable = 1)
Exec SQL (Mon Nov 24 2014 08:06:58 GMT+0700 (SE Asia Standard Time)): SELECT appt_item_id, ITEM_ID, ITEM_NAME, ITEM_CODE, QUANTITY FROM inv_items INNER JOIN cln_appt_items `appt_items` ON (appt_items.CLN_ITEM_ID = inv_items.ITEM_ID) WHERE (cal_id = 16163)
Exec SQL (Mon Nov 24 2014 08:07:02 GMT+0700 (SE Asia Standard Time)): SELECT * FROM cln_patients WHERE (Patient_id = '203')
Exec SQL (Mon Nov 24 2014 08:07:02 GMT+0700 (SE Asia Standard Time)): SELECT DATE_FORMAT(FROM_TIME,'%d/%m/%Y %h:%i') AS "FROM_TIME", DATE_FORMAT(TO_TIME,'%d/%m/%Y %h:%i') AS "TO_TIME", (SELECT CLINICAL_DEPT_NAME FROM cln_clinical_depts WHERE (CLINICAL_DEPT_ID = appt.CLINICAL_DEPT_ID)) AS "CLINICAL_DEPT_NAME", (SELECT Site_name FROM redimedsites WHERE (id = appt.SITE_ID)) AS "SITE_NAME", CAL_ID, PHONE, APP_TYPE, STATUS, ACC_TYPE, NOTES FROM cln_appointment_calendar `appt` WHERE (CAL_ID = '16163')
Exec SQL (Mon Nov 24 2014 08:07:02 GMT+0700 (SE Asia Standard Time)): SELECT inv_items.ITEM_ID AS "ITEM_ID", inv_items.isenable AS "ISENABLE", ITEM_NAME, AMA_CODE, AMA_DESC, ITEM_CODE, item_headers.POPULAR_HEADER_ID, POPULAR_NAME FROM cln_popular_item_headers `item_headers` INNER JOIN (SELECT POPULAR_HEADER_ID FROM cln_dept_item_lists WHERE (CLINICAL_DEPT_ID = '1')) `dept_item` ON (item_headers.POPULAR_HEADER_ID = dept_item.POPULAR_HEADER_ID) INNER JOIN cln_popular_item_lines ON (cln_popular_item_lines.POPULAR_HEADER_ID = item_headers.POPULAR_HEADER_ID) INNER JOIN (SELECT ITEM_ID, ITEM_CODE, ITEM_NAME, AMA_CODE, AMA_DESC, isenable FROM inv_items WHERE (isenable = 1)) `inv_items` ON (cln_popular_item_lines.ITEM_ID = inv_items.ITEM_ID) WHERE (item_headers.isenable = 1)
Exec SQL (Mon Nov 24 2014 08:07:03 GMT+0700 (SE Asia Standard Time)): SELECT appt_item_id, ITEM_ID, ITEM_NAME, ITEM_CODE, QUANTITY FROM inv_items INNER JOIN cln_appt_items `appt_items` ON (appt_items.CLN_ITEM_ID = inv_items.ITEM_ID) WHERE (cal_id = 16163)
Exec SQL (Mon Nov 24 2014 08:14:23 GMT+0700 (SE Asia Standard Time)): SELECT * FROM cln_patients WHERE (Patient_id = '203')
Exec SQL (Mon Nov 24 2014 08:14:23 GMT+0700 (SE Asia Standard Time)): SELECT DATE_FORMAT(FROM_TIME,'%d/%m/%Y %h:%i') AS "FROM_TIME", DATE_FORMAT(TO_TIME,'%d/%m/%Y %h:%i') AS "TO_TIME", (SELECT CLINICAL_DEPT_NAME FROM cln_clinical_depts WHERE (CLINICAL_DEPT_ID = appt.CLINICAL_DEPT_ID)) AS "CLINICAL_DEPT_NAME", (SELECT Site_name FROM redimedsites WHERE (id = appt.SITE_ID)) AS "SITE_NAME", CAL_ID, PHONE, APP_TYPE, STATUS, ACC_TYPE, NOTES FROM cln_appointment_calendar `appt` WHERE (CAL_ID = '16163')
Exec SQL (Mon Nov 24 2014 08:14:23 GMT+0700 (SE Asia Standard Time)): SELECT inv_items.ITEM_ID AS "ITEM_ID", inv_items.isenable AS "ISENABLE", ITEM_NAME, AMA_CODE, AMA_DESC, ITEM_CODE, item_headers.POPULAR_HEADER_ID, POPULAR_NAME FROM cln_popular_item_headers `item_headers` INNER JOIN (SELECT POPULAR_HEADER_ID FROM cln_dept_item_lists WHERE (CLINICAL_DEPT_ID = '1')) `dept_item` ON (item_headers.POPULAR_HEADER_ID = dept_item.POPULAR_HEADER_ID) INNER JOIN cln_popular_item_lines ON (cln_popular_item_lines.POPULAR_HEADER_ID = item_headers.POPULAR_HEADER_ID) INNER JOIN (SELECT ITEM_ID, ITEM_CODE, ITEM_NAME, AMA_CODE, AMA_DESC, isenable FROM inv_items WHERE (isenable = 1)) `inv_items` ON (cln_popular_item_lines.ITEM_ID = inv_items.ITEM_ID) WHERE (item_headers.isenable = 1)
Exec SQL (Mon Nov 24 2014 08:14:23 GMT+0700 (SE Asia Standard Time)): SELECT appt_item_id, ITEM_ID, ITEM_NAME, ITEM_CODE, QUANTITY FROM inv_items INNER JOIN cln_appt_items `appt_items` ON (appt_items.CLN_ITEM_ID = inv_items.ITEM_ID) WHERE (cal_id = 16163)
Exec SQL (Mon Nov 24 2014 08:14:28 GMT+0700 (SE Asia Standard Time)): SELECT * FROM cln_patients WHERE (Patient_id = '203')
Exec SQL (Mon Nov 24 2014 08:14:28 GMT+0700 (SE Asia Standard Time)): SELECT DATE_FORMAT(FROM_TIME,'%d/%m/%Y %h:%i') AS "FROM_TIME", DATE_FORMAT(TO_TIME,'%d/%m/%Y %h:%i') AS "TO_TIME", (SELECT CLINICAL_DEPT_NAME FROM cln_clinical_depts WHERE (CLINICAL_DEPT_ID = appt.CLINICAL_DEPT_ID)) AS "CLINICAL_DEPT_NAME", (SELECT Site_name FROM redimedsites WHERE (id = appt.SITE_ID)) AS "SITE_NAME", CAL_ID, PHONE, APP_TYPE, STATUS, ACC_TYPE, NOTES FROM cln_appointment_calendar `appt` WHERE (CAL_ID = '16163')
Exec SQL (Mon Nov 24 2014 08:14:28 GMT+0700 (SE Asia Standard Time)): SELECT inv_items.ITEM_ID AS "ITEM_ID", inv_items.isenable AS "ISENABLE", ITEM_NAME, AMA_CODE, AMA_DESC, ITEM_CODE, item_headers.POPULAR_HEADER_ID, POPULAR_NAME FROM cln_popular_item_headers `item_headers` INNER JOIN (SELECT POPULAR_HEADER_ID FROM cln_dept_item_lists WHERE (CLINICAL_DEPT_ID = '1')) `dept_item` ON (item_headers.POPULAR_HEADER_ID = dept_item.POPULAR_HEADER_ID) INNER JOIN cln_popular_item_lines ON (cln_popular_item_lines.POPULAR_HEADER_ID = item_headers.POPULAR_HEADER_ID) INNER JOIN (SELECT ITEM_ID, ITEM_CODE, ITEM_NAME, AMA_CODE, AMA_DESC, isenable FROM inv_items WHERE (isenable = 1)) `inv_items` ON (cln_popular_item_lines.ITEM_ID = inv_items.ITEM_ID) WHERE (item_headers.isenable = 1)
Exec SQL (Mon Nov 24 2014 08:14:28 GMT+0700 (SE Asia Standard Time)): SELECT appt_item_id, ITEM_ID, ITEM_NAME, ITEM_CODE, QUANTITY FROM inv_items INNER JOIN cln_appt_items `appt_items` ON (appt_items.CLN_ITEM_ID = inv_items.ITEM_ID) WHERE (cal_id = 16163)
Exec SQL (Mon Nov 24 2014 09:57:24 GMT+0700 (SE Asia Standard Time)): SELECT id, Company_name, Industry, Addr, State, Country FROM companies LIMIT 4
Exec SQL (Mon Nov 24 2014 09:57:24 GMT+0700 (SE Asia Standard Time)): SELECT COUNT(1) AS "count" FROM companies
Exec SQL (Mon Nov 24 2014 09:57:28 GMT+0700 (SE Asia Standard Time)): SELECT id, insurer_name, address, suburb FROM cln_insurers LIMIT 4
Exec SQL (Mon Nov 24 2014 09:57:28 GMT+0700 (SE Asia Standard Time)): SELECT COUNT(1) AS "count" FROM cln_insurers
Exec SQL (Mon Nov 24 2014 09:57:29 GMT+0700 (SE Asia Standard Time)): SELECT * FROM cln_insurers WHERE (`id` = '1')
Exec SQL (Mon Nov 24 2014 09:57:32 GMT+0700 (SE Asia Standard Time)): SELECT id, insurer_name, address, suburb FROM cln_insurers LIMIT 4
Exec SQL (Mon Nov 24 2014 09:57:32 GMT+0700 (SE Asia Standard Time)): SELECT COUNT(1) AS "count" FROM cln_insurers
Exec SQL (Mon Nov 24 2014 09:57:34 GMT+0700 (SE Asia Standard Time)): SELECT id, insurer_name, address, suburb FROM cln_insurers LIMIT 4 OFFSET 4
Exec SQL (Mon Nov 24 2014 09:57:34 GMT+0700 (SE Asia Standard Time)): SELECT COUNT(1) AS "count" FROM cln_insurers
Exec SQL (Mon Nov 24 2014 09:57:42 GMT+0700 (SE Asia Standard Time)): INSERT INTO cln_insurers (id, insurer_name, address, suburb, postcode, state, isenable, created_by, creation_date, last_updated_by, last_update_date) VALUES (NULL, 'Kirestin Dotson', 'Incididunt sed error esse do et non molestias ut illum quo magnam quo iste quidem quaerat', 'Enim et ut totam commodi similique rerum magnam in recusandae Non vero incidunt sit cupiditate Nam et non', 'Quod laborum Repudiandae totam ab ea soluta asperiores id quis esse sint', 'Ipsum ab consequatur Veritatis pariatur Ullam qui voluptatem alias facere aliquid provident exercitationem', NULL, NULL, NULL, NULL, NULL)
Exec SQL (Mon Nov 24 2014 09:57:45 GMT+0700 (SE Asia Standard Time)): SELECT id, insurer_name, address, suburb FROM cln_insurers LIMIT 4
Exec SQL (Mon Nov 24 2014 09:57:45 GMT+0700 (SE Asia Standard Time)): SELECT COUNT(1) AS "count" FROM cln_insurers
Exec SQL (Mon Nov 24 2014 09:57:46 GMT+0700 (SE Asia Standard Time)): SELECT id, insurer_name, address, suburb FROM cln_insurers LIMIT 4 OFFSET 4
Exec SQL (Mon Nov 24 2014 09:57:46 GMT+0700 (SE Asia Standard Time)): SELECT COUNT(1) AS "count" FROM cln_insurers
Exec SQL (Mon Nov 24 2014 09:57:47 GMT+0700 (SE Asia Standard Time)): SELECT * FROM cln_insurers WHERE (`id` = '7')
Exec SQL (Mon Nov 24 2014 09:57:50 GMT+0700 (SE Asia Standard Time)): UPDATE cln_insurers SET insurer_name = 'Kirestin Dotson 2222', address = 'Incididunt sed error esse do et non molestias ut illum quo magnam quo iste quidem quaerat', suburb = 'Enim et ut totam commodi similique rerum magnam in recusandae Non vero incidunt sit cupiditate Nam et non', postcode = 'Quod laborum Repudiandae totam ab ea soluta asperi', state = 'Ipsum ab consequatur Veritatis pariatur Ullam qui voluptatem alias facere aliquid provident exercita', isenable = NULL, created_by = NULL, creation_date = NULL, last_updated_by = NULL, last_update_date = NULL WHERE (`id` = 7)
Exec SQL (Mon Nov 24 2014 09:57:52 GMT+0700 (SE Asia Standard Time)): SELECT id, insurer_name, address, suburb FROM cln_insurers LIMIT 4
Exec SQL (Mon Nov 24 2014 09:57:52 GMT+0700 (SE Asia Standard Time)): SELECT COUNT(1) AS "count" FROM cln_insurers
Exec SQL (Mon Nov 24 2014 09:57:54 GMT+0700 (SE Asia Standard Time)): SELECT id, insurer_name, address, suburb FROM cln_insurers LIMIT 4 OFFSET 4
Exec SQL (Mon Nov 24 2014 09:57:54 GMT+0700 (SE Asia Standard Time)): SELECT COUNT(1) AS "count" FROM cln_insurers
Exec SQL (Mon Nov 24 2014 09:58:00 GMT+0700 (SE Asia Standard Time)): SELECT id, Company_name, Industry, Addr, State, Country FROM companies LIMIT 4
Exec SQL (Mon Nov 24 2014 09:58:00 GMT+0700 (SE Asia Standard Time)): SELECT COUNT(1) AS "count" FROM companies
Exec SQL (Mon Nov 24 2014 09:58:02 GMT+0700 (SE Asia Standard Time)): SELECT id, Company_name, Industry, Addr, State, Country FROM companies LIMIT 4 OFFSET 100
Exec SQL (Mon Nov 24 2014 09:58:02 GMT+0700 (SE Asia Standard Time)): SELECT COUNT(1) AS "count" FROM companies
Exec SQL (Mon Nov 24 2014 09:58:03 GMT+0700 (SE Asia Standard Time)): SELECT * FROM companies WHERE (`id` = '206')
Exec SQL (Mon Nov 24 2014 09:58:07 GMT+0700 (SE Asia Standard Time)): UPDATE companies SET Company_name = 'Maya Moss 2222', Industry = 'Enim quis soluta quo dolore elit quae anim occaeca', Addr = 'Et perferendis natus elit quas aut', postcode = 0, State = 'Sit odit accusantium blan', Description = 'Soluta velit est officia ipsa', latitude = NULL, longitude = NULL, country = 'Lithuania', result_email = 'geny@yahoo.com', invoice_email = 'cududik@hotmail.com', PO_number = '73', isProject = NULL, isCalendar = NULL, father_id = NULL, report_to_email = 'cesexaziv@yahoo.com', default_status = NULL, isInvoiceEmailToUser = 0, Created_by = NULL, Creation_date = NULL, Last_updated_by = NULL, Last_update_date = NULL, isAddContactEmailToResult = 1, IMA = NULL, Site_name = NULL, Medic_contact_no = '123321', Email = 'nyhef@gmail.com', CODE = 'Sunt cillum pariatur Enim non aliquid ut consectetur duis totam dolore et facilis ipsa modi nostrum', Insurer = NULL, Phone = '+178-97-3459968', Site_medic = 'Esse est tempor omnis natus tenetur reiciendis ad dicta nisi amet quasi suscipit qui voluptatibus ea', User_id = NULL, isPO = 1, isExtra = NULL WHERE (`id` = 206)
Exec SQL (Mon Nov 24 2014 09:58:10 GMT+0700 (SE Asia Standard Time)): SELECT id, Company_name, Industry, Addr, State, Country FROM companies LIMIT 4
Exec SQL (Mon Nov 24 2014 09:58:10 GMT+0700 (SE Asia Standard Time)): SELECT COUNT(1) AS "count" FROM companies
Exec SQL (Mon Nov 24 2014 09:59:56 GMT+0700 (SE Asia Standard Time)): SELECT id, Company_name, Industry, Addr, State, Country FROM companies LIMIT 4
Exec SQL (Mon Nov 24 2014 09:59:56 GMT+0700 (SE Asia Standard Time)): SELECT COUNT(1) AS "count" FROM companies
Exec SQL (Mon Nov 24 2014 10:00:07 GMT+0700 (SE Asia Standard Time)): INSERT INTO companies (id, Company_name, Industry, Addr, postcode, State, Description, latitude, longitude, country, result_email, invoice_email, PO_number, isProject, isCalendar, father_id, report_to_email, default_status, isInvoiceEmailToUser, Created_by, Creation_date, Last_updated_by, Last_update_date, isAddContactEmailToResult, IMA, Site_name, Medic_contact_no, Email, CODE, Insurer, Phone, Site_medic, User_id, isPO, isExtra) VALUES (NULL, 'Mara Morris', 'Accusantium rerum irure ad voluptatem Molestiae voluptatum laborum Et est proident sunt et reprehenderit omnis enim nihil', 'Ea duis est quia ipsa', 'Nobis ad sunt elit aspernatur reprehenderit', 'At eos veniam accusamus rerum sed fuga Saepe sunt asperiores eveniet minima duis rerum occaecat qui', 'Rerum ex eos distinctio Vel', NULL, NULL, 'Armenia', 'xywom@hotmail.com', 'pyzytisawo@yahoo.com', '565', NULL, NULL, NULL, 'pobyzyf@gmail.com', NULL, NULL, NULL, NULL, NULL, NULL, NULL, NULL, NULL, 'Excepturi minim magna enim architecto maxime aut', 'marapo@hotmail.com', 'Unde minim voluptates iure cillum et perferendis aliquip voluptates sunt culpa est', NULL, '+112-16-6584150', 'At exercitation esse duis cumque totam non magna et', NULL, NULL, NULL)
Exec SQL (Mon Nov 24 2014 10:00:09 GMT+0700 (SE Asia Standard Time)): SELECT id, Company_name, Industry, Addr, State, Country FROM companies LIMIT 4
Exec SQL (Mon Nov 24 2014 10:00:09 GMT+0700 (SE Asia Standard Time)): SELECT COUNT(1) AS "count" FROM companies
Exec SQL (Mon Nov 24 2014 10:00:10 GMT+0700 (SE Asia Standard Time)): SELECT id, Company_name, Industry, Addr, State, Country FROM companies LIMIT 4 OFFSET 100
Exec SQL (Mon Nov 24 2014 10:00:10 GMT+0700 (SE Asia Standard Time)): SELECT COUNT(1) AS "count" FROM companies
Exec SQL (Mon Nov 24 2014 10:00:11 GMT+0700 (SE Asia Standard Time)): SELECT * FROM companies WHERE (`id` = '207')
Exec SQL (Mon Nov 24 2014 10:00:16 GMT+0700 (SE Asia Standard Time)): UPDATE companies SET Company_name = 'Mara Morris', Industry = 'Accusantium rerum irure ad voluptatem Molestiae vo', Addr = 'Ea duis est quia ipsa', postcode = 0, State = 'At eos veniam accusamus r', Description = 'Rerum ex eos distinctio Vel', latitude = NULL, longitude = NULL, country = 'Armenia', result_email = 'xywom@hotmail.com', invoice_email = 'pyzytisawo@yahoo.com', PO_number = '565', isProject = NULL, isCalendar = NULL, father_id = NULL, report_to_email = 'pobyzyf@gmail.com', default_status = NULL, isInvoiceEmailToUser = NULL, Created_by = NULL, Creation_date = NULL, Last_updated_by = NULL, Last_update_date = NULL, isAddContactEmailToResult = '1', IMA = NULL, Site_name = NULL, Medic_contact_no = 'Excepturi minim', Email = 'marapo@hotmail.com', CODE = 'Unde minim voluptates iure cillum et perferendis aliquip voluptates sunt culpa est', Insurer = NULL, Phone = '+112-16-6584150', Site_medic = 'At exercitation esse duis cumque totam non magna et', User_id = NULL, isPO = '1', isExtra = NULL WHERE (`id` = 207)
Exec SQL (Mon Nov 24 2014 10:00:17 GMT+0700 (SE Asia Standard Time)): SELECT id, Company_name, Industry, Addr, State, Country FROM companies LIMIT 4
Exec SQL (Mon Nov 24 2014 10:00:17 GMT+0700 (SE Asia Standard Time)): SELECT COUNT(1) AS "count" FROM companies
Exec SQL (Mon Nov 24 2014 10:00:19 GMT+0700 (SE Asia Standard Time)): SELECT id, Company_name, Industry, Addr, State, Country FROM companies LIMIT 4 OFFSET 100
Exec SQL (Mon Nov 24 2014 10:00:19 GMT+0700 (SE Asia Standard Time)): SELECT COUNT(1) AS "count" FROM companies
Exec SQL (Mon Nov 24 2014 10:00:21 GMT+0700 (SE Asia Standard Time)): SELECT * FROM companies WHERE (`id` = '207')
Exec SQL (Mon Nov 24 2014 10:04:38 GMT+0700 (SE Asia Standard Time)): SELECT * FROM companies WHERE (`id` = '207')
Exec SQL (Mon Nov 24 2014 10:05:19 GMT+0700 (SE Asia Standard Time)): SELECT * FROM companies WHERE (`id` = '207')
Exec SQL (Mon Nov 24 2014 10:05:38 GMT+0700 (SE Asia Standard Time)): SELECT * FROM companies WHERE (`id` = '207')
