<<<<<<< HEAD
Exec SQL (Tue Nov 25 2014 09:48:37 GMT+0700 (SE Asia Standard Time)): SELECT * FROM doctors WHERE (user_id = 10)
Exec SQL (Tue Nov 25 2014 09:48:42 GMT+0700 (SE Asia Standard Time)): SELECT * FROM doctors WHERE (user_id = 10)
Exec SQL (Tue Nov 25 2014 09:48:42 GMT+0700 (SE Asia Standard Time)): SELECT p.Patient_id, p.Title, p.First_name, p.Sur_name, p.Middle_name, p.Post_code, p.Address1 FROM cln_patients p  INNER JOIN cln_appointment_calendar cac ON cac.Patient_id=p.Patient_id AND DOCTOR_ID=1  ORDER BY p.Creation_date DESC  LIMIT 10 OFFSET 0
Exec SQL (Tue Nov 25 2014 09:48:42 GMT+0700 (SE Asia Standard Time)): SELECT COUNT(p.Patient_id) AS count  FROM cln_patients p  INNER JOIN cln_appointment_calendar cac ON cac.Patient_id=p.Patient_id AND DOCTOR_ID=1 
Exec SQL (Tue Nov 25 2014 09:48:44 GMT+0700 (SE Asia Standard Time)): SELECT CAL_ID, Site_name, APP_TYPE, FROM_TIME, TO_TIME, NOTES FROM redimedsites INNER JOIN (SELECT CAL_ID, SITE_ID, APP_TYPE, DATE_FORMAT(FROM_TIME,'%d/%m/%Y %h:%i') AS "FROM_TIME", DATE_FORMAT(TO_TIME,'%d/%m/%Y %h:%i') AS "TO_TIME", NOTES FROM cln_appointment_calendar WHERE (patient_id = '116') AND (doctor_id = '1')) `appt` ON (redimedsites.id = appt.SITE_ID)
Exec SQL (Tue Nov 25 2014 09:48:44 GMT+0700 (SE Asia Standard Time)): SELECT * FROM cln_patients WHERE (Patient_id = '116')
Exec SQL (Tue Nov 25 2014 09:48:46 GMT+0700 (SE Asia Standard Time)): SELECT * FROM cln_patients WHERE (Patient_id = '116')
Exec SQL (Tue Nov 25 2014 09:48:46 GMT+0700 (SE Asia Standard Time)): SELECT DATE_FORMAT(FROM_TIME,'%d/%m/%Y %h:%i') AS "FROM_TIME", DATE_FORMAT(TO_TIME,'%d/%m/%Y %h:%i') AS "TO_TIME", (SELECT CLINICAL_DEPT_NAME FROM cln_clinical_depts WHERE (CLINICAL_DEPT_ID = appt.CLINICAL_DEPT_ID)) AS "CLINICAL_DEPT_NAME", (SELECT Site_name FROM redimedsites WHERE (id = appt.SITE_ID)) AS "SITE_NAME", CAL_ID, PHONE, APP_TYPE, STATUS, ACC_TYPE, NOTES FROM cln_appointment_calendar `appt` WHERE (CAL_ID = '15733')
Exec SQL (Tue Nov 25 2014 09:48:46 GMT+0700 (SE Asia Standard Time)): SELECT inv_items.ITEM_ID AS "ITEM_ID", inv_items.isenable AS "ISENABLE", ITEM_NAME, AMA_CODE, AMA_DESC, ITEM_CODE, item_headers.POPULAR_HEADER_ID, POPULAR_NAME FROM cln_popular_item_headers `item_headers` INNER JOIN (SELECT POPULAR_HEADER_ID FROM cln_dept_item_lists WHERE (CLINICAL_DEPT_ID = '2')) `dept_item` ON (item_headers.POPULAR_HEADER_ID = dept_item.POPULAR_HEADER_ID) INNER JOIN cln_popular_item_lines ON (cln_popular_item_lines.POPULAR_HEADER_ID = item_headers.POPULAR_HEADER_ID) INNER JOIN (SELECT ITEM_ID, ITEM_CODE, ITEM_NAME, AMA_CODE, AMA_DESC, isenable FROM inv_items WHERE (isenable = 1)) `inv_items` ON (cln_popular_item_lines.ITEM_ID = inv_items.ITEM_ID) WHERE (item_headers.isenable = 1)
Exec SQL (Tue Nov 25 2014 09:48:49 GMT+0700 (SE Asia Standard Time)): SELECT appt_item_id, ITEM_ID, ITEM_NAME, ITEM_CODE, QUANTITY FROM inv_items INNER JOIN cln_appt_items `appt_items` ON (appt_items.CLN_ITEM_ID = inv_items.ITEM_ID) WHERE (cal_id = 15733)
Exec SQL (Tue Nov 25 2014 10:35:47 GMT+0700 (SE Asia Standard Time)): SELECT * FROM doctors WHERE (user_id = 10)
Exec SQL (Tue Nov 25 2014 10:35:51 GMT+0700 (SE Asia Standard Time)): SELECT * FROM doctors WHERE (user_id = 10)
Exec SQL (Tue Nov 25 2014 10:35:52 GMT+0700 (SE Asia Standard Time)): SELECT p.Patient_id, p.Title, p.First_name, p.Sur_name, p.Middle_name, p.Post_code, p.Address1 FROM cln_patients p  INNER JOIN cln_appointment_calendar cac ON cac.Patient_id=p.Patient_id AND DOCTOR_ID=1  ORDER BY p.Creation_date DESC  LIMIT 10 OFFSET 0
Exec SQL (Tue Nov 25 2014 10:35:52 GMT+0700 (SE Asia Standard Time)): SELECT COUNT(p.Patient_id) AS count  FROM cln_patients p  INNER JOIN cln_appointment_calendar cac ON cac.Patient_id=p.Patient_id AND DOCTOR_ID=1 
Exec SQL (Tue Nov 25 2014 10:35:54 GMT+0700 (SE Asia Standard Time)): SELECT CAL_ID, Site_name, APP_TYPE, FROM_TIME, TO_TIME, NOTES FROM redimedsites INNER JOIN (SELECT CAL_ID, SITE_ID, APP_TYPE, DATE_FORMAT(FROM_TIME,'%d/%m/%Y %h:%i') AS "FROM_TIME", DATE_FORMAT(TO_TIME,'%d/%m/%Y %h:%i') AS "TO_TIME", NOTES FROM cln_appointment_calendar WHERE (patient_id = '116') AND (doctor_id = '1')) `appt` ON (redimedsites.id = appt.SITE_ID)
Exec SQL (Tue Nov 25 2014 10:35:54 GMT+0700 (SE Asia Standard Time)): SELECT * FROM cln_patients WHERE (Patient_id = '116')
Exec SQL (Tue Nov 25 2014 10:35:56 GMT+0700 (SE Asia Standard Time)): SELECT * FROM cln_patients WHERE (Patient_id = '116')
Exec SQL (Tue Nov 25 2014 10:35:56 GMT+0700 (SE Asia Standard Time)): SELECT DATE_FORMAT(FROM_TIME,'%d/%m/%Y %h:%i') AS "FROM_TIME", DATE_FORMAT(TO_TIME,'%d/%m/%Y %h:%i') AS "TO_TIME", (SELECT CLINICAL_DEPT_NAME FROM cln_clinical_depts WHERE (CLINICAL_DEPT_ID = appt.CLINICAL_DEPT_ID)) AS "CLINICAL_DEPT_NAME", (SELECT Site_name FROM redimedsites WHERE (id = appt.SITE_ID)) AS "SITE_NAME", CAL_ID, PHONE, APP_TYPE, STATUS, ACC_TYPE, NOTES FROM cln_appointment_calendar `appt` WHERE (CAL_ID = '15733')
Exec SQL (Tue Nov 25 2014 10:35:56 GMT+0700 (SE Asia Standard Time)): SELECT inv_items.ITEM_ID AS "ITEM_ID", inv_items.isenable AS "ISENABLE", ITEM_NAME, AMA_CODE, AMA_DESC, ITEM_CODE, item_headers.POPULAR_HEADER_ID, POPULAR_NAME FROM cln_popular_item_headers `item_headers` INNER JOIN (SELECT POPULAR_HEADER_ID FROM cln_dept_item_lists WHERE (CLINICAL_DEPT_ID = '2')) `dept_item` ON (item_headers.POPULAR_HEADER_ID = dept_item.POPULAR_HEADER_ID) INNER JOIN cln_popular_item_lines ON (cln_popular_item_lines.POPULAR_HEADER_ID = item_headers.POPULAR_HEADER_ID) INNER JOIN (SELECT ITEM_ID, ITEM_CODE, ITEM_NAME, AMA_CODE, AMA_DESC, isenable FROM inv_items WHERE (isenable = 1)) `inv_items` ON (cln_popular_item_lines.ITEM_ID = inv_items.ITEM_ID) WHERE (item_headers.isenable = 1)
Exec SQL (Tue Nov 25 2014 10:35:57 GMT+0700 (SE Asia Standard Time)): SELECT appt_item_id, ITEM_ID, ITEM_NAME, ITEM_CODE, QUANTITY FROM inv_items INNER JOIN cln_appt_items `appt_items` ON (appt_items.CLN_ITEM_ID = inv_items.ITEM_ID) WHERE (cal_id = 15733)
=======
Exec SQL (Tue Nov 25 2014 08:35:04 GMT+0700 (SE Asia Standard Time)): SELECT id, Company_name, Industry, Addr, State, Country FROM companies LIMIT 4
Exec SQL (Tue Nov 25 2014 08:35:04 GMT+0700 (SE Asia Standard Time)): SELECT COUNT(1) AS "count" FROM companies
Exec SQL (Tue Nov 25 2014 08:35:08 GMT+0700 (SE Asia Standard Time)): SELECT * FROM companies WHERE (`id` = '1')
Exec SQL (Tue Nov 25 2014 08:35:14 GMT+0700 (SE Asia Standard Time)): UPDATE companies SET Company_name = 'Insurer Company', Industry = 'Mining', Addr = '222', postcode = 999, State = 'WA', Description = '123131', latitude = NULL, longitude = NULL, country = 'Australia', result_email = 'phuong_thql@yahoo.com', invoice_email = 'phuong_thql@yahoo.com', PO_number = '2', isProject = '1', isCalendar = NULL, father_id = NULL, report_to_email = 'phuong_thql@yahoo.com', default_status = 'Confirmed', isInvoiceEmailToUser = '0', Created_by = NULL, Creation_date = NULL, Last_updated_by = 3, Last_update_date = '2014-10-28', isAddContactEmailToResult = '1', IMA = NULL, Site_name = NULL, Medic_contact_no = '12321', Email = 'yahoo@yahoo.com', CODE = '123', Insurer = NULL, Phone = '123321', Site_medic = '12321', User_id = NULL, isPO = '1', isExtra = 0 WHERE (`id` = 1)
Exec SQL (Tue Nov 25 2014 08:35:15 GMT+0700 (SE Asia Standard Time)): SELECT id, Company_name, Industry, Addr, State, Country FROM companies LIMIT 4
Exec SQL (Tue Nov 25 2014 08:35:15 GMT+0700 (SE Asia Standard Time)): SELECT COUNT(1) AS "count" FROM companies
>>>>>>> origin/master-v2.0
