Exec SQL (Fri Nov 21 2014 08:55:59 GMT+0700 (SE Asia Standard Time)): SELECT * FROM doctors WHERE (user_id = 10)
Exec SQL (Fri Nov 21 2014 08:57:15 GMT+0700 (SE Asia Standard Time)): SELECT * FROM companies LIMIT 10
Exec SQL (Fri Nov 21 2014 08:57:15 GMT+0700 (SE Asia Standard Time)): SELECT COUNT(1) AS "count" FROM companies
Exec SQL (Fri Nov 21 2014 08:57:26 GMT+0700 (SE Asia Standard Time)): SELECT * FROM companies LIMIT 20
Exec SQL (Fri Nov 21 2014 08:57:26 GMT+0700 (SE Asia Standard Time)): SELECT COUNT(1) AS "count" FROM companies
Exec SQL (Fri Nov 21 2014 08:57:28 GMT+0700 (SE Asia Standard Time)): SELECT * FROM companies LIMIT 50
Exec SQL (Fri Nov 21 2014 08:57:28 GMT+0700 (SE Asia Standard Time)): SELECT COUNT(1) AS "count" FROM companies
Exec SQL (Fri Nov 21 2014 08:57:33 GMT+0700 (SE Asia Standard Time)): SELECT * FROM companies LIMIT 5
Exec SQL (Fri Nov 21 2014 08:57:33 GMT+0700 (SE Asia Standard Time)): SELECT COUNT(1) AS "count" FROM companies
<<<<<<< HEAD
Exec SQL (Fri Nov 21 2014 11:19:30 GMT+0700 (SE Asia Standard Time)): SELECT * FROM doctors WHERE (user_id = 29)
Exec SQL (Fri Nov 21 2014 11:19:38 GMT+0700 (SE Asia Standard Time)): SELECT * FROM doctors WHERE (user_id = 29)
Exec SQL (Fri Nov 21 2014 11:19:38 GMT+0700 (SE Asia Standard Time)): SELECT p.Patient_id, p.Title, p.First_name, p.Sur_name, p.Middle_name, p.Post_code, p.Address1 FROM cln_patients p  INNER JOIN cln_appointment_calendar cac ON cac.Patient_id=p.Patient_id AND DOCTOR_ID=11  ORDER BY p.Creation_date DESC  LIMIT 10 OFFSET 0
Exec SQL (Fri Nov 21 2014 11:19:38 GMT+0700 (SE Asia Standard Time)): SELECT COUNT(p.Patient_id) AS count  FROM cln_patients p  INNER JOIN cln_appointment_calendar cac ON cac.Patient_id=p.Patient_id AND DOCTOR_ID=11 
Exec SQL (Fri Nov 21 2014 11:19:44 GMT+0700 (SE Asia Standard Time)): SELECT CAL_ID, Site_name, APP_TYPE, FROM_TIME, TO_TIME, NOTES FROM redimedsites INNER JOIN (SELECT CAL_ID, SITE_ID, APP_TYPE, DATE_FORMAT(FROM_TIME,'%d/%m/%Y %h:%i') AS "FROM_TIME", DATE_FORMAT(TO_TIME,'%d/%m/%Y %h:%i') AS "TO_TIME", NOTES FROM cln_appointment_calendar WHERE (patient_id = '211') AND (doctor_id = '11')) `appt` ON (redimedsites.id = appt.SITE_ID)
Exec SQL (Fri Nov 21 2014 11:19:44 GMT+0700 (SE Asia Standard Time)): SELECT * FROM cln_patients WHERE (Patient_id = '211')
Exec SQL (Fri Nov 21 2014 11:19:47 GMT+0700 (SE Asia Standard Time)): SELECT * FROM cln_patients WHERE (Patient_id = '211')
Exec SQL (Fri Nov 21 2014 11:19:47 GMT+0700 (SE Asia Standard Time)): SELECT DATE_FORMAT(FROM_TIME,'%d/%m/%Y %h:%i') AS "FROM_TIME", DATE_FORMAT(TO_TIME,'%d/%m/%Y %h:%i') AS "TO_TIME", (SELECT CLINICAL_DEPT_NAME FROM cln_clinical_depts WHERE (CLINICAL_DEPT_ID = appt.CLINICAL_DEPT_ID)) AS "CLINICAL_DEPT_NAME", (SELECT Site_name FROM redimedsites WHERE (id = appt.SITE_ID)) AS "SITE_NAME", CAL_ID, PHONE, APP_TYPE, STATUS, ACC_TYPE, NOTES FROM cln_appointment_calendar `appt` WHERE (CAL_ID = '22901')
Exec SQL (Fri Nov 21 2014 11:19:47 GMT+0700 (SE Asia Standard Time)): SELECT inv_items.ITEM_ID AS "ITEM_ID", inv_items.isenable AS "ISENABLE", ITEM_NAME, AMA_CODE, AMA_DESC, ITEM_CODE, item_headers.POPULAR_HEADER_ID, POPULAR_NAME FROM cln_popular_item_headers `item_headers` INNER JOIN (SELECT POPULAR_HEADER_ID FROM cln_dept_item_lists WHERE (CLINICAL_DEPT_ID = '1')) `dept_item` ON (item_headers.POPULAR_HEADER_ID = dept_item.POPULAR_HEADER_ID) INNER JOIN cln_popular_item_lines ON (cln_popular_item_lines.POPULAR_HEADER_ID = item_headers.POPULAR_HEADER_ID) INNER JOIN (SELECT ITEM_ID, ITEM_CODE, ITEM_NAME, AMA_CODE, AMA_DESC, isenable FROM inv_items WHERE (isenable = 1)) `inv_items` ON (cln_popular_item_lines.ITEM_ID = inv_items.ITEM_ID) WHERE (item_headers.isenable = 1)
Exec SQL (Fri Nov 21 2014 11:19:47 GMT+0700 (SE Asia Standard Time)): SELECT appt_item_id, ITEM_ID, ITEM_NAME, ITEM_CODE, QUANTITY FROM inv_items INNER JOIN cln_appt_items `appt_items` ON (appt_items.CLN_ITEM_ID = inv_items.ITEM_ID) WHERE (cal_id = 22901)
Exec SQL (Fri Nov 21 2014 11:23:28 GMT+0700 (SE Asia Standard Time)): SELECT * FROM cln_patients WHERE (Patient_id = '211')
Exec SQL (Fri Nov 21 2014 11:23:28 GMT+0700 (SE Asia Standard Time)): SELECT DATE_FORMAT(FROM_TIME,'%d/%m/%Y %h:%i') AS "FROM_TIME", DATE_FORMAT(TO_TIME,'%d/%m/%Y %h:%i') AS "TO_TIME", (SELECT CLINICAL_DEPT_NAME FROM cln_clinical_depts WHERE (CLINICAL_DEPT_ID = appt.CLINICAL_DEPT_ID)) AS "CLINICAL_DEPT_NAME", (SELECT Site_name FROM redimedsites WHERE (id = appt.SITE_ID)) AS "SITE_NAME", CAL_ID, PHONE, APP_TYPE, STATUS, ACC_TYPE, NOTES FROM cln_appointment_calendar `appt` WHERE (CAL_ID = '22901')
Exec SQL (Fri Nov 21 2014 11:23:28 GMT+0700 (SE Asia Standard Time)): SELECT inv_items.ITEM_ID AS "ITEM_ID", inv_items.isenable AS "ISENABLE", ITEM_NAME, AMA_CODE, AMA_DESC, ITEM_CODE, item_headers.POPULAR_HEADER_ID, POPULAR_NAME FROM cln_popular_item_headers `item_headers` INNER JOIN (SELECT POPULAR_HEADER_ID FROM cln_dept_item_lists WHERE (CLINICAL_DEPT_ID = '1')) `dept_item` ON (item_headers.POPULAR_HEADER_ID = dept_item.POPULAR_HEADER_ID) INNER JOIN cln_popular_item_lines ON (cln_popular_item_lines.POPULAR_HEADER_ID = item_headers.POPULAR_HEADER_ID) INNER JOIN (SELECT ITEM_ID, ITEM_CODE, ITEM_NAME, AMA_CODE, AMA_DESC, isenable FROM inv_items WHERE (isenable = 1)) `inv_items` ON (cln_popular_item_lines.ITEM_ID = inv_items.ITEM_ID) WHERE (item_headers.isenable = 1)
Exec SQL (Fri Nov 21 2014 11:23:28 GMT+0700 (SE Asia Standard Time)): SELECT appt_item_id, ITEM_ID, ITEM_NAME, ITEM_CODE, QUANTITY FROM inv_items INNER JOIN cln_appt_items `appt_items` ON (appt_items.CLN_ITEM_ID = inv_items.ITEM_ID) WHERE (cal_id = 22901)
Exec SQL (Fri Nov 21 2014 11:28:48 GMT+0700 (SE Asia Standard Time)): SELECT * FROM cln_patients WHERE (Patient_id = '211')
Exec SQL (Fri Nov 21 2014 11:28:48 GMT+0700 (SE Asia Standard Time)): SELECT DATE_FORMAT(FROM_TIME,'%d/%m/%Y %h:%i') AS "FROM_TIME", DATE_FORMAT(TO_TIME,'%d/%m/%Y %h:%i') AS "TO_TIME", (SELECT CLINICAL_DEPT_NAME FROM cln_clinical_depts WHERE (CLINICAL_DEPT_ID = appt.CLINICAL_DEPT_ID)) AS "CLINICAL_DEPT_NAME", (SELECT Site_name FROM redimedsites WHERE (id = appt.SITE_ID)) AS "SITE_NAME", CAL_ID, PHONE, APP_TYPE, STATUS, ACC_TYPE, NOTES FROM cln_appointment_calendar `appt` WHERE (CAL_ID = '22901')
Exec SQL (Fri Nov 21 2014 11:28:48 GMT+0700 (SE Asia Standard Time)): SELECT inv_items.ITEM_ID AS "ITEM_ID", inv_items.isenable AS "ISENABLE", ITEM_NAME, AMA_CODE, AMA_DESC, ITEM_CODE, item_headers.POPULAR_HEADER_ID, POPULAR_NAME FROM cln_popular_item_headers `item_headers` INNER JOIN (SELECT POPULAR_HEADER_ID FROM cln_dept_item_lists WHERE (CLINICAL_DEPT_ID = '1')) `dept_item` ON (item_headers.POPULAR_HEADER_ID = dept_item.POPULAR_HEADER_ID) INNER JOIN cln_popular_item_lines ON (cln_popular_item_lines.POPULAR_HEADER_ID = item_headers.POPULAR_HEADER_ID) INNER JOIN (SELECT ITEM_ID, ITEM_CODE, ITEM_NAME, AMA_CODE, AMA_DESC, isenable FROM inv_items WHERE (isenable = 1)) `inv_items` ON (cln_popular_item_lines.ITEM_ID = inv_items.ITEM_ID) WHERE (item_headers.isenable = 1)
Exec SQL (Fri Nov 21 2014 11:28:49 GMT+0700 (SE Asia Standard Time)): SELECT appt_item_id, ITEM_ID, ITEM_NAME, ITEM_CODE, QUANTITY FROM inv_items INNER JOIN cln_appt_items `appt_items` ON (appt_items.CLN_ITEM_ID = inv_items.ITEM_ID) WHERE (cal_id = 22901)
Exec SQL (Fri Nov 21 2014 13:47:59 GMT+0700 (SE Asia Standard Time)): SELECT * FROM cln_patients WHERE (Patient_id = '211')
Exec SQL (Fri Nov 21 2014 13:47:59 GMT+0700 (SE Asia Standard Time)): SELECT DATE_FORMAT(FROM_TIME,'%d/%m/%Y %h:%i') AS "FROM_TIME", DATE_FORMAT(TO_TIME,'%d/%m/%Y %h:%i') AS "TO_TIME", (SELECT CLINICAL_DEPT_NAME FROM cln_clinical_depts WHERE (CLINICAL_DEPT_ID = appt.CLINICAL_DEPT_ID)) AS "CLINICAL_DEPT_NAME", (SELECT Site_name FROM redimedsites WHERE (id = appt.SITE_ID)) AS "SITE_NAME", CAL_ID, PHONE, APP_TYPE, STATUS, ACC_TYPE, NOTES FROM cln_appointment_calendar `appt` WHERE (CAL_ID = '22901')
Exec SQL (Fri Nov 21 2014 13:47:59 GMT+0700 (SE Asia Standard Time)): SELECT inv_items.ITEM_ID AS "ITEM_ID", inv_items.isenable AS "ISENABLE", ITEM_NAME, AMA_CODE, AMA_DESC, ITEM_CODE, item_headers.POPULAR_HEADER_ID, POPULAR_NAME FROM cln_popular_item_headers `item_headers` INNER JOIN (SELECT POPULAR_HEADER_ID FROM cln_dept_item_lists WHERE (CLINICAL_DEPT_ID = '1')) `dept_item` ON (item_headers.POPULAR_HEADER_ID = dept_item.POPULAR_HEADER_ID) INNER JOIN cln_popular_item_lines ON (cln_popular_item_lines.POPULAR_HEADER_ID = item_headers.POPULAR_HEADER_ID) INNER JOIN (SELECT ITEM_ID, ITEM_CODE, ITEM_NAME, AMA_CODE, AMA_DESC, isenable FROM inv_items WHERE (isenable = 1)) `inv_items` ON (cln_popular_item_lines.ITEM_ID = inv_items.ITEM_ID) WHERE (item_headers.isenable = 1)
Exec SQL (Fri Nov 21 2014 13:47:59 GMT+0700 (SE Asia Standard Time)): SELECT appt_item_id, ITEM_ID, ITEM_NAME, ITEM_CODE, QUANTITY FROM inv_items INNER JOIN cln_appt_items `appt_items` ON (appt_items.CLN_ITEM_ID = inv_items.ITEM_ID) WHERE (cal_id = 22901)
Exec SQL (Fri Nov 21 2014 14:49:49 GMT+0700 (SE Asia Standard Time)): SELECT * FROM doctors WHERE (user_id = 29)
Exec SQL (Fri Nov 21 2014 14:50:09 GMT+0700 (SE Asia Standard Time)): SELECT * FROM doctors WHERE (user_id = 29)
Exec SQL (Fri Nov 21 2014 14:50:09 GMT+0700 (SE Asia Standard Time)): SELECT p.Patient_id, p.Title, p.First_name, p.Sur_name, p.Middle_name, p.Post_code, p.Address1 FROM cln_patients p  INNER JOIN cln_appointment_calendar cac ON cac.Patient_id=p.Patient_id AND DOCTOR_ID=11  ORDER BY p.Creation_date DESC  LIMIT 10 OFFSET 0
Exec SQL (Fri Nov 21 2014 14:50:09 GMT+0700 (SE Asia Standard Time)): SELECT COUNT(p.Patient_id) AS count  FROM cln_patients p  INNER JOIN cln_appointment_calendar cac ON cac.Patient_id=p.Patient_id AND DOCTOR_ID=11 
Exec SQL (Fri Nov 21 2014 14:50:15 GMT+0700 (SE Asia Standard Time)): SELECT CAL_ID, Site_name, APP_TYPE, FROM_TIME, TO_TIME, NOTES FROM redimedsites INNER JOIN (SELECT CAL_ID, SITE_ID, APP_TYPE, DATE_FORMAT(FROM_TIME,'%d/%m/%Y %h:%i') AS "FROM_TIME", DATE_FORMAT(TO_TIME,'%d/%m/%Y %h:%i') AS "TO_TIME", NOTES FROM cln_appointment_calendar WHERE (patient_id = '211') AND (doctor_id = '11')) `appt` ON (redimedsites.id = appt.SITE_ID)
Exec SQL (Fri Nov 21 2014 14:50:15 GMT+0700 (SE Asia Standard Time)): SELECT * FROM cln_patients WHERE (Patient_id = '211')
Exec SQL (Fri Nov 21 2014 14:50:19 GMT+0700 (SE Asia Standard Time)): SELECT * FROM cln_patients WHERE (Patient_id = '211')
Exec SQL (Fri Nov 21 2014 14:50:19 GMT+0700 (SE Asia Standard Time)): SELECT DATE_FORMAT(FROM_TIME,'%d/%m/%Y %h:%i') AS "FROM_TIME", DATE_FORMAT(TO_TIME,'%d/%m/%Y %h:%i') AS "TO_TIME", (SELECT CLINICAL_DEPT_NAME FROM cln_clinical_depts WHERE (CLINICAL_DEPT_ID = appt.CLINICAL_DEPT_ID)) AS "CLINICAL_DEPT_NAME", (SELECT Site_name FROM redimedsites WHERE (id = appt.SITE_ID)) AS "SITE_NAME", CAL_ID, PHONE, APP_TYPE, STATUS, ACC_TYPE, NOTES FROM cln_appointment_calendar `appt` WHERE (CAL_ID = '22901')
Exec SQL (Fri Nov 21 2014 14:50:19 GMT+0700 (SE Asia Standard Time)): SELECT inv_items.ITEM_ID AS "ITEM_ID", inv_items.isenable AS "ISENABLE", ITEM_NAME, AMA_CODE, AMA_DESC, ITEM_CODE, item_headers.POPULAR_HEADER_ID, POPULAR_NAME FROM cln_popular_item_headers `item_headers` INNER JOIN (SELECT POPULAR_HEADER_ID FROM cln_dept_item_lists WHERE (CLINICAL_DEPT_ID = '1')) `dept_item` ON (item_headers.POPULAR_HEADER_ID = dept_item.POPULAR_HEADER_ID) INNER JOIN cln_popular_item_lines ON (cln_popular_item_lines.POPULAR_HEADER_ID = item_headers.POPULAR_HEADER_ID) INNER JOIN (SELECT ITEM_ID, ITEM_CODE, ITEM_NAME, AMA_CODE, AMA_DESC, isenable FROM inv_items WHERE (isenable = 1)) `inv_items` ON (cln_popular_item_lines.ITEM_ID = inv_items.ITEM_ID) WHERE (item_headers.isenable = 1)
Exec SQL (Fri Nov 21 2014 14:50:20 GMT+0700 (SE Asia Standard Time)): SELECT appt_item_id, ITEM_ID, ITEM_NAME, ITEM_CODE, QUANTITY FROM inv_items INNER JOIN cln_appt_items `appt_items` ON (appt_items.CLN_ITEM_ID = inv_items.ITEM_ID) WHERE (cal_id = 22901)
Exec SQL (Fri Nov 21 2014 14:52:08 GMT+0700 (SE Asia Standard Time)): SELECT * FROM doctors WHERE (user_id = 29)
Exec SQL (Fri Nov 21 2014 14:52:09 GMT+0700 (SE Asia Standard Time)): SELECT * FROM cln_patients WHERE (Patient_id = '211')
Exec SQL (Fri Nov 21 2014 14:54:10 GMT+0700 (SE Asia Standard Time)): SELECT * FROM cln_patients WHERE (Patient_id = '211')
Exec SQL (Fri Nov 21 2014 14:57:02 GMT+0700 (SE Asia Standard Time)): SELECT * FROM cln_patients WHERE (Patient_id = '211')
Exec SQL (Fri Nov 21 2014 15:16:55 GMT+0700 (SE Asia Standard Time)): SELECT * FROM cln_patients WHERE (Patient_id = '211')
Exec SQL (Fri Nov 21 2014 15:16:55 GMT+0700 (SE Asia Standard Time)): SELECT DATE_FORMAT(FROM_TIME,'%d/%m/%Y %h:%i') AS "FROM_TIME", DATE_FORMAT(TO_TIME,'%d/%m/%Y %h:%i') AS "TO_TIME", (SELECT CLINICAL_DEPT_NAME FROM cln_clinical_depts WHERE (CLINICAL_DEPT_ID = appt.CLINICAL_DEPT_ID)) AS "CLINICAL_DEPT_NAME", (SELECT Site_name FROM redimedsites WHERE (id = appt.SITE_ID)) AS "SITE_NAME", CAL_ID, PHONE, APP_TYPE, STATUS, ACC_TYPE, NOTES FROM cln_appointment_calendar `appt` WHERE (CAL_ID = '22901')
Exec SQL (Fri Nov 21 2014 15:16:55 GMT+0700 (SE Asia Standard Time)): SELECT inv_items.ITEM_ID AS "ITEM_ID", inv_items.isenable AS "ISENABLE", ITEM_NAME, AMA_CODE, AMA_DESC, ITEM_CODE, item_headers.POPULAR_HEADER_ID, POPULAR_NAME FROM cln_popular_item_headers `item_headers` INNER JOIN (SELECT POPULAR_HEADER_ID FROM cln_dept_item_lists WHERE (CLINICAL_DEPT_ID = '1')) `dept_item` ON (item_headers.POPULAR_HEADER_ID = dept_item.POPULAR_HEADER_ID) INNER JOIN cln_popular_item_lines ON (cln_popular_item_lines.POPULAR_HEADER_ID = item_headers.POPULAR_HEADER_ID) INNER JOIN (SELECT ITEM_ID, ITEM_CODE, ITEM_NAME, AMA_CODE, AMA_DESC, isenable FROM inv_items WHERE (isenable = 1)) `inv_items` ON (cln_popular_item_lines.ITEM_ID = inv_items.ITEM_ID) WHERE (item_headers.isenable = 1)
Exec SQL (Fri Nov 21 2014 15:16:56 GMT+0700 (SE Asia Standard Time)): SELECT appt_item_id, ITEM_ID, ITEM_NAME, ITEM_CODE, QUANTITY FROM inv_items INNER JOIN cln_appt_items `appt_items` ON (appt_items.CLN_ITEM_ID = inv_items.ITEM_ID) WHERE (cal_id = 22901)
Exec SQL (Fri Nov 21 2014 15:56:50 GMT+0700 (SE Asia Standard Time)): SELECT * FROM doctors WHERE (user_id = 29)
Exec SQL (Fri Nov 21 2014 15:57:06 GMT+0700 (SE Asia Standard Time)): SELECT * FROM doctors WHERE (user_id = 29)
Exec SQL (Fri Nov 21 2014 15:57:06 GMT+0700 (SE Asia Standard Time)): SELECT p.Patient_id, p.Title, p.First_name, p.Sur_name, p.Middle_name, p.Post_code, p.Address1 FROM cln_patients p  INNER JOIN cln_appointment_calendar cac ON cac.Patient_id=p.Patient_id AND DOCTOR_ID=11  ORDER BY p.Creation_date DESC  LIMIT 10 OFFSET 0
Exec SQL (Fri Nov 21 2014 15:57:06 GMT+0700 (SE Asia Standard Time)): SELECT COUNT(p.Patient_id) AS count  FROM cln_patients p  INNER JOIN cln_appointment_calendar cac ON cac.Patient_id=p.Patient_id AND DOCTOR_ID=11 
Exec SQL (Fri Nov 21 2014 15:57:08 GMT+0700 (SE Asia Standard Time)): SELECT CAL_ID, Site_name, APP_TYPE, FROM_TIME, TO_TIME, NOTES FROM redimedsites INNER JOIN (SELECT CAL_ID, SITE_ID, APP_TYPE, DATE_FORMAT(FROM_TIME,'%d/%m/%Y %h:%i') AS "FROM_TIME", DATE_FORMAT(TO_TIME,'%d/%m/%Y %h:%i') AS "TO_TIME", NOTES FROM cln_appointment_calendar WHERE (patient_id = '211') AND (doctor_id = '11')) `appt` ON (redimedsites.id = appt.SITE_ID)
Exec SQL (Fri Nov 21 2014 15:57:08 GMT+0700 (SE Asia Standard Time)): SELECT * FROM cln_patients WHERE (Patient_id = '211')
Exec SQL (Fri Nov 21 2014 15:57:12 GMT+0700 (SE Asia Standard Time)): SELECT * FROM cln_patients WHERE (Patient_id = '211')
Exec SQL (Fri Nov 21 2014 15:57:12 GMT+0700 (SE Asia Standard Time)): SELECT DATE_FORMAT(FROM_TIME,'%d/%m/%Y %h:%i') AS "FROM_TIME", DATE_FORMAT(TO_TIME,'%d/%m/%Y %h:%i') AS "TO_TIME", (SELECT CLINICAL_DEPT_NAME FROM cln_clinical_depts WHERE (CLINICAL_DEPT_ID = appt.CLINICAL_DEPT_ID)) AS "CLINICAL_DEPT_NAME", (SELECT Site_name FROM redimedsites WHERE (id = appt.SITE_ID)) AS "SITE_NAME", CAL_ID, PHONE, APP_TYPE, STATUS, ACC_TYPE, NOTES FROM cln_appointment_calendar `appt` WHERE (CAL_ID = '22901')
Exec SQL (Fri Nov 21 2014 15:57:12 GMT+0700 (SE Asia Standard Time)): SELECT inv_items.ITEM_ID AS "ITEM_ID", inv_items.isenable AS "ISENABLE", ITEM_NAME, AMA_CODE, AMA_DESC, ITEM_CODE, item_headers.POPULAR_HEADER_ID, POPULAR_NAME FROM cln_popular_item_headers `item_headers` INNER JOIN (SELECT POPULAR_HEADER_ID FROM cln_dept_item_lists WHERE (CLINICAL_DEPT_ID = '1')) `dept_item` ON (item_headers.POPULAR_HEADER_ID = dept_item.POPULAR_HEADER_ID) INNER JOIN cln_popular_item_lines ON (cln_popular_item_lines.POPULAR_HEADER_ID = item_headers.POPULAR_HEADER_ID) INNER JOIN (SELECT ITEM_ID, ITEM_CODE, ITEM_NAME, AMA_CODE, AMA_DESC, isenable FROM inv_items WHERE (isenable = 1)) `inv_items` ON (cln_popular_item_lines.ITEM_ID = inv_items.ITEM_ID) WHERE (item_headers.isenable = 1)
Exec SQL (Fri Nov 21 2014 15:57:12 GMT+0700 (SE Asia Standard Time)): SELECT appt_item_id, ITEM_ID, ITEM_NAME, ITEM_CODE, QUANTITY FROM inv_items INNER JOIN cln_appt_items `appt_items` ON (appt_items.CLN_ITEM_ID = inv_items.ITEM_ID) WHERE (cal_id = 22901)
Exec SQL (Fri Nov 21 2014 16:19:15 GMT+0700 (SE Asia Standard Time)): SELECT * FROM cln_patients WHERE (Patient_id = '211')
Exec SQL (Fri Nov 21 2014 16:19:15 GMT+0700 (SE Asia Standard Time)): SELECT DATE_FORMAT(FROM_TIME,'%d/%m/%Y %h:%i') AS "FROM_TIME", DATE_FORMAT(TO_TIME,'%d/%m/%Y %h:%i') AS "TO_TIME", (SELECT CLINICAL_DEPT_NAME FROM cln_clinical_depts WHERE (CLINICAL_DEPT_ID = appt.CLINICAL_DEPT_ID)) AS "CLINICAL_DEPT_NAME", (SELECT Site_name FROM redimedsites WHERE (id = appt.SITE_ID)) AS "SITE_NAME", CAL_ID, PHONE, APP_TYPE, STATUS, ACC_TYPE, NOTES FROM cln_appointment_calendar `appt` WHERE (CAL_ID = '22901')
Exec SQL (Fri Nov 21 2014 16:19:15 GMT+0700 (SE Asia Standard Time)): SELECT inv_items.ITEM_ID AS "ITEM_ID", inv_items.isenable AS "ISENABLE", ITEM_NAME, AMA_CODE, AMA_DESC, ITEM_CODE, item_headers.POPULAR_HEADER_ID, POPULAR_NAME FROM cln_popular_item_headers `item_headers` INNER JOIN (SELECT POPULAR_HEADER_ID FROM cln_dept_item_lists WHERE (CLINICAL_DEPT_ID = '1')) `dept_item` ON (item_headers.POPULAR_HEADER_ID = dept_item.POPULAR_HEADER_ID) INNER JOIN cln_popular_item_lines ON (cln_popular_item_lines.POPULAR_HEADER_ID = item_headers.POPULAR_HEADER_ID) INNER JOIN (SELECT ITEM_ID, ITEM_CODE, ITEM_NAME, AMA_CODE, AMA_DESC, isenable FROM inv_items WHERE (isenable = 1)) `inv_items` ON (cln_popular_item_lines.ITEM_ID = inv_items.ITEM_ID) WHERE (item_headers.isenable = 1)
Exec SQL (Fri Nov 21 2014 16:19:15 GMT+0700 (SE Asia Standard Time)): SELECT appt_item_id, ITEM_ID, ITEM_NAME, ITEM_CODE, QUANTITY FROM inv_items INNER JOIN cln_appt_items `appt_items` ON (appt_items.CLN_ITEM_ID = inv_items.ITEM_ID) WHERE (cal_id = 22901)
Exec SQL (Fri Nov 21 2014 17:00:33 GMT+0700 (SE Asia Standard Time)): SELECT * FROM doctors WHERE (user_id = 29)
=======
Exec SQL (Fri Nov 21 2014 10:33:11 GMT+0700 (SE Asia Standard Time)): SELECT * FROM doctors WHERE (user_id = 10)
Exec SQL (Fri Nov 21 2014 10:52:43 GMT+0700 (SE Asia Standard Time)): SELECT * FROM doctors WHERE (user_id = 10)
Exec SQL (Fri Nov 21 2014 10:52:44 GMT+0700 (SE Asia Standard Time)): SELECT p.Patient_id, p.Title, p.First_name, p.Sur_name, p.Middle_name, p.Post_code, p.Address1 FROM cln_patients p  INNER JOIN cln_appointment_calendar cac ON cac.Patient_id=p.Patient_id AND DOCTOR_ID=1  ORDER BY p.Creation_date DESC  LIMIT 10 OFFSET 0
Exec SQL (Fri Nov 21 2014 10:52:44 GMT+0700 (SE Asia Standard Time)): SELECT COUNT(p.Patient_id) AS count  FROM cln_patients p  INNER JOIN cln_appointment_calendar cac ON cac.Patient_id=p.Patient_id AND DOCTOR_ID=1 
Exec SQL (Fri Nov 21 2014 10:52:57 GMT+0700 (SE Asia Standard Time)): SELECT * FROM doctors WHERE (user_id = 10)
Exec SQL (Fri Nov 21 2014 10:52:57 GMT+0700 (SE Asia Standard Time)): SELECT p.Patient_id, p.Title, p.First_name, p.Sur_name, p.Middle_name, p.Post_code, p.Address1 FROM cln_patients p  INNER JOIN cln_appointment_calendar cac ON cac.Patient_id=p.Patient_id AND DOCTOR_ID=1  ORDER BY p.Creation_date DESC  LIMIT 10 OFFSET 0
Exec SQL (Fri Nov 21 2014 10:52:57 GMT+0700 (SE Asia Standard Time)): SELECT COUNT(p.Patient_id) AS count  FROM cln_patients p  INNER JOIN cln_appointment_calendar cac ON cac.Patient_id=p.Patient_id AND DOCTOR_ID=1 
Exec SQL (Fri Nov 21 2014 10:52:57 GMT+0700 (SE Asia Standard Time)): SELECT * FROM doctors WHERE (user_id = 10)
Exec SQL (Fri Nov 21 2014 10:52:57 GMT+0700 (SE Asia Standard Time)): SELECT p.Patient_id, p.Title, p.First_name, p.Sur_name, p.Middle_name, p.Post_code, p.Address1 FROM cln_patients p  INNER JOIN cln_appointment_calendar cac ON cac.Patient_id=p.Patient_id AND DOCTOR_ID=1  ORDER BY p.Creation_date DESC  LIMIT 10 OFFSET 0
Exec SQL (Fri Nov 21 2014 10:52:57 GMT+0700 (SE Asia Standard Time)): SELECT COUNT(p.Patient_id) AS count  FROM cln_patients p  INNER JOIN cln_appointment_calendar cac ON cac.Patient_id=p.Patient_id AND DOCTOR_ID=1 
Exec SQL (Fri Nov 21 2014 10:53:01 GMT+0700 (SE Asia Standard Time)): SELECT * FROM doctors WHERE (user_id = 10)
Exec SQL (Fri Nov 21 2014 10:53:01 GMT+0700 (SE Asia Standard Time)): SELECT p.Patient_id, p.Title, p.First_name, p.Sur_name, p.Middle_name, p.Post_code, p.Address1 FROM cln_patients p  INNER JOIN cln_appointment_calendar cac ON cac.Patient_id=p.Patient_id AND DOCTOR_ID=1  ORDER BY p.Creation_date DESC  LIMIT 10 OFFSET 0
Exec SQL (Fri Nov 21 2014 10:53:01 GMT+0700 (SE Asia Standard Time)): SELECT COUNT(p.Patient_id) AS count  FROM cln_patients p  INNER JOIN cln_appointment_calendar cac ON cac.Patient_id=p.Patient_id AND DOCTOR_ID=1 
Exec SQL (Fri Nov 21 2014 10:53:02 GMT+0700 (SE Asia Standard Time)): SELECT * FROM doctors WHERE (user_id = 10)
Exec SQL (Fri Nov 21 2014 10:53:02 GMT+0700 (SE Asia Standard Time)): SELECT p.Patient_id, p.Title, p.First_name, p.Sur_name, p.Middle_name, p.Post_code, p.Address1 FROM cln_patients p  INNER JOIN cln_appointment_calendar cac ON cac.Patient_id=p.Patient_id AND DOCTOR_ID=1  ORDER BY p.Creation_date DESC  LIMIT 10 OFFSET 0
Exec SQL (Fri Nov 21 2014 10:53:02 GMT+0700 (SE Asia Standard Time)): SELECT COUNT(p.Patient_id) AS count  FROM cln_patients p  INNER JOIN cln_appointment_calendar cac ON cac.Patient_id=p.Patient_id AND DOCTOR_ID=1 
Exec SQL (Fri Nov 21 2014 10:53:05 GMT+0700 (SE Asia Standard Time)): SELECT * FROM doctors WHERE (user_id = 10)
Exec SQL (Fri Nov 21 2014 10:53:05 GMT+0700 (SE Asia Standard Time)): SELECT p.Patient_id, p.Title, p.First_name, p.Sur_name, p.Middle_name, p.Post_code, p.Address1 FROM cln_patients p  INNER JOIN cln_appointment_calendar cac ON cac.Patient_id=p.Patient_id AND DOCTOR_ID=1  ORDER BY p.Creation_date DESC  LIMIT 10 OFFSET 0
Exec SQL (Fri Nov 21 2014 10:53:05 GMT+0700 (SE Asia Standard Time)): SELECT COUNT(p.Patient_id) AS count  FROM cln_patients p  INNER JOIN cln_appointment_calendar cac ON cac.Patient_id=p.Patient_id AND DOCTOR_ID=1 
Exec SQL (Fri Nov 21 2014 10:53:05 GMT+0700 (SE Asia Standard Time)): SELECT * FROM doctors WHERE (user_id = 10)
Exec SQL (Fri Nov 21 2014 10:53:05 GMT+0700 (SE Asia Standard Time)): SELECT p.Patient_id, p.Title, p.First_name, p.Sur_name, p.Middle_name, p.Post_code, p.Address1 FROM cln_patients p  INNER JOIN cln_appointment_calendar cac ON cac.Patient_id=p.Patient_id AND DOCTOR_ID=1  ORDER BY p.Creation_date DESC  LIMIT 10 OFFSET 0
Exec SQL (Fri Nov 21 2014 10:53:05 GMT+0700 (SE Asia Standard Time)): SELECT COUNT(p.Patient_id) AS count  FROM cln_patients p  INNER JOIN cln_appointment_calendar cac ON cac.Patient_id=p.Patient_id AND DOCTOR_ID=1 
Exec SQL (Fri Nov 21 2014 10:53:06 GMT+0700 (SE Asia Standard Time)): SELECT * FROM doctors WHERE (user_id = 10)
Exec SQL (Fri Nov 21 2014 10:53:06 GMT+0700 (SE Asia Standard Time)): SELECT p.Patient_id, p.Title, p.First_name, p.Sur_name, p.Middle_name, p.Post_code, p.Address1 FROM cln_patients p  INNER JOIN cln_appointment_calendar cac ON cac.Patient_id=p.Patient_id AND DOCTOR_ID=1  ORDER BY p.Creation_date DESC  LIMIT 10 OFFSET 0
Exec SQL (Fri Nov 21 2014 10:53:06 GMT+0700 (SE Asia Standard Time)): SELECT COUNT(p.Patient_id) AS count  FROM cln_patients p  INNER JOIN cln_appointment_calendar cac ON cac.Patient_id=p.Patient_id AND DOCTOR_ID=1 
Exec SQL (Fri Nov 21 2014 10:53:06 GMT+0700 (SE Asia Standard Time)): SELECT * FROM doctors WHERE (user_id = 10)
Exec SQL (Fri Nov 21 2014 10:53:06 GMT+0700 (SE Asia Standard Time)): SELECT p.Patient_id, p.Title, p.First_name, p.Sur_name, p.Middle_name, p.Post_code, p.Address1 FROM cln_patients p  INNER JOIN cln_appointment_calendar cac ON cac.Patient_id=p.Patient_id AND DOCTOR_ID=1  ORDER BY p.Creation_date DESC  LIMIT 10 OFFSET 0
Exec SQL (Fri Nov 21 2014 10:53:06 GMT+0700 (SE Asia Standard Time)): SELECT COUNT(p.Patient_id) AS count  FROM cln_patients p  INNER JOIN cln_appointment_calendar cac ON cac.Patient_id=p.Patient_id AND DOCTOR_ID=1 
Exec SQL (Fri Nov 21 2014 10:53:06 GMT+0700 (SE Asia Standard Time)): SELECT * FROM doctors WHERE (user_id = 10)
Exec SQL (Fri Nov 21 2014 10:53:06 GMT+0700 (SE Asia Standard Time)): SELECT p.Patient_id, p.Title, p.First_name, p.Sur_name, p.Middle_name, p.Post_code, p.Address1 FROM cln_patients p  INNER JOIN cln_appointment_calendar cac ON cac.Patient_id=p.Patient_id AND DOCTOR_ID=1  ORDER BY p.Creation_date DESC  LIMIT 10 OFFSET 0
Exec SQL (Fri Nov 21 2014 10:53:06 GMT+0700 (SE Asia Standard Time)): SELECT COUNT(p.Patient_id) AS count  FROM cln_patients p  INNER JOIN cln_appointment_calendar cac ON cac.Patient_id=p.Patient_id AND DOCTOR_ID=1 
Exec SQL (Fri Nov 21 2014 10:53:08 GMT+0700 (SE Asia Standard Time)): SELECT * FROM doctors WHERE (user_id = 10)
Exec SQL (Fri Nov 21 2014 10:53:08 GMT+0700 (SE Asia Standard Time)): SELECT p.Patient_id, p.Title, p.First_name, p.Sur_name, p.Middle_name, p.Post_code, p.Address1 FROM cln_patients p  INNER JOIN cln_appointment_calendar cac ON cac.Patient_id=p.Patient_id AND DOCTOR_ID=1  ORDER BY p.Creation_date DESC  LIMIT 500 OFFSET 0
Exec SQL (Fri Nov 21 2014 10:53:08 GMT+0700 (SE Asia Standard Time)): SELECT COUNT(p.Patient_id) AS count  FROM cln_patients p  INNER JOIN cln_appointment_calendar cac ON cac.Patient_id=p.Patient_id AND DOCTOR_ID=1 
Exec SQL (Fri Nov 21 2014 10:53:12 GMT+0700 (SE Asia Standard Time)): SELECT CAL_ID, Site_name, APP_TYPE, FROM_TIME, TO_TIME, NOTES FROM redimedsites INNER JOIN (SELECT CAL_ID, SITE_ID, APP_TYPE, DATE_FORMAT(FROM_TIME,'%d/%m/%Y %h:%i') AS "FROM_TIME", DATE_FORMAT(TO_TIME,'%d/%m/%Y %h:%i') AS "TO_TIME", NOTES FROM cln_appointment_calendar WHERE (patient_id = '287') AND (doctor_id = '1')) `appt` ON (redimedsites.id = appt.SITE_ID)
Exec SQL (Fri Nov 21 2014 10:53:12 GMT+0700 (SE Asia Standard Time)): SELECT * FROM cln_patients WHERE (Patient_id = '287')
Exec SQL (Fri Nov 21 2014 10:53:14 GMT+0700 (SE Asia Standard Time)): SELECT * FROM doctors WHERE (user_id = 10)
Exec SQL (Fri Nov 21 2014 10:53:15 GMT+0700 (SE Asia Standard Time)): SELECT p.Patient_id, p.Title, p.First_name, p.Sur_name, p.Middle_name, p.Post_code, p.Address1 FROM cln_patients p  INNER JOIN cln_appointment_calendar cac ON cac.Patient_id=p.Patient_id AND DOCTOR_ID=1  ORDER BY p.Creation_date DESC  LIMIT 10 OFFSET 0
Exec SQL (Fri Nov 21 2014 10:53:15 GMT+0700 (SE Asia Standard Time)): SELECT COUNT(p.Patient_id) AS count  FROM cln_patients p  INNER JOIN cln_appointment_calendar cac ON cac.Patient_id=p.Patient_id AND DOCTOR_ID=1 
Exec SQL (Fri Nov 21 2014 10:53:17 GMT+0700 (SE Asia Standard Time)): SELECT CAL_ID, Site_name, APP_TYPE, FROM_TIME, TO_TIME, NOTES FROM redimedsites INNER JOIN (SELECT CAL_ID, SITE_ID, APP_TYPE, DATE_FORMAT(FROM_TIME,'%d/%m/%Y %h:%i') AS "FROM_TIME", DATE_FORMAT(TO_TIME,'%d/%m/%Y %h:%i') AS "TO_TIME", NOTES FROM cln_appointment_calendar WHERE (patient_id = '355') AND (doctor_id = '1')) `appt` ON (redimedsites.id = appt.SITE_ID)
Exec SQL (Fri Nov 21 2014 10:53:17 GMT+0700 (SE Asia Standard Time)): SELECT * FROM cln_patients WHERE (Patient_id = '355')
Exec SQL (Fri Nov 21 2014 10:53:18 GMT+0700 (SE Asia Standard Time)): SELECT * FROM doctors WHERE (user_id = 10)
Exec SQL (Fri Nov 21 2014 10:53:19 GMT+0700 (SE Asia Standard Time)): SELECT p.Patient_id, p.Title, p.First_name, p.Sur_name, p.Middle_name, p.Post_code, p.Address1 FROM cln_patients p  INNER JOIN cln_appointment_calendar cac ON cac.Patient_id=p.Patient_id AND DOCTOR_ID=1  ORDER BY p.Creation_date DESC  LIMIT 10 OFFSET 0
Exec SQL (Fri Nov 21 2014 10:53:19 GMT+0700 (SE Asia Standard Time)): SELECT COUNT(p.Patient_id) AS count  FROM cln_patients p  INNER JOIN cln_appointment_calendar cac ON cac.Patient_id=p.Patient_id AND DOCTOR_ID=1 
>>>>>>> origin/master-v2.0
